04:15:55 [INFO] [full] loading pretrained from /nas/ckgfs/jaunts/jahin/HYDRA/hydra_pretrained
04:15:56 [INFO] [full] WMS 2020: 23 instances
/nas/ckgfs/users/jahin/HYDRA/hydra_data.py:178: RuntimeWarning: compute_clause_centrality: 1718 clause nodes — using scatter-based triangle count (no N×N allocation).
  self._clause_centrality_cache = compute_clause_centrality(
04:15:58 [INFO] Phase 1: Diffusion init (16 trajectories)...
04:16:25 [INFO]   Diffusion init best cost: 4319.0
04:16:25 [INFO] Phase 2: Evolutionary refinement (n=42, m=1718)...
/nas/ckgfs/jaunts/jahin/HYDRA/.venv_ckg08/lib/python3.12/site-packages/torch_geometric/utils/_scatter.py:91: UserWarning: The usage of `scatter(reduce='max')` can be accelerated via the 'torch-scatter' package, but it was not found
  warnings.warn(
04:16:57 [INFO] Final: cost=2274.0000, steps=51, pop_size=18, time=60.9s
04:16:57 [INFO]     MANN_a45.clq.wcnf                        cost=  2274.00 t= 60.9s
/nas/ckgfs/users/jahin/HYDRA/hydra_data.py:178: RuntimeWarning: compute_clause_centrality: 1836 clause nodes — using scatter-based triangle count (no N×N allocation).
  self._clause_centrality_cache = compute_clause_centrality(
04:16:58 [INFO] Phase 1: Diffusion init (16 trajectories)...
04:17:27 [INFO]   Diffusion init best cost: 670.0
04:17:27 [INFO] Phase 2: Evolutionary refinement (n=45, m=1836)...
04:17:57 [INFO] Final: cost=446.0000, steps=45, pop_size=19, time=60.2s
04:17:57 [INFO]     MANN_a9.clq.wcnf                         cost=   446.00 t= 60.3s
/nas/ckgfs/users/jahin/HYDRA/hydra_data.py:178: RuntimeWarning: compute_clause_centrality: 1038 clause nodes — using scatter-based triangle count (no N×N allocation).
  self._clause_centrality_cache = compute_clause_centrality(
04:17:58 [INFO] Phase 1: Diffusion init (16 trajectories)...
04:18:27 [INFO]   Diffusion init best cost: 2282.0
04:18:27 [INFO] Phase 2: Evolutionary refinement (n=40, m=1038)...
/nas/ckgfs/jaunts/jahin/HYDRA/.venv_ckg08/lib/python3.12/site-packages/torch/optim/lr_scheduler.py:216: UserWarning: Detected call of `lr_scheduler.step()` before `optimizer.step()`. In PyTorch 1.1.0 and later, you should call them in the opposite order: `optimizer.step()` before `lr_scheduler.step()`.  Failure to do this will result in PyTorch skipping the first value of the learning rate schedule. See more details at https://pytorch.org/docs/stable/optim.html#how-to-adjust-learning-rate
  warnings.warn(
04:18:58 [INFO] Final: cost=1347.0000, steps=49, pop_size=32, time=60.0s
04:18:58 [INFO]     brock200_3.clq.wcnf                      cost=  1347.00 t= 60.0s
/nas/ckgfs/users/jahin/HYDRA/hydra_data.py:178: RuntimeWarning: compute_clause_centrality: 1028 clause nodes — using scatter-based triangle count (no N×N allocation).
  self._clause_centrality_cache = compute_clause_centrality(
04:18:58 [INFO] Phase 1: Diffusion init (16 trajectories)...
04:19:23 [INFO]   Diffusion init best cost: 2330.0
04:19:23 [INFO] Phase 2: Evolutionary refinement (n=40, m=1028)...
04:19:58 [INFO] Final: cost=1340.0000, steps=66, pop_size=32, time=60.6s
04:19:58 [INFO]     brock200_4.clq.wcnf                      cost=  1340.00 t= 60.6s
/nas/ckgfs/users/jahin/HYDRA/hydra_data.py:178: RuntimeWarning: compute_clause_centrality: 1188 clause nodes — using scatter-based triangle count (no N×N allocation).
  self._clause_centrality_cache = compute_clause_centrality(
04:19:59 [INFO] Phase 1: Diffusion init (16 trajectories)...
04:20:24 [INFO]   Diffusion init best cost: 2916.0
04:20:24 [INFO] Phase 2: Evolutionary refinement (n=40, m=1188)...
04:20:59 [INFO] Final: cost=1656.0000, steps=67, pop_size=20, time=60.1s
04:20:59 [INFO]     brock400_2.clq.wcnf                      cost=  1656.00 t= 60.1s
/nas/ckgfs/users/jahin/HYDRA/hydra_data.py:178: RuntimeWarning: compute_clause_centrality: 1136 clause nodes — using scatter-based triangle count (no N×N allocation).
  self._clause_centrality_cache = compute_clause_centrality(
04:20:59 [INFO] Phase 1: Diffusion init (16 trajectories)...
04:21:24 [INFO]   Diffusion init best cost: 2748.0
04:21:24 [INFO] Phase 2: Evolutionary refinement (n=40, m=1136)...
04:21:59 [INFO] Final: cost=1550.0000, steps=68, pop_size=21, time=60.1s
04:21:59 [INFO]     brock400_3.clq.wcnf                      cost=  1550.00 t= 60.1s
/nas/ckgfs/users/jahin/HYDRA/hydra_data.py:178: RuntimeWarning: compute_clause_centrality: 1014 clause nodes — using scatter-based triangle count (no N×N allocation).
  self._clause_centrality_cache = compute_clause_centrality(
04:22:00 [INFO] Phase 1: Diffusion init (16 trajectories)...
04:22:25 [INFO]   Diffusion init best cost: 2412.0
04:22:25 [INFO] Phase 2: Evolutionary refinement (n=40, m=1014)...
04:22:59 [INFO] Final: cost=1320.0000, steps=61, pop_size=30, time=60.3s
04:22:59 [INFO]     brock800_3.clq.wcnf                      cost=  1320.00 t= 60.3s
/nas/ckgfs/users/jahin/HYDRA/hydra_data.py:178: RuntimeWarning: compute_clause_centrality: 1640 clause nodes — using scatter-based triangle count (no N×N allocation).
  self._clause_centrality_cache = compute_clause_centrality(
04:23:01 [INFO] Phase 1: Diffusion init (16 trajectories)...
04:23:27 [INFO]   Diffusion init best cost: 490.0
04:23:27 [INFO] Phase 2: Evolutionary refinement (n=41, m=1640)...
04:24:00 [INFO] Final: cost=400.0000, steps=51, pop_size=31, time=60.5s
04:24:00 [INFO]     hamming10-2.clq.wcnf                     cost=   400.00 t= 60.5s
/nas/ckgfs/users/jahin/HYDRA/hydra_data.py:178: RuntimeWarning: compute_clause_centrality: 3648 clause nodes — using scatter-based triangle count (no N×N allocation).
  self._clause_centrality_cache = compute_clause_centrality(
04:24:04 [INFO] Phase 1: Diffusion init (16 trajectories)...
04:25:13 [INFO]   Diffusion init best cost: 10088.0
04:25:13 [INFO] Phase 2: Evolutionary refinement (n=64, m=3648)...
04:25:13 [INFO] Final: cost=10088.0000, steps=0, pop_size=16, time=72.8s
04:25:13 [INFO]     hamming6-2.clq.wcnf                      cost= 10088.00 t= 72.8s
/nas/ckgfs/users/jahin/HYDRA/hydra_data.py:178: RuntimeWarning: compute_clause_centrality: 1806 clause nodes — using scatter-based triangle count (no N×N allocation).
  self._clause_centrality_cache = compute_clause_centrality(
04:25:14 [INFO] Phase 1: Diffusion init (16 trajectories)...
04:25:44 [INFO]   Diffusion init best cost: 597.0
04:25:44 [INFO] Phase 2: Evolutionary refinement (n=43, m=1806)...
04:26:14 [INFO] Final: cost=441.0000, steps=46, pop_size=29, time=61.4s
04:26:14 [INFO]     hamming8-2.clq.wcnf                      cost=   441.00 t= 61.4s
/nas/ckgfs/users/jahin/HYDRA/hydra_data.py:178: RuntimeWarning: compute_clause_centrality: 3710 clause nodes — using scatter-based triangle count (no N×N allocation).
  self._clause_centrality_cache = compute_clause_centrality(
04:26:18 [INFO] Phase 1: Diffusion init (16 trajectories)...
04:27:24 [INFO]   Diffusion init best cost: 9346.0
04:27:24 [INFO] Phase 2: Evolutionary refinement (n=70, m=3710)...
04:27:24 [INFO] Final: cost=9346.0000, steps=0, pop_size=16, time=69.6s
04:27:24 [INFO]     johnson8-4-4.clq.wcnf                    cost=  9346.00 t= 69.6s
/nas/ckgfs/users/jahin/HYDRA/hydra_data.py:178: RuntimeWarning: compute_clause_centrality: 1260 clause nodes — using scatter-based triangle count (no N×N allocation).
  self._clause_centrality_cache = compute_clause_centrality(
04:27:25 [INFO] Phase 1: Diffusion init (16 trajectories)...
04:27:50 [INFO]   Diffusion init best cost: 521.0
04:27:50 [INFO] Phase 2: Evolutionary refinement (n=140, m=1260)...
04:28:24 [INFO] Final: cost=302.0000, steps=62, pop_size=31, time=60.2s
04:28:24 [INFO]     maxcut-140-630-0.7-20.wcnf               cost=   302.00 t= 60.2s
/nas/ckgfs/users/jahin/HYDRA/hydra_data.py:178: RuntimeWarning: compute_clause_centrality: 1258 clause nodes — using scatter-based triangle count (no N×N allocation).
  self._clause_centrality_cache = compute_clause_centrality(
04:28:25 [INFO] Phase 1: Diffusion init (16 trajectories)...
04:28:50 [INFO]   Diffusion init best cost: 525.0
04:28:50 [INFO] Phase 2: Evolutionary refinement (n=140, m=1258)...
04:29:25 [INFO] Final: cost=260.0000, steps=54, pop_size=21, time=60.3s
04:29:25 [INFO]     maxcut-140-630-0.8-39.wcnf               cost=   260.00 t= 60.3s
/nas/ckgfs/users/jahin/HYDRA/hydra_data.py:178: RuntimeWarning: compute_clause_centrality: 1270 clause nodes — using scatter-based triangle count (no N×N allocation).
  self._clause_centrality_cache = compute_clause_centrality(
04:29:26 [INFO] Phase 1: Diffusion init (16 trajectories)...
04:29:51 [INFO]   Diffusion init best cost: 2996.0
04:29:51 [INFO] Phase 2: Evolutionary refinement (n=43, m=1270)...
04:30:25 [INFO] Final: cost=1696.0000, steps=53, pop_size=20, time=60.2s
04:30:25 [INFO]     p_hat300-3.clq.wcnf                      cost=  1696.00 t= 60.2s
/nas/ckgfs/users/jahin/HYDRA/hydra_data.py:178: RuntimeWarning: compute_clause_centrality: 1310 clause nodes — using scatter-based triangle count (no N×N allocation).
  self._clause_centrality_cache = compute_clause_centrality(
04:30:26 [INFO] Phase 1: Diffusion init (16 trajectories)...
04:30:51 [INFO]   Diffusion init best cost: 3425.0
04:30:51 [INFO] Phase 2: Evolutionary refinement (n=42, m=1310)...
04:31:26 [INFO] Final: cost=1849.0000, steps=57, pop_size=21, time=60.2s
04:31:26 [INFO]     p_hat500-3.clq.wcnf                      cost=  1849.00 t= 60.2s
/nas/ckgfs/users/jahin/HYDRA/hydra_data.py:178: RuntimeWarning: compute_clause_centrality: 3876 clause nodes — using scatter-based triangle count (no N×N allocation).
  self._clause_centrality_cache = compute_clause_centrality(
04:31:35 [INFO] Phase 1: Diffusion init (16 trajectories)...
04:34:38 [INFO]   Diffusion init best cost: 1521768.0
04:34:38 [INFO] Phase 2: Evolutionary refinement (n=153, m=3876)...
04:34:38 [INFO] Final: cost=1521768.0000, steps=0, pop_size=16, time=192.7s
04:34:38 [INFO]     ram_k3_n18.ra1.wcnf                      cost=1521768.00 t=192.7s
/nas/ckgfs/users/jahin/HYDRA/hydra_data.py:178: RuntimeWarning: compute_clause_centrality: 4845 clause nodes — using scatter-based triangle count (no N×N allocation).
  self._clause_centrality_cache = compute_clause_centrality(
04:34:52 [INFO] Phase 1: Diffusion init (16 trajectories)...
04:39:13 [INFO]   Diffusion init best cost: 1951731.0
04:39:13 [INFO] Phase 2: Evolutionary refinement (n=171, m=4845)...
04:39:13 [INFO] Final: cost=1951731.0000, steps=0, pop_size=16, time=274.3s
04:39:13 [INFO]     ram_k3_n19.ra1.wcnf                      cost=1951731.00 t=274.3s
/nas/ckgfs/users/jahin/HYDRA/hydra_data.py:178: RuntimeWarning: compute_clause_centrality: 2994 clause nodes — using scatter-based triangle count (no N×N allocation).
  self._clause_centrality_cache = compute_clause_centrality(
04:39:14 [INFO] Phase 1: Diffusion init (16 trajectories)...
04:39:39 [INFO]   Diffusion init best cost: 1804283392.0
04:39:39 [INFO] Phase 2: Evolutionary refinement (n=686, m=2994)...
04:40:14 [INFO] Final: cost=40615680.0000, steps=61, pop_size=17, time=60.5s
04:40:14 [INFO]     role_smallcomp_0.95_2.wcnf               cost=40615680.00 t= 60.5s
/nas/ckgfs/users/jahin/HYDRA/hydra_data.py:178: RuntimeWarning: compute_clause_centrality: 1116 clause nodes — using scatter-based triangle count (no N×N allocation).
  self._clause_centrality_cache = compute_clause_centrality(
04:40:14 [INFO] Phase 1: Diffusion init (16 trajectories)...
04:40:39 [INFO]   Diffusion init best cost: 2538.0
04:40:39 [INFO] Phase 2: Evolutionary refinement (n=40, m=1116)...
04:41:14 [INFO] Final: cost=1459.0000, steps=63, pop_size=32, time=60.3s
04:41:14 [INFO]     san200_0.7_1.clq.wcnf                    cost=  1459.00 t= 60.3s
/nas/ckgfs/users/jahin/HYDRA/hydra_data.py:178: RuntimeWarning: compute_clause_centrality: 1092 clause nodes — using scatter-based triangle count (no N×N allocation).
  self._clause_centrality_cache = compute_clause_centrality(
04:41:15 [INFO] Phase 1: Diffusion init (16 trajectories)...
04:41:40 [INFO]   Diffusion init best cost: 2512.0
04:41:40 [INFO] Phase 2: Evolutionary refinement (n=40, m=1092)...
04:42:14 [INFO] Final: cost=1485.0000, steps=62, pop_size=27, time=60.1s
04:42:14 [INFO]     sanr200_0.7.clq.wcnf                     cost=  1485.00 t= 60.1s
/nas/ckgfs/users/jahin/HYDRA/hydra_data.py:178: RuntimeWarning: compute_clause_centrality: 1120 clause nodes — using scatter-based triangle count (no N×N allocation).
  self._clause_centrality_cache = compute_clause_centrality(
04:42:15 [INFO] Phase 1: Diffusion init (16 trajectories)...
04:42:40 [INFO]   Diffusion init best cost: 448.0
04:42:40 [INFO] Phase 2: Evolutionary refinement (n=448, m=1120)...
04:43:15 [INFO] Final: cost=262.0000, steps=62, pop_size=27, time=60.2s
04:43:15 [INFO]     scpcyc07_maxsat.wcnf                     cost=   262.00 t= 60.3s
/nas/ckgfs/users/jahin/HYDRA/hydra_data.py:178: RuntimeWarning: compute_clause_centrality: 2816 clause nodes — using scatter-based triangle count (no N×N allocation).
  self._clause_centrality_cache = compute_clause_centrality(
04:43:16 [INFO] Phase 1: Diffusion init (16 trajectories)...
04:43:41 [INFO]   Diffusion init best cost: 1024.0
04:43:41 [INFO] Phase 2: Evolutionary refinement (n=1024, m=2816)...
04:44:15 [INFO] Final: cost=613.0000, steps=51, pop_size=18, time=60.0s
04:44:15 [INFO]     scpcyc08_maxsat.wcnf                     cost=   613.00 t= 60.1s
/nas/ckgfs/users/jahin/HYDRA/hydra_data.py:178: RuntimeWarning: compute_clause_centrality: 2800 clause nodes — using scatter-based triangle count (no N×N allocation).
  self._clause_centrality_cache = compute_clause_centrality(
04:44:17 [INFO] Phase 1: Diffusion init (16 trajectories)...
04:44:51 [INFO]   Diffusion init best cost: 6618.0
04:44:51 [INFO] Phase 2: Evolutionary refinement (n=450, m=2800)...
04:45:16 [INFO] Final: cost=300.0000, steps=26, pop_size=18, time=61.4s
04:45:16 [INFO]     uaq-min-nr-nr50-np400-rpp5-nc0-rs0-t0-pl cost=   300.00 t= 61.4s
04:45:16 [INFO] Wrote /nas/ckgfs/jaunts/jahin/HYDRA/results/ablations_final/full_results_raw.json
04:45:17 [INFO] [no_diffusion] loading pretrained from /nas/ckgfs/jaunts/jahin/HYDRA/hydra_pretrained
04:45:17 [INFO] [no_diffusion] WMS 2020: 23 instances
04:45:19 [INFO] Phase 2: Evolutionary refinement (n=42, m=1718)...
04:46:18 [INFO] Final: cost=2349.0000, steps=76, pop_size=1, time=60.2s
04:46:18 [INFO]     MANN_a45.clq.wcnf                        cost=  2349.00 t= 60.3s
04:46:19 [INFO] Phase 2: Evolutionary refinement (n=45, m=1836)...
04:47:18 [INFO] Final: cost=451.0000, steps=89, pop_size=2, time=60.2s
04:47:18 [INFO]     MANN_a9.clq.wcnf                         cost=   451.00 t= 60.3s
04:47:19 [INFO] Phase 2: Evolutionary refinement (n=40, m=1038)...
04:48:18 [INFO] Final: cost=1354.0000, steps=102, pop_size=2, time=60.2s
04:48:18 [INFO]     brock200_3.clq.wcnf                      cost=  1354.00 t= 60.2s
04:48:19 [INFO] Phase 2: Evolutionary refinement (n=40, m=1028)...
04:49:19 [INFO] Final: cost=1326.0000, steps=104, pop_size=2, time=60.3s
04:49:19 [INFO]     brock200_4.clq.wcnf                      cost=  1326.00 t= 60.3s
04:49:20 [INFO] Phase 2: Evolutionary refinement (n=40, m=1188)...
04:50:20 [INFO] Final: cost=1594.0000, steps=96, pop_size=1, time=60.7s
04:50:20 [INFO]     brock400_2.clq.wcnf                      cost=  1594.00 t= 60.7s
04:50:21 [INFO] Phase 2: Evolutionary refinement (n=40, m=1136)...
04:51:20 [INFO] Final: cost=1505.0000, steps=101, pop_size=1, time=60.2s
04:51:20 [INFO]     brock400_3.clq.wcnf                      cost=  1505.00 t= 60.2s
04:51:21 [INFO] Phase 2: Evolutionary refinement (n=40, m=1014)...
04:52:21 [INFO] Final: cost=1315.0000, steps=111, pop_size=1, time=61.1s
04:52:21 [INFO]     brock800_3.clq.wcnf                      cost=  1315.00 t= 61.1s
04:52:22 [INFO] Phase 2: Evolutionary refinement (n=41, m=1640)...
04:53:22 [INFO] Final: cost=400.0000, steps=95, pop_size=1, time=60.4s
04:53:22 [INFO]     hamming10-2.clq.wcnf                     cost=   400.00 t= 60.4s
04:53:25 [INFO] Phase 2: Evolutionary refinement (n=64, m=3648)...
04:54:22 [INFO] Final: cost=4886.0000, steps=44, pop_size=2, time=60.4s
04:54:22 [INFO]     hamming6-2.clq.wcnf                      cost=  4886.00 t= 60.5s
04:54:24 [INFO] Phase 2: Evolutionary refinement (n=43, m=1806)...
04:55:22 [INFO] Final: cost=443.0000, steps=92, pop_size=2, time=60.0s
04:55:22 [INFO]     hamming8-2.clq.wcnf                      cost=   443.00 t= 60.0s
04:55:26 [INFO] Phase 2: Evolutionary refinement (n=70, m=3710)...
04:56:23 [INFO] Final: cost=5066.0000, steps=48, pop_size=1, time=60.3s
04:56:23 [INFO]     johnson8-4-4.clq.wcnf                    cost=  5066.00 t= 60.3s
04:56:24 [INFO] Phase 2: Evolutionary refinement (n=140, m=1260)...
04:57:23 [INFO] Final: cost=302.0000, steps=108, pop_size=1, time=60.2s
04:57:23 [INFO]     maxcut-140-630-0.7-20.wcnf               cost=   302.00 t= 60.2s
04:57:24 [INFO] Phase 2: Evolutionary refinement (n=140, m=1258)...
04:58:24 [INFO] Final: cost=327.0000, steps=119, pop_size=2, time=60.2s
04:58:24 [INFO]     maxcut-140-630-0.8-39.wcnf               cost=   327.00 t= 60.2s
04:58:25 [INFO] Phase 2: Evolutionary refinement (n=43, m=1270)...
04:59:25 [INFO] Final: cost=1667.0000, steps=101, pop_size=1, time=60.9s
04:59:25 [INFO]     p_hat300-3.clq.wcnf                      cost=  1667.00 t= 60.9s
04:59:26 [INFO] Phase 2: Evolutionary refinement (n=42, m=1310)...
05:00:25 [INFO] Final: cost=1779.0000, steps=104, pop_size=2, time=60.2s
05:00:25 [INFO]     p_hat500-3.clq.wcnf                      cost=  1779.00 t= 60.2s
05:00:34 [INFO] Phase 2: Evolutionary refinement (n=153, m=3876)...
terminate called after throwing an instance of 'c10::Error'
  what():  CUDA error: an illegal memory access was encountered
CUDA kernel errors might be asynchronously reported at some other API call, so the stacktrace below might be incorrect.
For debugging consider passing CUDA_LAUNCH_BLOCKING=1
Compile with `TORCH_USE_CUDA_DSA` to enable device-side assertions.

Exception raised from c10_cuda_check_implementation at ../c10/cuda/CUDAException.cpp:43 (most recent call first):
frame #0: c10::Error::Error(c10::SourceLocation, std::string) + 0x96 (0x719979ecbf86 in /nas/ckgfs/jaunts/jahin/HYDRA/.venv_ckg08/lib/python3.12/site-packages/torch/lib/libc10.so)
frame #1: c10::detail::torchCheckFail(char const*, char const*, unsigned int, std::string const&) + 0x64 (0x719979e7ad10 in /nas/ckgfs/jaunts/jahin/HYDRA/.venv_ckg08/lib/python3.12/site-packages/torch/lib/libc10.so)
frame #2: c10::cuda::c10_cuda_check_implementation(int, char const*, char const*, int, bool) + 0x118 (0x719979fa6f08 in /nas/ckgfs/jaunts/jahin/HYDRA/.venv_ckg08/lib/python3.12/site-packages/torch/lib/libc10_cuda.so)
frame #3: <unknown function> + 0x587d0 (0x719979fac7d0 in /nas/ckgfs/jaunts/jahin/HYDRA/.venv_ckg08/lib/python3.12/site-packages/torch/lib/libc10_cuda.so)
frame #4: <unknown function> + 0x5a4f4 (0x719979fae4f4 in /nas/ckgfs/jaunts/jahin/HYDRA/.venv_ckg08/lib/python3.12/site-packages/torch/lib/libc10_cuda.so)
frame #5: <unknown function> + 0x5dd3d0 (0x7199785e33d0 in /nas/ckgfs/jaunts/jahin/HYDRA/.venv_ckg08/lib/python3.12/site-packages/torch/lib/libtorch_python.so)
frame #6: <unknown function> + 0x6abdf (0x719979eafbdf in /nas/ckgfs/jaunts/jahin/HYDRA/.venv_ckg08/lib/python3.12/site-packages/torch/lib/libc10.so)
frame #7: c10::TensorImpl::~TensorImpl() + 0x21b (0x719979ea8c3b in /nas/ckgfs/jaunts/jahin/HYDRA/.venv_ckg08/lib/python3.12/site-packages/torch/lib/libc10.so)
frame #8: c10::TensorImpl::~TensorImpl() + 0x9 (0x719979ea8de9 in /nas/ckgfs/jaunts/jahin/HYDRA/.venv_ckg08/lib/python3.12/site-packages/torch/lib/libc10.so)
frame #9: <unknown function> + 0x1559270 (0x719961331270 in /nas/ckgfs/jaunts/jahin/HYDRA/.venv_ckg08/lib/python3.12/site-packages/torch/lib/libtorch_cpu.so)
frame #10: torch::autograd::InputMetadata::maybe_reduce(unsigned long, at::Tensor, std::function<std::string (std::string const&)> const&) const + 0xa9 (0x7199650eff59 in /nas/ckgfs/jaunts/jahin/HYDRA/.venv_ckg08/lib/python3.12/site-packages/torch/lib/libtorch_cpu.so)
frame #11: torch::autograd::validate_outputs(std::vector<torch::autograd::Edge, std::allocator<torch::autograd::Edge> > const&, std::vector<at::Tensor, std::allocator<at::Tensor> >&, std::function<std::string (std::string const&)> const&) + 0xd7 (0x7199650c2c57 in /nas/ckgfs/jaunts/jahin/HYDRA/.venv_ckg08/lib/python3.12/site-packages/torch/lib/libtorch_cpu.so)
frame #12: torch::autograd::Engine::evaluate_function(std::shared_ptr<torch::autograd::GraphTask>&, torch::autograd::Node*, torch::autograd::InputBuffer&, std::shared_ptr<torch::autograd::ReadyQueue> const&) + 0x5fb (0x7199650c98eb in /nas/ckgfs/jaunts/jahin/HYDRA/.venv_ckg08/lib/python3.12/site-packages/torch/lib/libtorch_cpu.so)
frame #13: torch::autograd::Engine::thread_main(std::shared_ptr<torch::autograd::GraphTask> const&) + 0x698 (0x7199650cb448 in /nas/ckgfs/jaunts/jahin/HYDRA/.venv_ckg08/lib/python3.12/site-packages/torch/lib/libtorch_cpu.so)
frame #14: torch::autograd::Engine::thread_init(int, std::shared_ptr<torch::autograd::ReadyQueue> const&, bool) + 0x13f (0x7199650c23cf in /nas/ckgfs/jaunts/jahin/HYDRA/.venv_ckg08/lib/python3.12/site-packages/torch/lib/libtorch_cpu.so)
frame #15: torch::autograd::python::PythonEngine::thread_init(int, std::shared_ptr<torch::autograd::ReadyQueue> const&, bool) + 0x5d (0x7199788775ed in /nas/ckgfs/jaunts/jahin/HYDRA/.venv_ckg08/lib/python3.12/site-packages/torch/lib/libtorch_python.so)
frame #16: <unknown function> + 0xecdb4 (0x7199794ecdb4 in /lib/x86_64-linux-gnu/libstdc++.so.6)
frame #17: <unknown function> + 0x9caa4 (0x71997ac9caa4 in /lib/x86_64-linux-gnu/libc.so.6)
frame #18: <unknown function> + 0x129c6c (0x71997ad29c6c in /lib/x86_64-linux-gnu/libc.so.6)

