10:45:58 [INFO] [full] loading pretrained from ./hydra_pretrained
10:46:02 [INFO] [full] WMS 2018: 11 instances
10:46:04 [INFO]     maxcut-MANN_a81.clq.wcnf                 cost=     0.00 t=  0.1s
10:46:06 [INFO]     maxcut-hamming10-2.clq.wcnf              cost=     0.00 t=  0.1s
10:46:08 [INFO]     maxcut-hamming6-2.clq.wcnf               cost=     0.00 t=  0.4s
10:46:10 [INFO]     maxcut-hamming8-2.clq.wcnf               cost=     0.00 t=  0.2s
10:46:11 [INFO]     maxcut-p_hat300-3.clq.wcnf               cost=     0.00 t=  0.0s
10:46:13 [INFO]     maxcut-p_hat500-3.clq.wcnf               cost=     0.00 t=  0.1s
10:46:14 [INFO]     maxcut-p_hat700-3.clq.wcnf               cost=     0.00 t=  0.1s
10:46:17 [INFO]     maxcut-san200_0.9_3.clq.wcnf             cost=     0.00 t=  0.1s
10:46:19 [INFO]     maxcut-sanr200_0.7.clq.wcnf              cost=     0.00 t=  0.1s
10:46:21 [INFO]     maxcut-sanr200_0.9.clq.wcnf              cost=     0.00 t=  0.1s
10:46:23 [INFO]     maxcut-t7g3-9999.spn.wcnf                cost=     0.00 t=  0.8s
10:46:24 [INFO] Wrote ./results/ablations/full_results_raw.json
10:46:24 [INFO] [no_diffusion] loading pretrained from ./hydra_pretrained
10:46:26 [INFO] [no_diffusion] WMS 2018: 11 instances
10:46:28 [INFO]     maxcut-MANN_a81.clq.wcnf                 cost=     0.00 t=  0.1s
10:46:29 [INFO]     maxcut-hamming10-2.clq.wcnf              cost=     0.00 t=  0.1s
10:46:32 [INFO]     maxcut-hamming6-2.clq.wcnf               cost=     0.00 t=  0.5s
10:46:34 [INFO]     maxcut-hamming8-2.clq.wcnf               cost=     0.00 t=  0.2s
10:46:35 [INFO]     maxcut-p_hat300-3.clq.wcnf               cost=     0.00 t=  0.0s
10:46:37 [INFO]     maxcut-p_hat500-3.clq.wcnf               cost=     0.00 t=  0.0s
10:46:38 [INFO]     maxcut-p_hat700-3.clq.wcnf               cost=     0.00 t=  0.0s
10:46:40 [INFO]     maxcut-san200_0.9_3.clq.wcnf             cost=     0.00 t=  0.1s
10:46:42 [INFO]     maxcut-sanr200_0.7.clq.wcnf              cost=     0.00 t=  0.0s
10:46:44 [INFO]     maxcut-sanr200_0.9.clq.wcnf              cost=     0.00 t=  0.0s
10:46:46 [INFO]     maxcut-t7g3-9999.spn.wcnf                cost=     0.00 t=  0.8s
10:46:46 [INFO] Wrote ./results/ablations/no_diffusion_results_raw.json
10:46:46 [INFO] [no_rich_graph] loading pretrained from ./hydra_pretrained
10:46:49 [INFO] [no_rich_graph] WMS 2018: 11 instances
10:46:51 [INFO]     maxcut-MANN_a81.clq.wcnf                 cost=     0.00 t=  0.1s
10:46:52 [INFO]     maxcut-hamming10-2.clq.wcnf              cost=     0.00 t=  0.2s
10:46:54 [INFO]     maxcut-hamming6-2.clq.wcnf               cost=     0.00 t=  0.3s
10:46:55 [INFO]     maxcut-hamming8-2.clq.wcnf               cost=     0.00 t=  0.2s
10:46:56 [INFO]     maxcut-p_hat300-3.clq.wcnf               cost=     0.00 t=  0.0s
10:46:58 [INFO]     maxcut-p_hat500-3.clq.wcnf               cost=     0.00 t=  0.0s
10:46:59 [INFO]     maxcut-p_hat700-3.clq.wcnf               cost=     0.00 t=  0.0s
10:47:01 [INFO]     maxcut-san200_0.9_3.clq.wcnf             cost=     0.00 t=  0.0s
10:47:03 [INFO]     maxcut-sanr200_0.7.clq.wcnf              cost=     0.00 t=  0.0s
10:47:07 [INFO]     maxcut-sanr200_0.9.clq.wcnf              cost=     0.00 t=  0.2s
10:47:10 [INFO]     maxcut-t7g3-9999.spn.wcnf                cost=     0.00 t=  1.2s
10:47:10 [INFO] Wrote ./results/ablations/no_rich_graph_results_raw.json
10:47:10 [INFO] [no_unsupervised] using fresh random model
10:47:11 [INFO] [no_unsupervised] WMS 2018: 11 instances
10:47:11 [INFO]     maxcut-MANN_a81.clq.wcnf                 cost=     0.00 t=  0.1s
10:47:11 [INFO]     maxcut-hamming10-2.clq.wcnf              cost=     0.00 t=  0.0s
10:47:12 [INFO]     maxcut-hamming6-2.clq.wcnf               cost=     0.00 t=  0.5s
10:47:12 [INFO]     maxcut-hamming8-2.clq.wcnf               cost=     0.00 t=  0.2s
10:47:13 [INFO]     maxcut-p_hat300-3.clq.wcnf               cost=     0.00 t=  0.0s
10:47:13 [INFO]     maxcut-p_hat500-3.clq.wcnf               cost=     0.00 t=  0.1s
10:47:13 [INFO]     maxcut-p_hat700-3.clq.wcnf               cost=     0.00 t=  0.1s
10:47:14 [INFO]     maxcut-san200_0.9_3.clq.wcnf             cost=     0.00 t=  0.0s
10:47:14 [INFO]     maxcut-sanr200_0.7.clq.wcnf              cost=     0.00 t=  0.0s
10:47:14 [INFO]     maxcut-sanr200_0.9.clq.wcnf              cost=     0.00 t=  0.0s
10:47:16 [INFO]     maxcut-t7g3-9999.spn.wcnf                cost=     0.00 t=  0.9s
10:47:16 [INFO] Wrote ./results/ablations/no_unsupervised_results_raw.json
10:47:16 [INFO] [no_spectral_pe] loading pretrained from ./hydra_pretrained
10:47:18 [INFO] [no_spectral_pe] WMS 2018: 11 instances
10:47:22 [INFO]     maxcut-MANN_a81.clq.wcnf                 cost=     0.00 t=  0.1s
10:47:25 [INFO]     maxcut-hamming10-2.clq.wcnf              cost=     0.00 t=  0.2s
10:47:27 [INFO]     maxcut-hamming6-2.clq.wcnf               cost=     0.00 t=  0.5s
10:47:30 [INFO]     maxcut-hamming8-2.clq.wcnf               cost=     0.00 t=  0.1s
10:47:33 [INFO]     maxcut-p_hat300-3.clq.wcnf               cost=     0.00 t=  0.1s
10:47:35 [INFO]     maxcut-p_hat500-3.clq.wcnf               cost=     0.00 t=  0.0s
10:47:39 [INFO]     maxcut-p_hat700-3.clq.wcnf               cost=     0.00 t=  0.0s
10:47:41 [INFO]     maxcut-san200_0.9_3.clq.wcnf             cost=     0.00 t=  0.2s
10:47:43 [INFO]     maxcut-sanr200_0.7.clq.wcnf              cost=     0.00 t=  0.0s
10:47:46 [INFO]     maxcut-sanr200_0.9.clq.wcnf              cost=     0.00 t=  0.0s
10:47:49 [INFO]     maxcut-t7g3-9999.spn.wcnf                cost=     0.00 t=  0.8s
10:47:49 [INFO] Wrote ./results/ablations/no_spectral_pe_results_raw.json
10:47:49 [INFO] [no_rw_pe] loading pretrained from ./hydra_pretrained
10:47:53 [INFO] [no_rw_pe] WMS 2018: 11 instances
10:47:55 [INFO]     maxcut-MANN_a81.clq.wcnf                 cost=     0.00 t=  0.2s
10:47:59 [INFO]     maxcut-hamming10-2.clq.wcnf              cost=     0.00 t=  0.1s
10:48:02 [INFO]     maxcut-hamming6-2.clq.wcnf               cost=     0.00 t=  0.5s
10:48:05 [INFO]     maxcut-hamming8-2.clq.wcnf               cost=     0.00 t=  0.1s
10:48:08 [INFO]     maxcut-p_hat300-3.clq.wcnf               cost=     0.00 t=  0.0s
10:48:10 [INFO]     maxcut-p_hat500-3.clq.wcnf               cost=     0.00 t=  0.0s
10:48:14 [INFO]     maxcut-p_hat700-3.clq.wcnf               cost=     0.00 t=  0.2s
10:48:16 [INFO]     maxcut-san200_0.9_3.clq.wcnf             cost=     0.00 t=  0.0s
10:48:20 [INFO]     maxcut-sanr200_0.7.clq.wcnf              cost=     0.00 t=  0.0s
10:48:22 [INFO]     maxcut-sanr200_0.9.clq.wcnf              cost=     0.00 t=  0.0s
10:48:25 [INFO]     maxcut-t7g3-9999.spn.wcnf                cost=     0.00 t=  1.0s
10:48:25 [INFO] Wrote ./results/ablations/no_rw_pe_results_raw.json
10:48:25 [INFO] [no_ricci] loading pretrained from ./hydra_pretrained
10:48:29 [INFO] [no_ricci] WMS 2018: 11 instances
10:48:32 [INFO]     maxcut-MANN_a81.clq.wcnf                 cost=     0.00 t=  0.2s
10:48:35 [INFO]     maxcut-hamming10-2.clq.wcnf              cost=     0.00 t=  0.1s
10:48:38 [INFO]     maxcut-hamming6-2.clq.wcnf               cost=     0.00 t=  0.5s
10:48:41 [INFO]     maxcut-hamming8-2.clq.wcnf               cost=     0.00 t=  0.1s
10:48:44 [INFO]     maxcut-p_hat300-3.clq.wcnf               cost=     0.00 t=  0.0s
10:48:45 [INFO]     maxcut-p_hat500-3.clq.wcnf               cost=     0.00 t=  0.0s
10:48:47 [INFO]     maxcut-p_hat700-3.clq.wcnf               cost=     0.00 t=  0.0s
10:48:50 [INFO]     maxcut-san200_0.9_3.clq.wcnf             cost=     0.00 t=  0.2s
10:48:53 [INFO]     maxcut-sanr200_0.7.clq.wcnf              cost=     0.00 t=  0.0s
10:48:55 [INFO]     maxcut-sanr200_0.9.clq.wcnf              cost=     0.00 t=  0.0s
10:48:59 [INFO]     maxcut-t7g3-9999.spn.wcnf                cost=     0.00 t=  1.0s
10:48:59 [INFO] Wrote ./results/ablations/no_ricci_results_raw.json
10:48:59 [INFO] [no_var_edges] loading pretrained from ./hydra_pretrained
10:49:02 [INFO] [no_var_edges] WMS 2018: 11 instances
10:49:05 [INFO]     maxcut-MANN_a81.clq.wcnf                 cost=     0.00 t=  0.1s
10:49:08 [INFO]     maxcut-hamming10-2.clq.wcnf              cost=     0.00 t=  0.0s
10:49:11 [INFO]     maxcut-hamming6-2.clq.wcnf               cost=     0.00 t=  0.5s
10:49:15 [INFO]     maxcut-hamming8-2.clq.wcnf               cost=     0.00 t=  0.1s
10:49:19 [INFO]     maxcut-p_hat300-3.clq.wcnf               cost=     0.00 t=  0.0s
10:49:23 [INFO]     maxcut-p_hat500-3.clq.wcnf               cost=     0.00 t=  0.0s
10:49:26 [INFO]     maxcut-p_hat700-3.clq.wcnf               cost=     0.00 t=  0.2s
10:49:29 [INFO]     maxcut-san200_0.9_3.clq.wcnf             cost=     0.00 t=  0.0s
10:49:31 [INFO]     maxcut-sanr200_0.7.clq.wcnf              cost=     0.00 t=  0.0s
10:49:34 [INFO]     maxcut-sanr200_0.9.clq.wcnf              cost=     0.00 t=  0.0s
10:49:38 [INFO]     maxcut-t7g3-9999.spn.wcnf                cost=     0.00 t=  0.9s
10:49:38 [INFO] Wrote ./results/ablations/no_var_edges_results_raw.json
10:49:38 [INFO] [no_centrality] loading pretrained from ./hydra_pretrained
10:49:40 [INFO] [no_centrality] WMS 2018: 11 instances
10:49:44 [INFO]     maxcut-MANN_a81.clq.wcnf                 cost=     0.00 t=  0.1s
10:49:46 [INFO]     maxcut-hamming10-2.clq.wcnf              cost=     0.00 t=  0.1s
10:49:49 [INFO]     maxcut-hamming6-2.clq.wcnf               cost=     0.00 t=  0.5s
10:49:51 [INFO]     maxcut-hamming8-2.clq.wcnf               cost=     0.00 t=  0.1s
10:49:54 [INFO]     maxcut-p_hat300-3.clq.wcnf               cost=     0.00 t=  0.0s
10:49:58 [INFO]     maxcut-p_hat500-3.clq.wcnf               cost=     0.00 t=  0.0s
10:50:02 [INFO]     maxcut-p_hat700-3.clq.wcnf               cost=     0.00 t=  0.0s
10:50:06 [INFO]     maxcut-san200_0.9_3.clq.wcnf             cost=     0.00 t=  0.2s
10:50:08 [INFO]     maxcut-sanr200_0.7.clq.wcnf              cost=     0.00 t=  0.0s
10:50:11 [INFO]     maxcut-sanr200_0.9.clq.wcnf              cost=     0.00 t=  0.0s
10:50:15 [INFO]     maxcut-t7g3-9999.spn.wcnf                cost=     0.00 t=  0.9s
10:50:15 [INFO] Wrote ./results/ablations/no_centrality_results_raw.json
10:50:15 [INFO] [no_guidance] loading pretrained from ./hydra_pretrained
10:50:19 [INFO] [no_guidance] WMS 2018: 11 instances
10:50:23 [INFO]     maxcut-MANN_a81.clq.wcnf                 cost=     0.00 t=  0.3s
10:50:25 [INFO]     maxcut-hamming10-2.clq.wcnf              cost=     0.00 t=  0.1s
10:50:28 [INFO]     maxcut-hamming6-2.clq.wcnf               cost=     0.00 t=  0.5s
10:50:31 [INFO]     maxcut-hamming8-2.clq.wcnf               cost=     0.00 t=  0.1s
10:50:35 [INFO]     maxcut-p_hat300-3.clq.wcnf               cost=     0.00 t=  0.0s
10:50:39 [INFO]     maxcut-p_hat500-3.clq.wcnf               cost=     0.00 t=  0.1s
10:50:43 [INFO]     maxcut-p_hat700-3.clq.wcnf               cost=     0.00 t=  0.0s
10:50:46 [INFO]     maxcut-san200_0.9_3.clq.wcnf             cost=     0.00 t=  0.2s
10:50:50 [INFO]     maxcut-sanr200_0.7.clq.wcnf              cost=     0.00 t=  0.0s
10:50:54 [INFO]     maxcut-sanr200_0.9.clq.wcnf              cost=     0.00 t=  0.0s
10:50:58 [INFO]     maxcut-t7g3-9999.spn.wcnf                cost=     0.00 t=  0.9s
10:50:58 [INFO] Wrote ./results/ablations/no_guidance_results_raw.json
10:50:58 [INFO] [no_population] loading pretrained from ./hydra_pretrained
10:51:00 [INFO] [no_population] WMS 2018: 11 instances
10:51:04 [INFO]     maxcut-MANN_a81.clq.wcnf                 cost=     0.00 t=  0.2s
10:51:08 [INFO]     maxcut-hamming10-2.clq.wcnf              cost=     0.00 t=  0.1s
10:51:12 [INFO]     maxcut-hamming6-2.clq.wcnf               cost=     0.00 t=  0.5s
10:51:16 [INFO]     maxcut-hamming8-2.clq.wcnf               cost=     0.00 t=  0.1s
10:51:21 [INFO]     maxcut-p_hat300-3.clq.wcnf               cost=     0.00 t=  0.0s
10:51:24 [INFO]     maxcut-p_hat500-3.clq.wcnf               cost=     0.00 t=  0.0s
10:51:30 [INFO]     maxcut-p_hat700-3.clq.wcnf               cost=     0.00 t=  0.0s
10:51:34 [INFO]     maxcut-san200_0.9_3.clq.wcnf             cost=     0.00 t=  0.2s
10:51:40 [INFO]     maxcut-sanr200_0.7.clq.wcnf              cost=     0.00 t=  0.0s
10:51:45 [INFO]     maxcut-sanr200_0.9.clq.wcnf              cost=     0.00 t=  0.0s
10:51:52 [INFO]     maxcut-t7g3-9999.spn.wcnf                cost=     0.00 t=  1.1s
10:51:52 [INFO] Wrote ./results/ablations/no_population_results_raw.json
10:51:52 [INFO] [no_consensus] loading pretrained from ./hydra_pretrained
10:51:57 [INFO] [no_consensus] WMS 2018: 11 instances
10:52:02 [INFO]     maxcut-MANN_a81.clq.wcnf                 cost=     0.00 t=  0.1s
10:52:07 [INFO]     maxcut-hamming10-2.clq.wcnf              cost=     0.00 t=  0.1s
10:52:12 [INFO]     maxcut-hamming6-2.clq.wcnf               cost=     0.00 t=  0.5s
10:52:16 [INFO]     maxcut-hamming8-2.clq.wcnf               cost=     0.00 t=  0.1s
10:52:19 [INFO]     maxcut-p_hat300-3.clq.wcnf               cost=     0.00 t=  0.2s
10:52:23 [INFO]     maxcut-p_hat500-3.clq.wcnf               cost=     0.00 t=  0.0s
10:52:28 [INFO]     maxcut-p_hat700-3.clq.wcnf               cost=     0.00 t=  0.1s
10:52:32 [INFO]     maxcut-san200_0.9_3.clq.wcnf             cost=     0.00 t=  0.1s
10:52:36 [INFO]     maxcut-sanr200_0.7.clq.wcnf              cost=     0.00 t=  0.0s
10:52:41 [INFO]     maxcut-sanr200_0.9.clq.wcnf              cost=     0.00 t=  0.0s
10:52:46 [INFO]     maxcut-t7g3-9999.spn.wcnf                cost=     0.00 t=  1.2s
10:52:46 [INFO] Wrote ./results/ablations/no_consensus_results_raw.json
