13:18:21 [INFO] [full] loading pretrained from /nas/ckgfs/jaunts/jahin/HYDRA/hydra_pretrained
13:18:22 [INFO] [full] WMS 2020: 23 instances
13:18:24 [INFO] Phase 1: Diffusion init (16 trajectories)...
13:18:51 [INFO]   Diffusion init best cost: 4319.0
13:18:51 [INFO] Phase 2: Evolutionary refinement (n=42, m=1718)...
13:19:22 [INFO] Final: cost=2326.0000, steps=47, pop_size=26, time=60.2s
13:19:22 [INFO]     MANN_a45.clq.wcnf                        cost=  2326.00 t= 60.2s
13:19:24 [INFO] Phase 1: Diffusion init (16 trajectories)...
13:19:52 [INFO]   Diffusion init best cost: 617.0
13:19:52 [INFO] Phase 2: Evolutionary refinement (n=45, m=1836)...
13:20:24 [INFO] Final: cost=451.0000, steps=46, pop_size=29, time=61.8s
13:20:24 [INFO]     MANN_a9.clq.wcnf                         cost=   451.00 t= 61.8s
13:20:25 [INFO] Phase 1: Diffusion init (16 trajectories)...
13:20:50 [INFO]   Diffusion init best cost: 2498.0
13:20:50 [INFO] Phase 2: Evolutionary refinement (n=40, m=1038)...
13:21:25 [INFO] Final: cost=1370.0000, steps=61, pop_size=26, time=60.7s
13:21:25 [INFO]     brock200_3.clq.wcnf                      cost=  1370.00 t= 60.7s
13:21:26 [INFO] Phase 1: Diffusion init (16 trajectories)...
13:21:51 [INFO]   Diffusion init best cost: 2448.0
13:21:51 [INFO] Phase 2: Evolutionary refinement (n=40, m=1028)...
13:22:26 [INFO] Final: cost=1366.0000, steps=61, pop_size=26, time=60.7s
13:22:26 [INFO]     brock200_4.clq.wcnf                      cost=  1366.00 t= 60.7s
13:22:27 [INFO] Phase 1: Diffusion init (16 trajectories)...
13:22:52 [INFO]   Diffusion init best cost: 2888.0
13:22:52 [INFO] Phase 2: Evolutionary refinement (n=40, m=1188)...
13:23:26 [INFO] Final: cost=1534.0000, steps=57, pop_size=21, time=60.3s
13:23:26 [INFO]     brock400_2.clq.wcnf                      cost=  1534.00 t= 60.3s
13:23:27 [INFO] Phase 1: Diffusion init (16 trajectories)...
13:23:52 [INFO]   Diffusion init best cost: 2573.0
13:23:52 [INFO] Phase 2: Evolutionary refinement (n=40, m=1136)...
13:24:27 [INFO] Final: cost=1522.0000, steps=61, pop_size=30, time=61.1s
13:24:27 [INFO]     brock400_3.clq.wcnf                      cost=  1522.00 t= 61.1s
13:24:28 [INFO] Phase 1: Diffusion init (16 trajectories)...
13:24:54 [INFO]   Diffusion init best cost: 2188.0
13:24:54 [INFO] Phase 2: Evolutionary refinement (n=40, m=1014)...
13:25:28 [INFO] Final: cost=1337.0000, steps=66, pop_size=23, time=60.3s
13:25:28 [INFO]     brock800_3.clq.wcnf                      cost=  1337.00 t= 60.3s
13:25:29 [INFO] Phase 1: Diffusion init (16 trajectories)...
13:25:56 [INFO]   Diffusion init best cost: 510.0
13:25:56 [INFO] Phase 2: Evolutionary refinement (n=41, m=1640)...
13:26:28 [INFO] Final: cost=400.0000, steps=47, pop_size=30, time=60.3s
13:26:28 [INFO]     hamming10-2.clq.wcnf                     cost=   400.00 t= 60.3s
13:26:32 [INFO] Phase 1: Diffusion init (16 trajectories)...
13:27:41 [INFO]   Diffusion init best cost: 10088.0
13:27:41 [INFO] Phase 2: Evolutionary refinement (n=64, m=3648)...
13:27:41 [INFO] Final: cost=10088.0000, steps=0, pop_size=16, time=72.1s
13:27:41 [INFO]     hamming6-2.clq.wcnf                      cost= 10088.00 t= 72.1s
13:27:42 [INFO] Phase 1: Diffusion init (16 trajectories)...
13:28:12 [INFO]   Diffusion init best cost: 681.0
13:28:12 [INFO] Phase 2: Evolutionary refinement (n=43, m=1806)...
13:28:42 [INFO] Final: cost=441.0000, steps=41, pop_size=19, time=61.6s
13:28:42 [INFO]     hamming8-2.clq.wcnf                      cost=   441.00 t= 61.6s
13:28:46 [INFO] Phase 1: Diffusion init (16 trajectories)...
13:29:52 [INFO]   Diffusion init best cost: 10254.0
13:29:52 [INFO] Phase 2: Evolutionary refinement (n=70, m=3710)...
13:29:52 [INFO] Final: cost=10254.0000, steps=0, pop_size=16, time=69.5s
13:29:52 [INFO]     johnson8-4-4.clq.wcnf                    cost= 10254.00 t= 69.5s
13:29:53 [INFO] Phase 1: Diffusion init (16 trajectories)...
13:30:18 [INFO]   Diffusion init best cost: 517.0
13:30:18 [INFO] Phase 2: Evolutionary refinement (n=140, m=1260)...
13:30:54 [INFO] Final: cost=297.0000, steps=61, pop_size=30, time=61.7s
13:30:54 [INFO]     maxcut-140-630-0.7-20.wcnf               cost=   297.00 t= 61.7s
13:30:54 [INFO] Phase 1: Diffusion init (16 trajectories)...
13:31:19 [INFO]   Diffusion init best cost: 527.0
13:31:19 [INFO] Phase 2: Evolutionary refinement (n=140, m=1258)...
13:31:54 [INFO] Final: cost=285.0000, steps=71, pop_size=25, time=60.2s
13:31:54 [INFO]     maxcut-140-630-0.8-39.wcnf               cost=   285.00 t= 60.3s
13:31:55 [INFO] Phase 1: Diffusion init (16 trajectories)...
13:32:20 [INFO]   Diffusion init best cost: 3116.0
13:32:20 [INFO] Phase 2: Evolutionary refinement (n=43, m=1270)...
13:32:54 [INFO] Final: cost=1694.0000, steps=62, pop_size=27, time=60.1s
13:32:54 [INFO]     p_hat300-3.clq.wcnf                      cost=  1694.00 t= 60.1s
13:32:55 [INFO] Phase 1: Diffusion init (16 trajectories)...
13:33:20 [INFO]   Diffusion init best cost: 3392.0
13:33:20 [INFO] Phase 2: Evolutionary refinement (n=42, m=1310)...
13:33:55 [INFO] Final: cost=1790.0000, steps=61, pop_size=26, time=60.2s
13:33:55 [INFO]     p_hat500-3.clq.wcnf                      cost=  1790.00 t= 60.2s
13:34:04 [INFO] Phase 1: Diffusion init (16 trajectories)...
13:37:07 [INFO]   Diffusion init best cost: 1521768.0
13:37:07 [INFO] Phase 2: Evolutionary refinement (n=153, m=3876)...
13:37:07 [INFO] Final: cost=1521768.0000, steps=0, pop_size=16, time=192.6s
13:37:07 [INFO]     ram_k3_n18.ra1.wcnf                      cost=1521768.00 t=192.6s
13:37:22 [INFO] Phase 1: Diffusion init (16 trajectories)...
13:41:44 [INFO]   Diffusion init best cost: 1951731.0
13:41:44 [INFO] Phase 2: Evolutionary refinement (n=171, m=4845)...
13:41:44 [INFO] Final: cost=1951731.0000, steps=0, pop_size=16, time=276.6s
13:41:44 [INFO]     ram_k3_n19.ra1.wcnf                      cost=1951731.00 t=276.6s
13:41:46 [INFO] Phase 1: Diffusion init (16 trajectories)...
13:42:13 [INFO]   Diffusion init best cost: 1810283904.0
13:42:13 [INFO] Phase 2: Evolutionary refinement (n=686, m=2994)...
13:42:44 [INFO] Final: cost=40722372.0000, steps=55, pop_size=26, time=60.1s
13:42:44 [INFO]     role_smallcomp_0.95_2.wcnf               cost=40722372.00 t= 60.1s
13:42:45 [INFO] Phase 1: Diffusion init (16 trajectories)...
13:43:11 [INFO]   Diffusion init best cost: 2642.0
13:43:11 [INFO] Phase 2: Evolutionary refinement (n=40, m=1116)...
13:43:45 [INFO] Final: cost=1495.0000, steps=57, pop_size=21, time=60.1s
13:43:45 [INFO]     san200_0.7_1.clq.wcnf                    cost=  1495.00 t= 60.1s
13:43:45 [INFO] Phase 1: Diffusion init (16 trajectories)...
13:44:10 [INFO]   Diffusion init best cost: 2640.0
13:44:10 [INFO] Phase 2: Evolutionary refinement (n=40, m=1092)...
13:44:46 [INFO] Final: cost=1389.0000, steps=71, pop_size=21, time=61.0s
13:44:46 [INFO]     sanr200_0.7.clq.wcnf                     cost=  1389.00 t= 61.0s
13:44:47 [INFO] Phase 1: Diffusion init (16 trajectories)...
13:45:12 [INFO]   Diffusion init best cost: 448.0
13:45:12 [INFO] Phase 2: Evolutionary refinement (n=448, m=1120)...
13:45:47 [INFO] Final: cost=224.0000, steps=66, pop_size=23, time=60.8s
13:45:47 [INFO]     scpcyc07_maxsat.wcnf                     cost=   224.00 t= 60.8s
13:45:48 [INFO] Phase 1: Diffusion init (16 trajectories)...
13:46:13 [INFO]   Diffusion init best cost: 1024.0
13:46:13 [INFO] Phase 2: Evolutionary refinement (n=1024, m=2816)...
13:46:47 [INFO] Final: cost=606.0000, steps=68, pop_size=29, time=60.2s
13:46:47 [INFO]     scpcyc08_maxsat.wcnf                     cost=   606.00 t= 60.2s
13:46:49 [INFO] Phase 1: Diffusion init (16 trajectories)...
13:47:23 [INFO]   Diffusion init best cost: 6618.0
13:47:23 [INFO] Phase 2: Evolutionary refinement (n=450, m=2800)...
13:47:48 [INFO] Final: cost=300.0000, steps=27, pop_size=19, time=60.4s
13:47:48 [INFO]     uaq-min-nr-nr50-np400-rpp5-nc0-rs0-t0-pl cost=   300.00 t= 60.4s
13:47:48 [INFO] Wrote /nas/ckgfs/jaunts/jahin/HYDRA/results/ablations_final/full_results_raw.json
13:47:48 [INFO] [no_diffusion] loading pretrained from /nas/ckgfs/jaunts/jahin/HYDRA/hydra_pretrained
13:47:49 [INFO] [no_diffusion] WMS 2020: 23 instances
13:47:50 [INFO] Phase 2: Evolutionary refinement (n=42, m=1718)...
13:48:49 [INFO] Final: cost=2349.0000, steps=92, pop_size=2, time=60.2s
13:48:49 [INFO]     MANN_a45.clq.wcnf                        cost=  2349.00 t= 60.2s
13:48:50 [INFO] Phase 2: Evolutionary refinement (n=45, m=1836)...
13:49:50 [INFO] Final: cost=466.0000, steps=86, pop_size=1, time=61.2s
13:49:50 [INFO]     MANN_a9.clq.wcnf                         cost=   466.00 t= 61.2s
13:49:51 [INFO] Phase 2: Evolutionary refinement (n=40, m=1038)...
13:50:50 [INFO] Final: cost=1438.0000, steps=103, pop_size=1, time=60.0s
13:50:50 [INFO]     brock200_3.clq.wcnf                      cost=  1438.00 t= 60.0s
13:50:51 [INFO] Phase 2: Evolutionary refinement (n=40, m=1028)...
13:51:51 [INFO] Final: cost=1385.0000, steps=118, pop_size=1, time=60.3s
13:51:51 [INFO]     brock200_4.clq.wcnf                      cost=  1385.00 t= 60.3s
13:51:52 [INFO] Phase 2: Evolutionary refinement (n=40, m=1188)...
13:52:51 [INFO] Final: cost=1894.0000, steps=104, pop_size=2, time=60.1s
13:52:51 [INFO]     brock400_2.clq.wcnf                      cost=  1894.00 t= 60.1s
13:52:52 [INFO] Phase 2: Evolutionary refinement (n=40, m=1136)...
13:53:51 [INFO] Final: cost=1507.0000, steps=113, pop_size=1, time=60.1s
13:53:51 [INFO]     brock400_3.clq.wcnf                      cost=  1507.00 t= 60.1s
13:53:52 [INFO] Phase 2: Evolutionary refinement (n=40, m=1014)...
13:54:52 [INFO] Final: cost=1308.0000, steps=111, pop_size=1, time=60.1s
13:54:52 [INFO]     brock800_3.clq.wcnf                      cost=  1308.00 t= 60.2s
13:54:53 [INFO] Phase 2: Evolutionary refinement (n=41, m=1640)...
13:55:53 [INFO] Final: cost=406.0000, steps=86, pop_size=1, time=61.5s
13:55:53 [INFO]     hamming10-2.clq.wcnf                     cost=   406.00 t= 61.5s
13:55:57 [INFO] Phase 2: Evolutionary refinement (n=64, m=3648)...
13:56:54 [INFO] Final: cost=4925.0000, steps=44, pop_size=2, time=60.5s
13:56:54 [INFO]     hamming6-2.clq.wcnf                      cost=  4925.00 t= 60.5s
13:56:55 [INFO] Phase 2: Evolutionary refinement (n=43, m=1806)...
13:57:55 [INFO] Final: cost=441.0000, steps=81, pop_size=1, time=60.7s
13:57:55 [INFO]     hamming8-2.clq.wcnf                      cost=   441.00 t= 60.7s
13:57:58 [INFO] Phase 2: Evolutionary refinement (n=70, m=3710)...
13:58:55 [INFO] Final: cost=5161.0000, steps=48, pop_size=1, time=60.3s
13:58:55 [INFO]     johnson8-4-4.clq.wcnf                    cost=  5161.00 t= 60.3s
13:58:56 [INFO] Phase 2: Evolutionary refinement (n=140, m=1260)...
13:59:56 [INFO] Final: cost=320.0000, steps=94, pop_size=2, time=60.3s
13:59:56 [INFO]     maxcut-140-630-0.7-20.wcnf               cost=   320.00 t= 60.3s
13:59:56 [INFO] Phase 2: Evolutionary refinement (n=140, m=1258)...
14:00:56 [INFO] Final: cost=284.0000, steps=107, pop_size=2, time=60.2s
14:00:56 [INFO]     maxcut-140-630-0.8-39.wcnf               cost=   284.00 t= 60.2s
14:00:57 [INFO] Phase 2: Evolutionary refinement (n=43, m=1270)...
14:01:56 [INFO] Final: cost=1732.0000, steps=102, pop_size=2, time=60.1s
14:01:56 [INFO]     p_hat300-3.clq.wcnf                      cost=  1732.00 t= 60.1s
14:01:57 [INFO] Phase 2: Evolutionary refinement (n=42, m=1310)...
14:02:58 [INFO] Final: cost=1788.0000, steps=101, pop_size=1, time=61.7s
14:02:58 [INFO]     p_hat500-3.clq.wcnf                      cost=  1788.00 t= 61.7s
14:03:07 [INFO] Phase 2: Evolutionary refinement (n=153, m=3876)...
