19:43:03 [INFO] Queued 5913 solver runs across 3 baselines
19:43:03 [INFO] 
============================================================
  TIMEOUT 300s
============================================================
19:53:04 [INFO]   [50/5913] nuwls_c 2020-ms scpclr11_maxsat.wcnf                     cost=       23 t=300.0s (ETA 1174.7m)
19:58:03 [INFO]   [100/5913] nuwls_c 2020-ms gen_mult_3_6_9999.wcnf                   cost=       62 t=300.0s (ETA 872.3m)
20:03:03 [INFO]   [150/5913] nuwls_c 2020-ms p_hat1000-3.clq.wcnf                     cost=      932 t=300.0s (ETA 768.7m)
20:08:04 [INFO]   [200/5913] nuwls_c 2020-ms normalized-par32-5.opb.msat.wcnf         cost=      inf t=300.0s (ETA 714.5m)
20:13:04 [INFO]   [250/5913] nuwls_c 2020-ms g2_n63e71_n74e99.wcnf                    cost=       53 t=300.0s (ETA 679.8m)
20:18:04 [INFO]   [300/5913]   spb_c 2020-ms tictactoe_train_6_CNF_4_1.wcnf           cost=      118 t=300.0s (ETA 655.0m)
20:23:04 [INFO]   [350/5913]   spb_c 2020-ms GenHyperTW_atv_partial_system.wcnf       cost=        7 t=300.1s (ETA 636.0m)
20:28:04 [INFO]   [400/5913]   spb_c 2020-ms MultiDay_4.wcnf                          cost=   185755 t=300.2s (ETA 620.4m)
20:33:04 [INFO]   [450/5913]   spb_c 2020-ms SU3__simp-genos.haps.80.wcnf             cost=      103 t=300.0s (ETA 607.2m)
20:38:04 [INFO]   [500/5913]   spb_c 2020-ms MinFill_R0_queen8_8.wcnf                 cost=     1015 t=300.0s (ETA 595.6m)
20:43:04 [INFO]   [550/5913] nuwls_bandhs 2020-ms SM_MAIN_MEM_buggy1.dimacs.filtered.wcnf  cost=      524 t=300.2s (ETA 585.3m)
20:48:04 [INFO]   [600/5913] nuwls_bandhs 2020-ms atcoss_sugar_05.wcnf                     cost=      inf t=300.1s (ETA 575.8m)
20:53:05 [INFO]   [650/5913] nuwls_bandhs 2020-ms extension-enforcement_non-strict_stb_200 cost=        8 t=300.0s (ETA 567.0m)
20:58:05 [INFO]   [700/5913] nuwls_bandhs 2020-ms uaq-ppr-nr200-nc66-n5-k2-rpp6-ppr5-plb10 cost=       65 t=300.0s (ETA 558.8m)
21:03:05 [INFO]   [750/5913] nuwls_bandhs 2020-ms rev66-18.wcnf                            cost=      inf t=300.0s (ETA 551.0m)
21:08:06 [INFO]   [800/5913] nuwls_c 2020-wms MinWidthCB_mitdbsample_300_26_1k_6s_2t_6 cost=    28875 t=300.0s (ETA 543.5m)
21:13:06 [INFO]   [850/5913] nuwls_c 2020-wms af-synthesis_stb_50_140_7.wcnf           cost=      109 t=300.1s (ETA 536.4m)
21:18:06 [INFO]   [900/5913] nuwls_c 2020-wms instance7.wcnf                           cost=     1182 t=300.0s (ETA 529.5m)
21:23:07 [INFO]   [950/5913] nuwls_c 2020-wms ram_k3_n14.ra1.wcnf                      cost=     3025 t=300.0s (ETA 522.8m)
21:28:08 [INFO]   [1000/5913] nuwls_c 2020-wms sc-rel9.wcnf                             cost= 14350185 t=302.0s (ETA 516.3m)
21:33:08 [INFO]   [1050/5913]   spb_c 2020-wms MinWidthCB_mitdbsample_300_64_1k_15s_2t_ cost=    61260 t=300.0s (ETA 509.9m)
21:38:09 [INFO]   [1100/5913]   spb_c 2020-wms af-synthesis_stb_50_20_8.wcnf            cost=      121 t=300.0s (ETA 503.6m)
21:43:11 [INFO]   [1150/5913]   spb_c 2020-wms limits-10-10_data-2_inst-003_30m.sm-extr cost=      inf t=300.9s (ETA 497.6m)
21:48:13 [INFO]   [1200/5913]   spb_c 2020-wms ram_k3_n19.ra1.wcnf                      cost=    20665 t=300.0s (ETA 491.6m)
21:58:04 [INFO]   [1250/5913]   spb_c 2020-wms simNo_6-s_5-m_100-n_500-fp_0.0001-fn_0.2 cost=958325885248212 t=300.2s (ETA 503.7m)
22:03:05 [INFO]   [1300/5913] nuwls_bandhs 2020-wms MultiDay_4_weighted.wcnf                 cost=  2243672 t=300.2s (ETA 496.9m)
22:08:05 [INFO]   [1350/5913] nuwls_bandhs 2020-wms brock400_3.clq.wcnf                      cost=     1259 t=300.0s (ETA 490.2m)
22:13:05 [INFO]   [1400/5913] nuwls_bandhs 2020-wms lisbon-wedding-3-19.wcnf                 cost=      inf t=300.0s (ETA 483.7m)
22:18:05 [INFO]   [1450/5913] nuwls_bandhs 2020-wms random-net-40-5_network-7.net.wcnf       cost=    35573 t=300.0s (ETA 477.2m)
22:23:06 [INFO]   [1500/5913] nuwls_bandhs 2020-wms tcp_students_98_it_2.wcnf                cost=     2691 t=300.0s (ETA 470.9m)
22:28:06 [INFO]   [1550/5913] nuwls_c 2021-ms MultiDay_1_weighted.wcnf                 cost=    73970 t=300.1s (ETA 464.6m)
22:33:07 [INFO]   [1600/5913] nuwls_c 2021-ms formula_0.8_2021_atleast_63_max-5_reduce cost=       52 t=300.1s (ETA 458.4m)
22:38:07 [INFO]   [1650/5913] nuwls_c 2021-ms scpcyc09_maxsat.wcnf                     cost=      804 t=300.0s (ETA 452.3m)
22:43:07 [INFO]   [1700/5913]   spb_c 2021-ms MultiDay_3.wcnf                          cost=   153068 t=300.2s (ETA 446.2m)
22:48:08 [INFO]   [1750/5913]   spb_c 2021-ms formula_0.8_2021_atleast_127_max-6_reduc cost=       73 t=300.2s (ETA 440.3m)
22:53:08 [INFO]   [1800/5913]   spb_c 2021-ms scpclr11_maxsat.wcnf                     cost=       23 t=300.0s (ETA 434.3m)
22:58:08 [INFO]   [1850/5913] nuwls_bandhs 2021-ms MinFill_R0_queen9_9.wcnf                 cost=     1719 t=300.0s (ETA 428.5m)
23:03:09 [INFO]   [1900/5913] nuwls_bandhs 2021-ms formula_0.8_2021_atleast_127_max-6_reduc cost=       44 t=300.3s (ETA 422.6m)
23:08:10 [INFO]   [1950/5913] nuwls_bandhs 2021-ms rev66-20.wcnf                            cost=      inf t=300.0s (ETA 416.9m)
23:13:10 [INFO]   [2000/5913] nuwls_c 2021-wms Rounded_CorrelationClustering_Protein1_U cost=  9292254 t=300.1s (ETA 411.1m)
23:18:11 [INFO]   [2050/5913] nuwls_c 2021-wms instance10.wcnf                          cost=     6721 t=300.1s (ETA 405.4m)
23:23:12 [INFO]   [2100/5913] nuwls_c 2021-wms SwitchingActivityMaximization_OpenRISC12 cost=      inf t=300.2s (ETA 399.7m)
23:28:13 [INFO]   [2150/5913]   spb_c 2021-wms Subnetwork_9_weighted.wcnf               cost=    82827 t=300.0s (ETA 394.1m)
23:33:13 [INFO]   [2200/5913]   spb_c 2021-wms instance10.wcnf                          cost=     5699 t=300.1s (ETA 388.5m)
23:38:38 [INFO]   [2250/5913]   spb_c 2021-wms SwitchingActivityMaximization_OpenRISC12 cost=      inf t=300.1s (ETA 383.5m)
23:43:16 [INFO]   [2300/5913] nuwls_bandhs 2021-wms SingleDay_37_weighted.wcnf               cost= 45129373 t=300.5s (ETA 377.4m)
23:48:17 [INFO]   [2350/5913] nuwls_bandhs 2021-wms formula_0.8_2021_atleast_63_max-5_reduce cost=      531 t=300.0s (ETA 371.8m)
23:53:14 [INFO]   [2400/5913] nuwls_c 2022-ms GenHyperTW_flat30-99.wcnf                cost=        0 t=  0.5s (ETA 366.2m)
23:53:17 [INFO]   [2450/5913] nuwls_c 2022-ms dim.hamming10-4.clq.wcnf                 cost=        0 t=  0.0s (ETA 353.7m)
23:53:27 [INFO]   [2500/5913] nuwls_c 2022-ms mul_8_9.wcnf                             cost=        0 t=  0.6s (ETA 341.8m)
23:53:33 [INFO]   [2550/5913] nuwls_c 2022-ms uaq-ppr-nr200-nc66-n5-k2-rpp4-ppr14-plb1 cost=        0 t=  0.3s (ETA 330.4m)
23:58:11 [INFO]   [2600/5913] nuwls_bandhs 2021-wms af-synthesis_stb_50_200_5.wcnf           cost=      105 t=300.2s (ETA 325.1m)
00:03:12 [INFO]   [2650/5913]   spb_c 2022-ms bip.maxcut-140-630-0.7-44.wcnf           cost=      163 t=300.0s (ETA 320.3m)
00:08:13 [INFO]   [2700/5913]   spb_c 2022-ms lam.20-100-p100-55.wcnf                  cost=       79 t=300.1s (ETA 315.5m)
00:13:13 [INFO]   [2750/5913]   spb_c 2022-ms ran.max_cut_60_600_4.asc.wcnf            cost=      213 t=300.0s (ETA 310.7m)
00:18:14 [INFO]   [2800/5913] nuwls_bandhs 2022-ms GenHyperTW_hole6.wcnf                    cost=        7 t=300.0s (ETA 306.0m)
00:23:15 [INFO]   [2850/5913] nuwls_bandhs 2022-ms dim.MANN_a9.clq.wcnf                     cost=      422 t=300.0s (ETA 301.1m)
00:28:18 [INFO]   [2900/5913] nuwls_bandhs 2022-ms ms_200_6_20-0.wcnf                       cost=      inf t=302.0s (ETA 296.4m)
00:34:35 [INFO]   [2950/5913] nuwls_c 2022-wms Rounded_BTWBNSL_adult15N_TWBound_2.wcnf  cost=        0 t=  0.1s (ETA 292.8m)
00:34:35 [INFO]   [3000/5913] nuwls_bandhs 2022-ms sbox_8.wcnf                              cost=      inf t=301.5s (ETA 283.1m)
00:34:36 [INFO]   [3050/5913] nuwls_c 2022-wms log.28.wcsp.log.wcnf                     cost=        0 t=  0.2s (ETA 273.7m)
00:34:36 [INFO]   [3100/5913] nuwls_bandhs 2022-ms uaq-ppr-nr200-nc66-n5-k2-rpp4-ppr14-plb1 cost=       68 t=300.0s (ETA 264.6m)
00:34:36 [INFO]   [3150/5913] nuwls_c 2022-wms bnn_mnist_1_label2_adversarial_norm_inf_ cost=        0 t= 59.0s (ETA 255.7m)
00:39:13 [INFO]   [3200/5913]   spb_c 2022-wms Rounded_CorrelationClustering_Protein4_U cost=  8678745 t=300.2s (ETA 251.1m)
00:44:13 [INFO]   [3250/5913]   spb_c 2022-wms comp05.wcnf                              cost=      599 t=300.0s (ETA 246.8m)
00:49:16 [INFO]   [3300/5913]   spb_c 2022-wms polysite-hsqldb.wcnf                     cost=   172721 t=301.3s (ETA 242.5m)
00:54:36 [INFO]   [3350/5913]   spb_c 2022-wms vio.role_domino_violations_0.7_3.wcnf    cost=   180502 t=300.1s (ETA 238.4m)
00:59:50 [INFO]   [3400/5913] nuwls_bandhs 2022-wms SwitchingActivityMaximization_OpenRISC12 cost=      inf t=300.1s (ETA 234.1m)
01:05:04 [INFO]   [3450/5913] nuwls_bandhs 2022-wms delaunay_n24.wcnf                        cost=276432528 t=301.5s (ETA 229.9m)
01:12:53 [INFO]   [3500/5913] nuwls_bandhs 2022-wms power-distribution_12_8.wcnf             cost=      216 t=300.1s (ETA 227.4m)
01:13:48 [INFO]   [3550/5913] nuwls_c 2023-ms fault-diagnosis-s38584_nan_explicit_9_0. cost=        0 t=  0.5s (ETA 220.2m)
01:13:49 [INFO]   [3600/5913] nuwls_c 2023-ms inconsistency-measurement-im-sum-C-1-grd cost=        0 t=  0.2s (ETA 212.5m)
01:13:51 [INFO]   [3650/5913] nuwls_c 2023-ms optimizing-BDDs-mushroom-un-wcnf_incompl cost=        0 t=  0.7s (ETA 205.1m)
01:13:56 [INFO]   [3700/5913] nuwls_c 2023-ms tpr-b18-s_PathRelaxation_Set_FS_8.wcnf   cost=        0 t=  0.9s (ETA 197.9m)
01:18:56 [INFO]   [3750/5913]   spb_c 2023-ms aes-sbox_8.wcnf                          cost=      297 t=300.3s (ETA 193.7m)
01:24:01 [INFO]   [3800/5913]   spb_c 2023-ms inconsistency-measurement-im-hit-A-2-grd cost=      344 t=300.0s (ETA 189.6m)
01:29:02 [INFO]   [3850/5913]   spb_c 2023-ms optimizing-BDDs-australian-credit-un-wcn cost=       87 t=300.0s (ETA 185.4m)
01:34:04 [INFO]   [3900/5913]   spb_c 2023-ms reversi-rev66-32.wcnf                    cost=      inf t=300.0s (ETA 181.2m)
01:39:15 [INFO]   [3950/5913] nuwls_bandhs 2023-ms fault-diagnosis-s38584_nan_explicit_10_0 cost=      inf t=300.2s (ETA 177.0m)
01:44:15 [INFO]   [4000/5913] nuwls_bandhs 2023-ms judgment-aggregation-ja-maxham-preflib-0 cost=       55 t=300.0s (ETA 172.7m)
01:49:17 [INFO]   [4050/5913] nuwls_bandhs 2023-ms planning-bnn-navigation_4x4_7.wcnf       cost=      inf t=300.5s (ETA 168.5m)
01:49:39 [INFO]   [4100/5913] nuwls_c 2023-wms correlation-clustering_wt-Rounded_Correl cost=        0 t=  0.2s (ETA 162.1m)
01:49:42 [INFO]   [4150/5913] nuwls_c 2023-wms hs-timetabling_wt-FinlandSecondarySchool cost=        0 t=  0.1s (ETA 155.8m)
01:49:50 [INFO]   [4200/5913] nuwls_c 2023-wms shiftdesign_wt-limits-10-10_data-3_inst- cost=        0 t=  2.4s (ETA 149.6m)
01:54:02 [INFO]   [4250/5913] nuwls_bandhs 2023-ms treewidth-computation-TWComp_eil51.tsp_N cost=       10 t=300.0s (ETA 145.2m)
01:59:04 [INFO]   [4300/5913]   spb_c 2023-wms causal-discovery_wt-causal_alarm_9_1000. cost= 37913754 t=300.1s (ETA 141.1m)
02:04:15 [INFO]   [4350/5913]   spb_c 2023-wms hs-timetabling_wt-BrazilInstance7.xml.wc cost=      754 t=300.0s (ETA 137.0m)
02:09:15 [INFO]   [4400/5913]   spb_c 2023-wms staff-scheduling_wt-instance5.wcnf       cost=     1314 t=300.0s (ETA 132.8m)
02:14:19 [INFO]   [4450/5913] nuwls_bandhs 2023-wms abstraction-refinement_wt-polysite-bloat cost=      191 t=301.0s (ETA 128.6m)
02:19:53 [INFO]   [4500/5913] nuwls_bandhs 2023-wms generalized-ising_wt-IS4_5.0.5.0.0.5_sof cost=115956907147423 t=300.0s (ETA 124.6m)
02:24:02 [INFO]   [4550/5913] nuwls_c 2024-ms SeanSafarpour-wb_4m8s4.dimacs.filtered.w cost=        0 t=  0.8s (ETA 120.1m)
02:24:07 [INFO]   [4600/5913] nuwls_c 2024-ms inconsistency-measurement-im-forgetting- cost=        0 t=  0.0s (ETA 114.5m)
02:24:08 [INFO]   [4650/5913] nuwls_c 2024-ms minimize-5gons-u5-cube-maxcdcl-46-tmp-15 cost=        0 t=  0.0s (ETA 108.9m)
02:24:17 [INFO]   [4700/5913] nuwls_c 2024-ms decision-tree-splice-1-un-formula_0.8_20 cost=        0 t= 12.7s (ETA 103.6m)
02:24:23 [INFO]   [4750/5913] nuwls_c 2024-ms xai-mindset2-ecoli.wcnf                  cost=        0 t=  0.4s (ETA 98.3m)
02:29:24 [INFO]   [4800/5913]   spb_c 2024-ms CircuitDebuggingProblems-rsdecoder-debug cost=        1 t=300.1s (ETA 94.2m)
02:34:25 [INFO]   [4850/5913]   spb_c 2024-ms gen-hyper-tw-GenHyperTW_flat30-1.wcnf    cost=       19 t=300.2s (ETA 90.2m)
02:39:25 [INFO]   [4900/5913]   spb_c 2024-ms minimize-5gons-u5-cube-maxcdcl-13-tmp-15 cost=       77 t=300.0s (ETA 86.1m)
02:44:27 [INFO]   [4950/5913]   spb_c 2024-ms planning-bnn-cellda_x_12.wcnf            cost=      inf t=302.0s (ETA 82.0m)
02:49:28 [INFO]   [5000/5913]   spb_c 2024-ms treewidth-computation-TWComp_1dj7_N73.wc cost=       27 t=300.1s (ETA 77.9m)
02:54:29 [INFO]   [5050/5913] nuwls_bandhs 2024-ms des-cnf.19.p.10.wcnf                     cost=      inf t=300.1s (ETA 73.7m)
02:59:54 [INFO]   [5100/5913] nuwls_bandhs 2024-ms judgment-aggregation-ja-slater-preflib-0 cost=      300 t=300.0s (ETA 69.6m)
03:04:54 [INFO]   [5150/5913] nuwls_bandhs 2024-ms optimizing-BDDs-hypothyroid-un-wcnf_inco cost=       70 t=300.0s (ETA 65.5m)
03:09:27 [INFO]   [5200/5913] nuwls_c 2024-wms MaxSATQueriesinInterpretableClassifiers_ cost=        0 t=  0.2s (ETA 61.2m)
03:09:38 [INFO]   [5250/5913] nuwls_c 2024-wms af-synthesis_wt-af-synthesis_stb_50_40_0 cost=        0 t=  0.1s (ETA 56.4m)
03:09:44 [INFO]   [5300/5913] nuwls_c 2024-wms decision-tree-tic-tac-toe-un-formula_0.8 cost=        0 t=  1.3s (ETA 51.7m)
03:09:47 [INFO]   [5350/5913] nuwls_c 2024-wms ramsey_wt-ram_k3_n12.ra1.wcnf            cost=        0 t=  0.0s (ETA 47.0m)
03:09:52 [INFO]   [5400/5913] nuwls_c 2024-wms railway-transport_wt-bf2030fvslack.wcnf  cost=        0 t=  5.0s (ETA 42.4m)
03:14:00 [INFO]   [5450/5913] nuwls_bandhs 2024-ms xai-mindset2-cleveland-nominal.wcnf      cost=      inf t=300.0s (ETA 38.3m)
03:19:02 [INFO]   [5500/5913]   spb_c 2024-wms abstraction-refinement_wt-downcast-avror cost=    46706 t=300.3s (ETA 34.2m)
03:24:03 [INFO]   [5550/5913]   spb_c 2024-wms decision-tree-heart-cleveland-un-formula cost=      203 t=300.0s (ETA 30.2m)
03:29:53 [INFO]   [5600/5913]   spb_c 2024-wms mpe_wt-random-net-20-5_network-3.net.wcn cost=    19569 t=300.0s (ETA 26.1m)
03:34:53 [INFO]   [5650/5913]   spb_c 2024-wms synplicate_new-synplicate_complete_tree_ cost=      424 t=300.0s (ETA 22.0m)
03:39:53 [INFO]   [5700/5913] nuwls_bandhs 2024-wms CSG_wt-CSGNaive140-140-6.wcnf            cost=    63724 t=300.1s (ETA 17.8m)
03:44:54 [INFO]   [5750/5913] nuwls_bandhs 2024-wms af-synthesis_wt-af-synthesis_stb_50_200_ cost=      105 t=300.1s (ETA 13.7m)
03:49:54 [INFO]   [5800/5913] nuwls_bandhs 2024-wms judgment-aggregation-ja-kemeny-preflib-0 cost=      777 t=300.0s (ETA 9.5m)
03:54:56 [INFO]   [5850/5913] nuwls_bandhs 2024-wms ramsey_wt-ram_k3_n11.ra1.wcnf            cost=      318 t=300.0s (ETA 5.3m)
03:59:56 [INFO]   [5900/5913] nuwls_bandhs 2024-wms synplicate_new-synplicate_synthetic_dag_ cost=      inf t=300.1s (ETA 1.1m)
04:00:06 [INFO]   [5913/5913] nuwls_bandhs 2024-wms timetabling_wt-test4.wcnf                cost=      425 t=300.0s (ETA 0.0m)
04:00:06 [INFO] Wrote ./results/baselines_new4_300s/nuwls_c_results_raw.json
04:00:06 [INFO] Wrote ./results/baselines_new4_300s/spb_c_results_raw.json
04:00:06 [INFO] Wrote ./results/baselines_new4_300s/nuwls_bandhs_results_raw.json
