08:22:55 [INFO] Queued 7884 solver runs across 4 baselines
08:22:55 [INFO] 
============================================================
  TIMEOUT 60s
============================================================
08:24:56 [INFO]   [50/7884] nuwls_c 2020-ms cnf.19.p.10.wcnf                         cost=      inf t= 60.0s (ETA 315.3m)
08:26:55 [INFO]   [100/7884] nuwls_c 2020-ms gen_mult_3_6_9999.wcnf                   cost=       62 t= 60.0s (ETA 311.6m)
08:27:55 [INFO]   [150/7884] nuwls_c 2020-ms p_hat1000-3.clq.wcnf                     cost=      932 t= 60.0s (ETA 258.2m)
08:29:55 [INFO]   [200/7884] nuwls_c 2020-ms normalized-par32-5.opb.msat.wcnf         cost=      inf t= 60.0s (ETA 269.2m)
08:30:56 [INFO]   [250/7884] nuwls_c 2020-ms mul_8_9.wcnf                             cost=       43 t= 60.0s (ETA 245.0m)
08:32:55 [INFO]   [300/7884]   spb_c 2020-ms heart_train_4_CNF_5_1.wcnf               cost=       45 t= 60.0s (ETA 253.1m)
08:33:57 [INFO]   [350/7884]   spb_c 2020-ms GenHyperTW_hole6.wcnf                    cost=        7 t= 60.0s (ETA 237.6m)
08:35:56 [INFO]   [400/7884]   spb_c 2020-ms TWComp_mulsol.i.5-pp_N119.wcnf           cost=       31 t= 60.1s (ETA 243.5m)
08:37:55 [INFO]   [450/7884]   spb_c 2020-ms SU3__simp-genos.haps.80.wcnf             cost=      103 t= 60.0s (ETA 247.9m)
08:38:56 [INFO]   [500/7884]   spb_c 2020-ms MinFill_R0_queen7_7.wcnf                 cost=      512 t= 60.0s (ETA 236.6m)
08:40:56 [INFO]   [550/7884] nuwls_bandhs 2020-ms rsdecoder6.dimacs.filtered.wcnf          cost=       66 t= 60.0s (ETA 240.2m)
08:41:57 [INFO]   [600/7884] nuwls_bandhs 2020-ms atcoss_sugar_05.wcnf                     cost=      inf t= 60.0s (ETA 231.1m)
08:43:56 [INFO]   [650/7884] nuwls_bandhs 2020-ms extension-enforcement_non-strict_stb_200 cost=        8 t= 60.0s (ETA 233.9m)
08:44:57 [INFO]   [700/7884] nuwls_bandhs 2020-ms uaq-ppr-nr200-nc66-n5-k2-rpp6-ppr5-plb10 cost=       65 t= 60.0s (ETA 226.2m)
08:46:56 [INFO]   [750/7884] nuwls_bandhs 2020-ms rev66-18.wcnf                            cost=      inf t= 60.0s (ETA 228.5m)
08:48:28 [INFO]   [800/7884]     rc2 2020-ms SM_AS_TOP_buggy1.dimacs.filtered.wcnf    cost=       57 t= 31.7s (ETA 226.2m)
08:52:38 [INFO]   [850/7884]     rc2 2020-ms GenHyperTW_aim-50-2_0-yes1-3.wcnf        cost=      inf t= 80.5s (ETA 245.9m)
09:01:07 [INFO]   [900/7884]     rc2 2020-ms TWComp_mulsol.i.5-pp_N119.wcnf           cost=      inf t= 67.7s (ETA 296.4m)
09:09:32 [INFO]   [950/7884]     rc2 2020-ms SU-100kb__simp-genos.haps.21.wcnf        cost=      inf t=137.7s (ETA 340.2m)
10:24:44 [INFO]   [1000/7884]     rc2 2020-ms MinFill_R4_miles500.wcnf                 cost=      inf t=152.3s (ETA 838.6m)
12:41:26 [INFO]   [1050/7884] nuwls_c 2020-wms Rounded_BTWBNSL_hailfinder_1000_1_3.scor cost=5334138276 t= 60.0s (ETA 1682.6m)
12:58:08 [INFO]   [1100/7884] nuwls_c 2020-wms brock800_3.clq.wcnf                      cost=     1079 t= 60.0s (ETA 1697.3m)
13:10:29 [INFO]   [1150/7884] nuwls_c 2020-wms lisbon-wedding-3-19.wcnf                 cost=      inf t= 60.0s (ETA 1683.9m)
13:23:04 [INFO]   [1200/7884] nuwls_c 2020-wms random-net-50-5_network-10.net.wcnf      cost=    41721 t= 60.0s (ETA 1671.9m)
13:35:14 [INFO]   [1250/7884] nuwls_c 2020-wms tcp_students_98_it_14.wcnf               cost=     3144 t= 60.0s (ETA 1657.6m)
13:48:07 [INFO]   [1300/7884]   spb_c 2020-wms Rounded_CorrelationClustering_Ionosphere cost=  7492452 t= 60.0s (ETA 1647.0m)
14:00:16 [INFO]   [1350/7884]   spb_c 2020-wms causal_alarm_9_1000.wcnf                 cost= 50849441 t= 60.1s (ETA 1632.8m)
14:13:10 [INFO]   [1400/7884]   spb_c 2020-wms lisbon-wedding-8-17.wcnf                 cost=      448 t= 60.0s (ETA 1622.2m)
14:25:19 [INFO]   [1450/7884]   spb_c 2020-wms role_domino_0.35_10.wcnf                 cost=   116193 t= 60.1s (ETA 1608.1m)
14:38:12 [INFO]   [1500/7884]   spb_c 2020-wms titanic_train_4_DNF_4_20.wcnf            cost=     4423 t= 60.0s (ETA 1597.2m)
14:50:12 [INFO]   [1550/7884] nuwls_bandhs 2020-wms Rounded_CorrelationClustering_Protein2_B cost= 41745067 t= 60.0s (ETA 1582.6m)
15:00:14 [INFO]   [1600/7884] nuwls_bandhs 2020-wms comp05.wcnf                              cost=      633 t= 60.0s (ETA 1560.5m)
15:10:17 [INFO]   [1650/7884] nuwls_bandhs 2020-wms normalized-mps-v2-20-10-lp4l.opb.msat.wc cost=      inf t= 60.0s (ETA 1539.1m)
15:20:19 [INFO]   [1700/7884] nuwls_bandhs 2020-wms role_domino_multiple_0.4_5.wcnf          cost=   156738 t= 60.1s (ETA 1518.4m)
15:30:21 [INFO]   [1750/7884] nuwls_bandhs 2020-wms wg2.wcnf                                 cost=      241 t= 60.1s (ETA 1498.2m)
15:51:25 [INFO]   [1800/7884]     rc2 2020-wms Rounded_CorrelationClustering_Protein3_U cost=      inf t= 61.5s (ETA 1515.9m)
16:05:01 [INFO]   [1850/7884]     rc2 2020-wms credit_train_8_CNF_5_15.wcnf             cost=      inf t= 61.2s (ETA 1507.2m)
18:42:06 [INFO]   [1900/7884]     rc2 2020-wms power-distribution_11_8.wcnf             cost=      inf t=392.9s (ETA 1950.1m)
