18:21:33 [INFO] Queued 9855 solver runs across 5 baselines
18:21:33 [INFO] 
============================================================
  TIMEOUT 300s
============================================================
18:31:34 [INFO]   [50/9855]   nuwls 2020-ms AES1-76-36.wcnf                          cost=      inf t=300.0s (ETA 1963.8m)
18:41:33 [INFO]   [100/9855]   nuwls 2020-ms gen_mult_3_6_9999.wcnf                   cost=       62 t=300.0s (ETA 1951.5m)
18:46:33 [INFO]   [150/9855]   nuwls 2020-ms p_hat1000-3.clq.wcnf                     cost=      932 t=300.0s (ETA 1618.0m)
18:56:33 [INFO]   [200/9855]   nuwls 2020-ms ram_k3_n13.ra0.wcnf                      cost=       16 t=300.0s (ETA 1690.1m)
19:01:35 [INFO]   [250/9855]   nuwls 2020-ms mul_8_9.wcnf                             cost=       42 t=300.0s (ETA 1538.3m)
19:11:34 [INFO]   [300/9855]  bandhs 2020-ms credit_train_0_CNF_2_1.wcnf              cost=     4859 t=300.1s (ETA 1593.0m)
19:16:36 [INFO]   [350/9855]  bandhs 2020-ms GenHyperTW_hole6.wcnf                    cost=        7 t=300.0s (ETA 1495.1m)
19:26:34 [INFO]   [400/9855]  bandhs 2020-ms SingleDay_37.wcnf                        cost=    82777 t=300.3s (ETA 1536.9m)
19:36:34 [INFO]   [450/9855]  bandhs 2020-ms SU3__simp-genos.haps.9.wcnf              cost=      106 t=300.0s (ETA 1567.8m)
19:41:36 [INFO]   [500/9855]  bandhs 2020-ms MinFill_R0_queen7_7.wcnf                 cost=      507 t=300.0s (ETA 1497.7m)
19:51:34 [INFO]   [550/9855] satlike 2020-ms rsdecoder-problem.dimacs_41.filtered.wcn cost=        2 t=300.2s (ETA 1522.9m)
19:56:36 [INFO]   [600/9855] satlike 2020-ms atcoss_sugar_05.wcnf                     cost=      inf t=300.0s (ETA 1466.2m)
20:06:35 [INFO]   [650/9855] satlike 2020-ms extension-enforcement_non-strict_stb_200 cost=        8 t=300.0s (ETA 1487.4m)
20:11:36 [INFO]   [700/9855] satlike 2020-ms uaq-ppr-nr200-nc66-n5-k2-rpp6-ppr5-plb10 cost=       65 t=300.0s (ETA 1439.5m)
20:21:36 [INFO]   [750/9855] satlike 2020-ms rev66-18.wcnf                            cost=      inf t=300.0s (ETA 1457.4m)
20:26:38 [INFO]   [800/9855]     spb 2020-ms heart-c.wcnf                             cost=      228 t=300.0s (ETA 1415.8m)
20:36:36 [INFO]   [850/9855]     spb 2020-ms scpcyc10_maxsat.wcnf                     cost=     1836 t=300.0s (ETA 1430.8m)
20:46:34 [INFO]   [900/9855]     spb 2020-ms gen_square_5_9999.wcnf                   cost=       58 t=300.0s (ETA 1443.0m)
20:51:37 [INFO]   [950/9855]     spb 2020-ms uaq-ppr-nr200-nc66-n5-k2-rpp4-ppr11-plb1 cost=       76 t=300.0s (ETA 1406.7m)
21:01:35 [INFO]   [1000/9855]     spb 2020-ms MANN_a27.clq.wcnf                        cost=      404 t=300.0s (ETA 1417.1m)
21:06:43 [INFO]   [1050/9855] foursat 2020-ms ms_200_12_20-2.wcnf                      cost=      inf t=305.6s (ETA 1385.0m)
21:15:45 [INFO]   [1100/9855] foursat 2020-ms scpcyc08_maxsat.wcnf                     cost=      633 t=242.9s (ETA 1386.5m)
21:21:53 [INFO]   [1150/9855] foursat 2020-ms pesp_5min.wcnf                           cost=      inf t=305.3s (ETA 1365.1m)
21:30:13 [INFO]   [1200/9855] foursat 2020-ms p_hat500-3.clq.wcnf                      cost=      500 t=246.3s (ETA 1360.8m)
21:37:05 [INFO]   [1250/9855] foursat 2020-ms ram_k3_n16.ra0.wcnf                      cost=       83 t=242.3s (ETA 1346.1m)
21:44:25 [INFO]   [1300/9855] foursat 2020-ms mul_8_14.wcnf                            cost=      inf t=305.1s (ETA 1335.1m)
21:52:11 [INFO]   [1350/9855]   nuwls 2020-wms Rounded_CorrelationClustering_Protein1_U cost= 15799069 t=300.4s (ETA 1327.0m)
22:00:26 [INFO]   [1400/9855]   nuwls 2020-wms channel-500x100x100-b050.wcnf            cost= 33348213 t=301.3s (ETA 1321.9m)
22:07:45 [INFO]   [1450/9855]   nuwls 2020-wms metro_8_8_5_20_10_6_500_1_3.lp.sm-extrac cost=      173 t=300.0s (ETA 1311.2m)
22:15:47 [INFO]   [1500/9855]   nuwls 2020-wms role_domino_0.9_16.wcnf                  cost=   206616 t=300.1s (ETA 1304.7m)
22:23:37 [INFO]   [1550/9855]   nuwls 2020-wms twitter_test_4_CNF_3_10.wcnf             cost=      664 t=300.1s (ETA 1297.0m)
22:31:51 [INFO]   [1600/9855]  bandhs 2020-wms Rounded_CorrelationClustering_Protein2_U cost= 81646635 t=300.6s (ETA 1291.4m)
22:39:13 [INFO]   [1650/9855]  bandhs 2020-wms comp12.wcnf                              cost=     1044 t=300.1s (ETA 1281.3m)
22:47:04 [INFO]   [1700/9855]  bandhs 2020-wms normalized-mps-v2-20-10-sentoy.opb.msat. cost=      inf t=300.0s (ETA 1273.8m)
22:54:28 [INFO]   [1750/9855]  bandhs 2020-wms role_university_0.4_8.wcnf               cost=   202477 t=300.3s (ETA 1264.0m)
23:02:13 [INFO]   [1800/9855] satlike 2020-wms BrazilInstance4.xml.wcnf                 cost=      inf t=300.0s (ETA 1256.0m)
23:10:43 [INFO]   [1850/9855] satlike 2020-wms Rounded_CorrelationClustering_Vowel_BINA cost= 88957319 t=300.2s (ETA 1251.2m)
23:17:51 [INFO]   [1900/9855] satlike 2020-wms dds4.wcnf                                cost=      inf t=300.7s (ETA 1240.6m)
23:26:01 [INFO]   [1950/9855] satlike 2020-wms power-distribution_11_7.wcnf             cost=      145 t=300.0s (ETA 1234.3m)
23:33:44 [INFO]   [2000/9855] satlike 2020-wms role_university_violations_0.45_2.wcnf   cost=   213035 t=300.2s (ETA 1226.1m)
23:42:02 [INFO]   [2050/9855]     spb 2020-wms MinWidthCB_mitdbsample_100_43_1k_5s_2t_7 cost=    31555 t=300.0s (ETA 1220.2m)
23:49:25 [INFO]   [2100/9855]     spb 2020-wms af-synthesis_stb_50_120_9.wcnf           cost=      115 t=300.1s (ETA 1210.8m)
23:57:07 [INFO]   [2150/9855]     spb 2020-wms instance12.wcnf                          cost=     5223 t=300.1s (ETA 1202.6m)
00:04:57 [INFO]   [2200/9855]     spb 2020-wms r11.wcnf                                 cost= 45038647 t=301.2s (ETA 1194.9m)
00:12:16 [INFO]   [2250/9855]     spb 2020-wms scpnrg3_weighted.wcnf                    cost=      166 t=300.0s (ETA 1185.4m)
00:20:50 [INFO]   [2300/9855] foursat 2020-wms MinWidthCB_mitdbsample_300_32_1k_6s_2t_8 cost=      inf t=305.0s (ETA 1180.2m)
00:28:04 [INFO]   [2350/9855] foursat 2020-wms af-synthesis_stb_50_180_1.wcnf           cost=      inf t=305.1s (ETA 1170.5m)
00:36:23 [INFO]   [2400/9855] foursat 2020-wms instance7.wcnf                           cost=      inf t=305.1s (ETA 1164.3m)
00:43:06 [INFO]   [2450/9855] foursat 2020-wms ram_k3_n17.ra1.wcnf                      cost=    49305 t=243.9s (ETA 1153.2m)
00:51:17 [INFO]   [2500/9855] foursat 2020-wms tcp_students_105_it_2.wcnf               cost=      inf t=194.7s (ETA 1146.6m)
00:58:22 [INFO]   [2550/9855]   nuwls 2021-ms MinFill_R0_queen9_9.wcnf                 cost=     1712 t=300.0s (ETA 1136.8m)
01:06:55 [INFO]   [2600/9855]   nuwls 2021-ms formula_0.8_2021_atleast_127_max-6_reduc cost=       65 t=300.2s (ETA 1131.1m)
01:14:13 [INFO]   [2650/9855]   nuwls 2021-ms rev66-20.wcnf                            cost=      inf t=300.0s (ETA 1122.0m)
01:22:31 [INFO]   [2700/9855]  bandhs 2021-ms GreeceWesternGreeceUniversityInstance4.x cost=      196 t=300.1s (ETA 1115.6m)
01:29:36 [INFO]   [2750/9855]  bandhs 2021-ms data.405.wcnf                            cost=      342 t=300.0s (ETA 1106.0m)
01:37:45 [INFO]   [2800/9855]  bandhs 2021-ms ram_k4_n18.ra0.wcnf                      cost=        9 t=300.0s (ETA 1099.1m)
01:45:31 [INFO]   [2850/9855] satlike 2021-ms GenHyperTW_flat30-50.wcnf                cost=       22 t=300.1s (ETA 1091.2m)
01:53:17 [INFO]   [2900/9855] satlike 2021-ms pesp_18Min.wcnf                          cost=      349 t=300.3s (ETA 1083.4m)
02:01:41 [INFO]   [2950/9855] satlike 2021-ms ram_k3_n13.ra0.wcnf                      cost=       16 t=300.0s (ETA 1077.0m)
02:10:31 [INFO]   [3000/9855]     spb 2021-ms DBLP.wcnf                                cost=    53709 t=300.1s (ETA 1071.6m)
02:17:01 [INFO]   [3050/9855]     spb 2021-ms cnf_10.wcnf                              cost=      106 t=300.0s (ETA 1060.9m)
02:25:32 [INFO]   [3100/9855]     spb 2021-ms normalized-test4.pi.opb.msat.wcnf        cost=       94 t=300.0s (ETA 1054.6m)
02:32:39 [INFO]   [3150/9855] foursat 2021-ms 20-100-p100-49.wcnf                      cost=      inf t=305.2s (ETA 1045.4m)
02:39:48 [INFO]   [3200/9855] foursat 2021-ms maxcut-140-630-0.8-18.wcnf               cost=      175 t=243.1s (ETA 1036.2m)
02:48:11 [INFO]   [3250/9855] foursat 2021-ms ms_260_20_20-1.wcnf                      cost=      inf t=306.6s (ETA 1029.7m)
02:54:56 [INFO]   [3300/9855] foursat 2021-ms spectre_min.wcnf                         cost=      inf t=306.5s (ETA 1019.8m)
03:03:44 [INFO]   [3350/9855]   nuwls 2021-wms formula_0.8_2021_atleast_127_max-6_reduc cost=      105 t=300.4s (ETA 1014.0m)
03:11:29 [INFO]   [3400/9855]   nuwls 2021-wms role_domino_0.5_0.wcnf                   cost=   155276 t=300.1s (ETA 1006.1m)
03:18:59 [INFO]   [3450/9855]   nuwls 2021-wms scpnrf4_weighted.wcnf                    cost=       14 t=300.1s (ETA 997.8m)
03:27:02 [INFO]   [3500/9855]  bandhs 2021-wms formula_0.8_2021_atleast_63_max-5_reduce cost=      900 t=300.3s (ETA 990.4m)
03:34:05 [INFO]   [3550/9855]  bandhs 2021-wms role_domino_0.55_9.wcnf                  cost=   162580 t=300.1s (ETA 981.3m)
03:42:27 [INFO]   [3600/9855]  bandhs 2021-wms pa-2.wcnf                                cost=     1206 t=302.0s (ETA 974.6m)
03:49:22 [INFO]   [3650/9855] satlike 2021-wms formula_0.8_2021_atleast_63_max-5_reduce cost=      467 t=300.1s (ETA 965.3m)
03:58:23 [INFO]   [3700/9855] satlike 2021-wms role_domino_0.3_1.wcnf                   cost=   105612 t=300.1s (ETA 959.6m)
04:05:00 [INFO]   [3750/9855] satlike 2021-wms metro_8_8_5_20_10_6_500_1_3.lp.sm-extrac cost=      282 t=300.0s (ETA 949.9m)
04:13:50 [INFO]   [3800/9855]     spb 2021-wms formula_0.8_2021_atleast_31_max-4_reduce cost=      410 t=300.0s (ETA 943.8m)
04:21:47 [INFO]   [3850/9855]     spb 2021-wms role_domino_0.05_17.wcnf                 cost=    24205 t=300.1s (ETA 936.2m)
04:29:04 [INFO]   [3900/9855]     spb 2021-wms polysite-hsqldb.wcnf                     cost=   172782 t=302.0s (ETA 927.6m)
04:37:18 [INFO]   [3950/9855] foursat 2021-wms formula_0.8_2021_atleast_15_max-3_reduce cost=      inf t=305.1s (ETA 920.5m)
04:44:03 [INFO]   [4000/9855] foursat 2021-wms rail4872.wcnf                            cost=      inf t=305.5s (ETA 911.2m)
04:48:37 [INFO]   [4050/9855] foursat 2021-wms SwitchingActivityMaximization_OpenRISC12 cost=      inf t=305.3s (ETA 898.8m)
04:48:45 [INFO]   [4100/9855]   nuwls 2022-ms gen_mult_5_5_399.wcnf                    cost=        0 t=  0.2s (ETA 880.4m)
04:49:04 [INFO]   [4150/9855]   nuwls 2022-ms ran-scp.scp43_maxsat.wcnf                cost=        0 t=  0.1s (ETA 862.7m)
04:49:09 [INFO]   [4200/9855]   nuwls 2022-ms wcn.ionosphere_train_8_CNF_4_1.wcnf      cost=        0 t=  0.1s (ETA 845.0m)
04:56:13 [INFO]   [4250/9855]  bandhs 2022-ms GreeceWesternGreeceUniversityInstance4.x cost=      196 t=300.1s (ETA 837.0m)
05:04:10 [INFO]   [4300/9855]  bandhs 2022-ms extension-enforcement_non-strict_stb_200 cost=        8 t=300.1s (ETA 830.2m)
05:11:33 [INFO]   [4350/9855]  bandhs 2022-ms navigation_5x5_10.wcnf                   cost=      inf t=301.6s (ETA 822.6m)
05:16:41 [INFO]   [4400/9855] satlike 2022-ms MLI.twitter_train_1_CNF_4_1.wcnf         cost=        0 t=  1.0s (ETA 812.2m)
05:17:03 [INFO]   [4450/9855] satlike 2022-ms extension-enforcement_non-strict_stb_200 cost=        0 t=  0.2s (ETA 796.2m)
05:17:24 [INFO]   [4500/9855] satlike 2022-ms navigation_5x5_9.wcnf                    cost=        0 t=  0.8s (ETA 780.5m)
05:17:33 [INFO]   [4550/9855] satlike 2022-ms unw.SingleDay_15.wcnf                    cost=        0 t=  0.4s (ETA 764.9m)
05:23:19 [INFO]   [4600/9855]     spb 2022-ms GenHyperTW_flat30-99.wcnf                cost=       22 t=300.4s (ETA 756.0m)
05:30:20 [INFO]   [4650/9855]     spb 2022-ms data.729.wcnf                            cost=      638 t=300.0s (ETA 748.6m)
05:38:40 [INFO]   [4700/9855]     spb 2022-ms ms_200_22_20-3.wcnf                      cost=      inf t=302.0s (ETA 742.7m)
05:44:26 [INFO]   [4750/9855] foursat 2022-ms GenHyperTW_flat30-99.wcnf                cost=      inf t=  2.3s (ETA 733.9m)
05:45:05 [INFO]   [4800/9855] foursat 2022-ms data.405.wcnf                            cost=      inf t=  2.8s (ETA 719.8m)
05:45:33 [INFO]   [4850/9855]     spb 2022-ms sug.atcoss_sugar_18.wcnf                 cost=      inf t=300.2s (ETA 705.9m)
05:46:23 [INFO]   [4900/9855] foursat 2022-ms sysadmin_5_4.wcnf                        cost=      inf t=  2.5s (ETA 692.5m)
05:46:43 [INFO]   [4950/9855]   nuwls 2022-wms Rounded_CorrelationClustering_Protein2_B cost=        0 t=  0.9s (ETA 678.9m)
05:47:34 [INFO]   [5000/9855]   nuwls 2022-wms causal_insurance_9_100.wcnf              cost=        0 t=  0.6s (ETA 666.1m)
05:47:50 [INFO]   [5050/9855]   nuwls 2022-wms limits-10-10_data-1_inst-044_30m.sm-extr cost=        0 t=  5.8s (ETA 653.0m)
05:48:03 [INFO]   [5100/9855]   nuwls 2022-wms role_university_0.75_7.wcnf              cost=        0 t=  1.1s (ETA 640.1m)
05:53:05 [INFO]   [5150/9855]  bandhs 2022-wms BrazilInstance4.xml.wcnf                 cost=      inf t=300.1s (ETA 631.8m)
05:58:41 [INFO]   [5200/9855]  bandhs 2022-wms af-synthesis_stb_50_60_3.wcnf            cost=      138 t=300.1s (ETA 624.1m)
06:08:09 [INFO]   [5250/9855]  bandhs 2022-wms instance12.wcnf                          cost=     7012 t=300.4s (ETA 619.8m)
06:14:14 [INFO]   [5300/9855]  bandhs 2022-wms random-net-50-5_network-8.net.wcnf       cost=    47234 t=300.0s (ETA 612.5m)
06:18:13 [INFO]   [5350/9855] satlike 2022-wms SwitchingActivityMaximization_OpenRISC12 cost=        0 t=  0.3s (ETA 603.5m)
06:18:37 [INFO]   [5400/9855]  bandhs 2022-wms vio.role_domino_violations_0.15_9.wcnf   cost=    55057 t=300.1s (ETA 591.6m)
06:18:42 [INFO]   [5450/9855] satlike 2022-wms power-distribution_2_8.wcnf              cost=        0 t=  0.2s (ETA 579.6m)
06:18:45 [INFO]   [5500/9855] satlike 2022-wms vio.role_domino_violations_0.75_2.wcnf   cost=        0 t=  0.4s (ETA 567.9m)
06:23:46 [INFO]   [5550/9855]     spb 2022-wms ItalyInstance4.xml.wcnf                  cost=      833 t=300.1s (ETA 560.2m)
06:31:46 [INFO]   [5600/9855]     spb 2022-wms aus.formula_0.8_2021_atleast_127_max-6_r cost=      275 t=301.1s (ETA 554.8m)
06:38:53 [INFO]   [5650/9855]     spb 2022-wms instance6.wcnf                           cost=     2091 t=300.1s (ETA 548.8m)
06:48:13 [INFO]   [5700/9855]     spb 2022-wms role_domino_0.6_2.wcnf                   cost=   169218 t=300.2s (ETA 544.3m)
06:49:04 [INFO]   [5750/9855] foursat 2022-wms SwitchingActivityMaximization_OpenRISC12 cost=      inf t=  2.7s (ETA 533.7m)
06:49:15 [INFO]   [5800/9855] foursat 2022-wms bnn_mnist_rot_1_label0_adversarial_norm_ cost=      inf t=  3.0s (ETA 522.8m)
06:49:25 [INFO]   [5850/9855] foursat 2022-wms mul.role_domino_multiple_1.0_4.wcnf      cost=      inf t=  2.7s (ETA 512.0m)
06:49:35 [INFO]   [5900/9855] foursat 2022-wms simNo_9-s_5-m_300-n_300-fp_0.0001-fn_0.2 cost=      inf t=  4.8s (ETA 501.4m)
06:49:41 [INFO]   [5950/9855]   nuwls 2023-ms inconsistency-measurement-im-contension- cost=        0 t=  0.1s (ETA 491.0m)
06:49:41 [INFO]   [6000/9855]   nuwls 2023-ms judgment-aggregation-ja-maxham-preflib-0 cost=        0 t=  0.1s (ETA 480.7m)
06:49:44 [INFO]   [6050/9855]   nuwls 2023-ms min-fill-MinFill_R0_myciel7.wcnf         cost=        0 t=  2.7s (ETA 470.6m)
06:49:59 [INFO]   [6100/9855]   nuwls 2023-ms planning-bnn-cellda_x_12.wcnf            cost=        0 t= 16.8s (ETA 460.7m)
06:59:47 [INFO]   [6150/9855]  bandhs 2023-ms gen-hyper-tw-GenHyperTW_2bitcomp_5.wcnf  cost=       18 t=300.3s (ETA 456.8m)
07:06:46 [INFO]   [6200/9855]  bandhs 2023-ms judgment-aggregation-ja-maxham-preflib-0 cost=       51 t=300.0s (ETA 451.1m)
07:14:50 [INFO]   [6250/9855]  bandhs 2023-ms planning-bnn-cellda_x_12.wcnf            cost=      inf t=302.0s (ETA 446.0m)
07:16:07 [INFO]   [6300/9855] satlike 2023-ms gen-hyper-tw-GenHyperTW_dubois28.wcnf    cost=        0 t=  0.3s (ETA 437.1m)
07:16:13 [INFO]   [6350/9855] satlike 2023-ms judgment-aggregation-ja-slater-preflib-0 cost=        0 t=  0.2s (ETA 427.6m)
07:16:34 [INFO]   [6400/9855] satlike 2023-ms planning-bnn-sysadmin_4_3.wcnf           cost=        0 t=  0.5s (ETA 418.4m)
07:18:50 [INFO]   [6450/9855]  bandhs 2023-ms reversi-rev66-16.wcnf                    cost=      inf t=300.0s (ETA 410.3m)
07:24:58 [INFO]   [6500/9855]     spb 2023-ms decision-tree-mushroom-un-formula_0.8_20 cost=      inf t=300.3s (ETA 404.4m)
07:34:48 [INFO]   [6550/9855]     spb 2023-ms judgment-aggregation-ja-maxham-preflib-0 cost=       54 t=300.0s (ETA 400.3m)
07:41:09 [INFO]   [6600/9855]     spb 2023-ms optimizing-BDDs-vote-un-wcnf_incomplete_ cost=        5 t=300.0s (ETA 394.4m)
07:45:01 [INFO]   [6650/9855] foursat 2023-ms decision-tree-heart-cleveland-un-formula cost=      inf t=  2.2s (ETA 387.2m)
07:45:13 [INFO]   [6700/9855] foursat 2023-ms judgment-aggregation-ja-maxham-preflib-0 cost=      inf t=  2.1s (ETA 378.4m)
07:45:32 [INFO]   [6750/9855] foursat 2023-ms optimizing-BDDs-tic-tac-toe-un-wcnf_inco cost=      inf t=  3.6s (ETA 369.8m)
07:45:49 [INFO]   [6800/9855] foursat 2023-ms treewidth-computation-TWComp_queen7_7_N4 cost=      inf t=  2.7s (ETA 361.3m)
07:46:07 [INFO]   [6850/9855]   nuwls 2023-wms correlation-clustering_wt-Rounded_Correl cost=        0 t=  0.6s (ETA 353.0m)
07:46:10 [INFO]   [6900/9855]   nuwls 2023-wms hs-timetabling_wt-BrazilInstance4.xml.wc cost=        0 t=  0.3s (ETA 344.6m)
07:46:18 [INFO]   [6950/9855]   nuwls 2023-wms shiftdesign_wt-limits-10-10_data-2_inst- cost=        0 t=  5.6s (ETA 336.4m)
07:51:21 [INFO]   [7000/9855]  bandhs 2023-wms MinimumWeightDominatingSetProblem_wt-soc cost=      inf t=301.9s (ETA 330.3m)
07:59:51 [INFO]   [7050/9855]  bandhs 2023-wms decision-tree-heart-cleveland-un-formula cost=       72 t=300.5s (ETA 325.6m)
08:06:46 [INFO]   [7100/9855]  bandhs 2023-wms ramsey_wt-ram_k3_n14.ra1.wcnf            cost=     3025 t=300.0s (ETA 320.2m)
08:11:24 [INFO]   [7150/9855] satlike 2023-wms ParametricRBACMaintenance_mse20_wt-role_ cost=        0 t=  0.7s (ETA 314.0m)
08:11:28 [INFO]   [7200/9855] satlike 2023-wms generalized-ising_wt-IS15_5.0.5.0.0.5_so cost=        0 t=  0.2s (ETA 306.0m)
08:11:31 [INFO]   [7250/9855] satlike 2023-wms shiftdesign_wt-limits-10-10_data-2_inst- cost=        0 t=  1.1s (ETA 298.2m)
08:13:53 [INFO]   [7300/9855]  bandhs 2023-wms switchingactivitymaximization-SwitchingA cost=      inf t=300.2s (ETA 291.3m)
08:21:35 [INFO]   [7350/9855]     spb 2023-wms causal-discovery_wt-causal_Pigs_6_1000.w cost= 24912095 t=300.1s (ETA 286.3m)
08:29:53 [INFO]   [7400/9855]     spb 2023-wms hs-timetabling_wt-BrazilInstance5.xml.wc cost=      343 t=300.0s (ETA 281.4m)
08:36:36 [INFO]   [7450/9855]     spb 2023-wms staff-scheduling_wt-instance3.wcnf       cost=     1026 t=300.1s (ETA 276.0m)
08:36:49 [INFO]   [7500/9855] foursat 2023-wms correlation-clustering_wt-Rounded_Correl cost=      inf t=  2.2s (ETA 268.6m)
08:37:27 [INFO]   [7550/9855] foursat 2023-wms pseudoBoolean_wt-normalized-mps-v2-20-10 cost=      inf t=  2.7s (ETA 261.3m)
08:37:45 [INFO]   [7600/9855] foursat 2023-wms switchingactivitymaximization-SwitchingA cost=      inf t=  3.3s (ETA 254.0m)
08:37:53 [INFO]   [7650/9855]   nuwls 2024-ms frb-frb40-19-4.partial.wcnf              cost=        0 t=  0.1s (ETA 246.8m)
08:37:54 [INFO]   [7700/9855]   nuwls 2024-ms min-fill-MinFill_R0_myciel6.wcnf         cost=        0 t=  0.3s (ETA 239.7m)
08:37:57 [INFO]   [7750/9855]   nuwls 2024-ms optic-gen_mult_5_5_9999.wcnf             cost=        0 t=  0.5s (ETA 232.6m)
08:38:09 [INFO]   [7800/9855]   nuwls 2024-ms scheduling-cnf_12.wcnf                   cost=        0 t=  0.7s (ETA 225.7m)
08:43:10 [INFO]   [7850/9855]  bandhs 2024-ms MaxSATQueriesinInterpretableClassifiers- cost=       79 t=300.1s (ETA 220.1m)
08:48:55 [INFO]   [7900/9855]  bandhs 2024-ms gen-hyper-tw-GenHyperTW_flat30-1.wcnf    cost=       23 t=300.2s (ETA 214.6m)
08:58:11 [INFO]   [7950/9855]  bandhs 2024-ms minimize-5gons-u5-cube-maxcdcl-11-tmp-15 cost=       77 t=300.0s (ETA 210.1m)
09:04:56 [INFO]   [8000/9855]  bandhs 2024-ms planning-bnn-navigation_4x4_7.wcnf       cost=      inf t=300.9s (ETA 204.8m)
09:09:08 [INFO]   [8050/9855] satlike 2024-ms close_solutions-SAT04__industrial__velev cost=        0 t=  0.6s (ETA 199.0m)
09:09:36 [INFO]   [8100/9855] satlike 2024-ms inconsistency-measurement-im-forgetting- cost=        0 t=  0.2s (ETA 192.4m)
09:09:48 [INFO]   [8150/9855] satlike 2024-ms minimize-5gons-u5-cube-maxcdcl-48-tmp-15 cost=        0 t=  0.2s (ETA 185.8m)
09:10:05 [INFO]   [8200/9855] satlike 2024-ms privilege-escalation-cloud_access_contro cost=        0 t=  1.5s (ETA 179.3m)
09:10:09 [INFO]   [8250/9855] satlike 2024-ms xai-mindset2-colic.wcnf                  cost=        0 t=  0.3s (ETA 172.9m)
09:18:14 [INFO]   [8300/9855]     spb 2024-ms close_solutions-SAT07__industrial__vliw_ cost=       24 t=300.5s (ETA 168.0m)
09:25:11 [INFO]   [8350/9855]     spb 2024-ms inconsistency-measurement-im-hit-C-2-stb cost=       42 t=300.0s (ETA 162.9m)
09:33:19 [INFO]   [8400/9855]     spb 2024-ms minimize-5gons-u5-cube-maxcdcl-58-tmp-15 cost=       77 t=300.0s (ETA 157.9m)
09:43:13 [INFO]   [8450/9855]     spb 2024-ms protein_ins-1bpi_.5pti_.g.wcnf.t.wcnf    cost=       29 t=300.3s (ETA 153.2m)
09:45:19 [INFO]   [8500/9855] foursat 2024-ms decision-tree-soybean-un-formula_0.8_202 cost=      inf t=  2.5s (ETA 147.3m)
09:45:43 [INFO]   [8550/9855] foursat 2024-ms judgment-aggregation-ja-maxham-preflib-0 cost=      inf t=  2.6s (ETA 141.1m)
09:46:04 [INFO]   [8600/9855] foursat 2024-ms optic-gen_mult_4_6_991.wcnf              cost=      inf t=  2.5s (ETA 134.9m)
09:46:30 [INFO]   [8650/9855] foursat 2024-ms protein_ins-p1.wcnf.t.wcnf               cost=      inf t=  2.1s (ETA 128.9m)
09:46:47 [INFO]   [8700/9855] foursat 2024-ms xai-mindset2-house-votes-84.wcnf         cost=      inf t=  2.4s (ETA 122.8m)
09:47:13 [INFO]   [8750/9855]   nuwls 2024-wms af-synthesis_wt-af-synthesis_stb_50_40_0 cost=        0 t=  0.2s (ETA 116.9m)
09:47:16 [INFO]   [8800/9855]   nuwls 2024-wms judgment-aggregation-ja-kemeny-preflib-0 cost=        0 t=  0.2s (ETA 111.0m)
09:47:20 [INFO]   [8850/9855]   nuwls 2024-wms railway-transport_wt-f2030.wcnf          cost=        0 t=  0.6s (ETA 105.1m)
09:47:25 [INFO]   [8900/9855]   nuwls 2024-wms tcp_wt-tcp_students_112_it_13.wcnf       cost=        0 t=  0.1s (ETA 99.3m)
09:53:13 [INFO]   [8950/9855]  bandhs 2024-wms BTBNSL_wt-Rounded_BTWBNSL_hailfinder_100 cost=6230759437 t=300.1s (ETA 94.2m)
09:59:05 [INFO]   [9000/9855]  bandhs 2024-wms af-synthesis_wt-af-synthesis_stb_50_160_ cost=      124 t=300.1s (ETA 89.1m)
10:08:15 [INFO]   [9050/9855]  bandhs 2024-wms frb_wt-frb40-19-4.wcnf                   cost=      721 t=300.0s (ETA 84.2m)
10:17:26 [INFO]   [9100/9855]  bandhs 2024-wms quantum-circuit-qgan_6_15_ibmq-casablanc cost=      inf t=300.0s (ETA 79.3m)
10:22:35 [INFO]   [9150/9855] satlike 2024-wms BTBNSL_wt-Rounded_BTWBNSL_insurance_1000 cost=        0 t=  0.3s (ETA 74.0m)
10:23:23 [INFO]   [9200/9855] satlike 2024-wms abstraction-refinement_wt-polysite-avror cost=        0 t=  1.6s (ETA 68.5m)
10:23:24 [INFO]   [9250/9855] satlike 2024-wms drmx-cryptogen_wt-threshold128_2.wcnf    cost=        0 t=  0.2s (ETA 62.9m)
10:23:26 [INFO]   [9300/9855] satlike 2024-wms quantum-circuit-qgan_6_15_ibmq-casablanc cost=        0 t=  0.2s (ETA 57.4m)
10:23:28 [INFO]   [9350/9855] satlike 2024-wms synplicate_new-synplicate_complete_tree_ cost=        0 t=  0.4s (ETA 52.0m)
10:28:30 [INFO]   [9400/9855]     spb 2024-wms BTBNSL_wt-Rounded_BTWBNSL_Hepatitis.BIC_ cost=132727742 t=300.0s (ETA 46.8m)
10:34:07 [INFO]   [9450/9855]     spb 2024-wms abstraction-refinement_wt-polysite-lusea cost=   421613 t=300.5s (ETA 41.7m)
10:43:30 [INFO]   [9500/9855]     spb 2024-wms decision-tree-tic-tac-toe-un-formula_0.8 cost=      286 t=300.0s (ETA 36.7m)
10:49:57 [INFO]   [9550/9855]     spb 2024-wms protein_ins_wt-1knt_.5pti_.g.wcnf.t.wcnf cost=     2208 t=300.2s (ETA 31.6m)
10:58:31 [INFO]   [9600/9855]     spb 2024-wms synplicate_new-synplicate_complete_tree_ cost=      inf t=300.1s (ETA 26.5m)
10:58:44 [INFO]   [9650/9855] foursat 2024-wms abstraction-refinement_wt-downcast-avror cost=      inf t=  2.5s (ETA 21.2m)
10:58:55 [INFO]   [9700/9855] foursat 2024-wms decision-tree-australian-credit-un-formu cost=      inf t=  3.0s (ETA 15.9m)
10:59:08 [INFO]   [9750/9855] foursat 2024-wms lisbon-wedding_wt-lisbon-wedding-9-18.wc cost=      inf t=  3.6s (ETA 10.7m)
10:59:17 [INFO]   [9800/9855] foursat 2024-wms switchingactivitymaximization-SwitchingA cost=      inf t=  3.0s (ETA 5.6m)
11:02:29 [INFO]   [9850/9855]     spb 2024-wms timetabling_wt-comp07.lp.sm-extracted.wc cost=      154 t=300.4s (ETA 0.5m)
11:03:30 [INFO]   [9855/9855]     spb 2024-wms timetabling_wt-comp10.wcnf               cost=       54 t=300.1s (ETA 0.0m)
11:03:30 [INFO] Wrote ./results/baselines_300s/nuwls_results_raw.json
11:03:30 [INFO] Wrote ./results/baselines_300s/bandhs_results_raw.json
11:03:30 [INFO] Wrote ./results/baselines_300s/satlike_results_raw.json
11:03:30 [INFO] Wrote ./results/baselines_300s/spb_results_raw.json
11:03:30 [INFO] Wrote ./results/baselines_300s/foursat_results_raw.json
