10:28:55 [INFO] Queued 5913 solver runs across 3 baselines
10:28:55 [INFO] 
============================================================
  TIMEOUT 60s
============================================================
10:30:55 [INFO]   [50/5913] nuwls_c 2020-ms wdbc_train_7_DNF_5_1.wcnf                cost=       21 t= 60.0s (ETA 235.1m)
10:31:55 [INFO]   [100/5913] nuwls_c 2020-ms gen_add_4_carry_33.wcnf                  cost=      188 t= 60.0s (ETA 174.7m)
10:32:55 [INFO]   [150/5913] nuwls_c 2020-ms p_hat1000-3.clq.wcnf                     cost=      932 t= 60.0s (ETA 153.9m)
10:33:55 [INFO]   [200/5913] nuwls_c 2020-ms normalized-par32-5.opb.msat.wcnf         cost=      inf t= 60.0s (ETA 143.0m)
10:34:55 [INFO]   [250/5913] nuwls_c 2020-ms g2_n13e12_n46e57.wcnf                    cost=        1 t= 60.0s (ETA 136.1m)
10:35:56 [INFO]   [300/5913]   spb_c 2020-ms credit_train_1_CNF_3_1.wcnf              cost=     4867 t= 60.1s (ETA 131.1m)
10:36:56 [INFO]   [350/5913]   spb_c 2020-ms GenHyperTW_par8-5-c.wcnf                 cost=       10 t= 60.1s (ETA 127.3m)
10:37:56 [INFO]   [400/5913]   spb_c 2020-ms TWComp_queen6_6_N36.wcnf                 cost=       25 t= 60.0s (ETA 124.2m)
10:38:56 [INFO]   [450/5913]   spb_c 2020-ms SU3__simp-genos.haps.9.wcnf              cost=      106 t= 60.0s (ETA 121.6m)
10:39:56 [INFO]   [500/5913]   spb_c 2020-ms MinFill_R0_queen8_8.wcnf                 cost=     1015 t= 60.0s (ETA 119.3m)
10:40:56 [INFO]   [550/5913] nuwls_bandhs 2020-ms SM_MAIN_MEM_buggy1.dimacs.filtered.wcnf  cost=      548 t= 60.3s (ETA 117.2m)
10:41:56 [INFO]   [600/5913] nuwls_bandhs 2020-ms atcoss_mesat_18.wcnf                     cost=      inf t= 60.1s (ETA 115.3m)
10:42:57 [INFO]   [650/5913] nuwls_bandhs 2020-ms extension-enforcement_non-strict_stb_200 cost=        8 t= 60.0s (ETA 113.6m)
10:43:57 [INFO]   [700/5913] nuwls_bandhs 2020-ms uaq-ppr-nr200-nc66-n5-k2-rpp6-ppr5-plb10 cost=       65 t= 60.0s (ETA 111.9m)
10:44:57 [INFO]   [750/5913] nuwls_bandhs 2020-ms rev66-18.wcnf                            cost=      inf t= 60.0s (ETA 110.3m)
10:45:57 [INFO]   [800/5913] nuwls_c 2020-wms MinWidthCB_mitdbsample_300_26_1k_6s_1t_8 cost=    30750 t= 60.0s (ETA 108.8m)
10:46:57 [INFO]   [850/5913] nuwls_c 2020-wms af-synthesis_stb_50_140_7.wcnf           cost=      109 t= 60.2s (ETA 107.4m)
10:47:58 [INFO]   [900/5913] nuwls_c 2020-wms delaunay_n24.wcnf                        cost=      inf t= 60.7s (ETA 106.1m)
10:48:58 [INFO]   [950/5913] nuwls_c 2020-wms ram_k3_n15.ra1.wcnf                      cost=     4884 t= 60.0s (ETA 104.7m)
10:49:58 [INFO]   [1000/5913] nuwls_c 2020-wms scpnrh1_weighted.wcnf                    cost=       64 t= 60.1s (ETA 103.4m)
10:50:59 [INFO]   [1050/5913]   spb_c 2020-wms MinWidthCB_mitdbsample_300_64_1k_15s_2t_ cost=    61940 t= 60.0s (ETA 102.2m)
10:51:59 [INFO]   [1100/5913]   spb_c 2020-wms af-synthesis_stb_50_20_8.wcnf            cost=      123 t= 60.0s (ETA 100.9m)
10:53:00 [INFO]   [1150/5913]   spb_c 2020-wms limits-10-10_data-2_inst-003_30m.sm-extr cost=      inf t= 60.4s (ETA 99.8m)
10:54:03 [INFO]   [1200/5913]   spb_c 2020-wms ram_k3_n19.ra1.wcnf                      cost=    20717 t= 60.0s (ETA 98.7m)
10:55:56 [INFO]   [1250/5913]   spb_c 2020-wms simNo_6-s_5-m_100-n_500-fp_0.0001-fn_0.2 cost=959652999554895 t= 60.3s (ETA 100.8m)
10:56:56 [INFO]   [1300/5913] nuwls_bandhs 2020-wms Rounded_BTWBNSL_Voting_TWBound_3.wcnf    cost=466319314 t= 60.0s (ETA 99.4m)
10:57:57 [INFO]   [1350/5913] nuwls_bandhs 2020-wms brock400_3.clq.wcnf                      cost=     1259 t= 60.0s (ETA 98.1m)
10:58:57 [INFO]   [1400/5913] nuwls_bandhs 2020-wms lisbon-wedding-4-17.wcnf                 cost=      inf t= 60.0s (ETA 96.8m)
10:59:57 [INFO]   [1450/5913] nuwls_bandhs 2020-wms random-net-40-5_network-7.net.wcnf       cost=    35573 t= 60.0s (ETA 95.5m)
11:00:58 [INFO]   [1500/5913] nuwls_bandhs 2020-wms tcp_students_98_it_11.wcnf               cost=     2808 t= 60.0s (ETA 94.3m)
11:01:58 [INFO]   [1550/5913] nuwls_c 2021-ms MultiDay_1_weighted.wcnf                 cost=    75034 t= 60.0s (ETA 93.0m)
11:02:58 [INFO]   [1600/5913] nuwls_c 2021-ms formula_0.8_2021_atleast_127_max-6_reduc cost=       27 t= 60.3s (ETA 91.8m)
11:03:58 [INFO]   [1650/5913] nuwls_c 2021-ms scpcyc08_maxsat.wcnf                     cost=      346 t= 60.0s (ETA 90.6m)
11:04:59 [INFO]   [1700/5913]   spb_c 2021-ms MultiDay_3.wcnf                          cost=   153521 t= 60.2s (ETA 89.4m)
11:05:59 [INFO]   [1750/5913]   spb_c 2021-ms formula_0.8_2021_atleast_15_max-3_reduce cost=       73 t= 60.0s (ETA 88.2m)
11:07:00 [INFO]   [1800/5913]   spb_c 2021-ms scpclr11_maxsat.wcnf                     cost=       23 t= 60.0s (ETA 87.0m)
11:08:00 [INFO]   [1850/5913] nuwls_bandhs 2021-ms MinFill_R0_queen9_9.wcnf                 cost=     1729 t= 60.1s (ETA 85.8m)
11:09:00 [INFO]   [1900/5913] nuwls_bandhs 2021-ms formula_0.8_2021_atleast_15_max-3_reduce cost=       73 t= 60.0s (ETA 84.7m)
11:10:00 [INFO]   [1950/5913] nuwls_bandhs 2021-ms rev66-20.wcnf                            cost=      inf t= 60.0s (ETA 83.5m)
11:11:26 [INFO]   [2000/5913] nuwls_c 2021-wms Rounded_CorrelationClustering_Protein1_U cost=  9902505 t= 60.2s (ETA 83.2m)
11:12:01 [INFO]   [2050/5913] nuwls_c 2021-wms instance11.wcnf                          cost=     3746 t= 60.1s (ETA 81.2m)
11:13:02 [INFO]   [2100/5913] nuwls_c 2021-wms SwitchingActivityMaximization_OpenRISC12 cost=      inf t= 60.1s (ETA 80.1m)
11:14:02 [INFO]   [2150/5913]   spb_c 2021-wms Rounded_CorrelationClustering_Protein1_U cost=  9506752 t= 60.1s (ETA 79.0m)
11:15:02 [INFO]   [2200/5913]   spb_c 2021-wms instance10.wcnf                          cost=     5699 t= 60.1s (ETA 77.8m)
11:16:03 [INFO]   [2250/5913]   spb_c 2021-wms SwitchingActivityMaximization_OpenRISC12 cost=      inf t= 60.2s (ETA 76.7m)
11:17:04 [INFO]   [2300/5913] nuwls_bandhs 2021-wms Subnetwork_9_weighted.wcnf               cost=    82921 t= 60.0s (ETA 75.6m)
11:18:04 [INFO]   [2350/5913] nuwls_bandhs 2021-wms formula_0.8_2021_atleast_63_max-5_reduce cost=      531 t= 60.1s (ETA 74.5m)
11:19:03 [INFO]   [2400/5913] nuwls_c 2022-ms GenHyperTW_flat30-50.wcnf                cost=        0 t=  0.5s (ETA 73.4m)
11:19:06 [INFO]   [2450/5913] nuwls_c 2022-ms dim.hamming8-2.clq.wcnf                  cost=        0 t=  0.0s (ETA 70.9m)
11:19:13 [INFO]   [2500/5913] nuwls_c 2022-ms mul_8_13.wcnf                            cost=        0 t=  2.5s (ETA 68.7m)
11:19:23 [INFO]   [2550/5913] nuwls_c 2022-ms indo.wcnf                                cost=        0 t= 17.0s (ETA 66.6m)
11:20:02 [INFO]   [2600/5913] nuwls_bandhs 2021-wms af-synthesis_stb_50_40_8.wcnf            cost=      119 t= 60.1s (ETA 65.1m)
11:21:02 [INFO]   [2650/5913]   spb_c 2022-ms bip.maxcut-140-630-0.7-44.wcnf           cost=      163 t= 60.0s (ETA 64.2m)
11:22:03 [INFO]   [2700/5913]   spb_c 2022-ms lam.20-100-p100-55.wcnf                  cost=       79 t= 60.0s (ETA 63.2m)
11:23:03 [INFO]   [2750/5913]   spb_c 2022-ms ran-scp.scpnrh5_maxsat.wcnf              cost=       40 t= 60.0s (ETA 62.3m)
11:24:03 [INFO]   [2800/5913] nuwls_bandhs 2022-ms GenHyperTW_hole6.wcnf                    cost=        7 t= 60.0s (ETA 61.3m)
11:25:04 [INFO]   [2850/5913] nuwls_bandhs 2022-ms dim.MANN_a9.clq.wcnf                     cost=      422 t= 60.0s (ETA 60.3m)
11:26:05 [INFO]   [2900/5913] nuwls_bandhs 2022-ms ms_200_6_20-0.wcnf                       cost=      inf t= 61.0s (ETA 59.4m)
11:27:02 [INFO]   [2950/5913] nuwls_c 2022-wms Rounded_BTWBNSL_insurance_1000_1_3.score cost=        0 t=  0.1s (ETA 58.4m)
11:27:05 [INFO]   [3000/5913] nuwls_bandhs 2022-ms str.p_hat1000-1.clq.wcnf                 cost=      990 t= 60.0s (ETA 56.5m)
11:27:17 [INFO]   [3050/5913] nuwls_c 2022-wms lisbon-wedding-10-19.wcnf                cost=        0 t=  1.4s (ETA 54.8m)
11:27:31 [INFO]   [3100/5913] nuwls_c 2022-wms role_university_0.15_8.wcnf              cost=        0 t=  1.6s (ETA 53.2m)
11:28:02 [INFO]   [3150/5913] nuwls_bandhs 2022-ms wei.MultiDay_1_weighted.wcnf             cost=    75027 t= 60.1s (ETA 51.8m)
11:29:03 [INFO]   [3200/5913]   spb_c 2022-wms Rounded_CorrelationClustering_Protein4_U cost=  9265611 t= 60.1s (ETA 51.0m)
11:30:03 [INFO]   [3250/5913]   spb_c 2022-wms comp15.wcnf                              cost=      107 t= 60.0s (ETA 50.1m)
11:31:04 [INFO]   [3300/5913]   spb_c 2022-wms pri.formula_0.8_2021_atleast_31_max-4_re cost=      148 t= 60.0s (ETA 49.2m)
11:32:04 [INFO]   [3350/5913]   spb_c 2022-wms vio.role_domino_violations_0.7_3.wcnf    cost=   180502 t= 60.0s (ETA 48.3m)
11:33:05 [INFO]   [3400/5913] nuwls_bandhs 2022-wms SwitchingActivityMaximization_OpenRISC12 cost=      inf t= 60.1s (ETA 47.4m)
11:34:06 [INFO]   [3450/5913] nuwls_bandhs 2022-wms dds4.wcnf                                cost=      inf t= 61.1s (ETA 46.5m)
11:35:07 [INFO]   [3500/5913] nuwls_bandhs 2022-wms pa-3.wcnf                                cost=      inf t= 61.8s (ETA 45.6m)
11:35:39 [INFO]   [3550/5913] nuwls_c 2023-ms gen-hyper-tw-GenHyperTW_aim-50-1_6-no-3. cost=        0 t=  0.1s (ETA 44.4m)
11:35:40 [INFO]   [3600/5913] nuwls_c 2023-ms inconsistency-measurement-im-sum-A-2-grd cost=        0 t=  0.2s (ETA 42.9m)
11:35:42 [INFO]   [3650/5913] nuwls_c 2023-ms optimizing-BDDs-primary-tumor-un-wcnf_in cost=        0 t=  0.6s (ETA 41.4m)
11:35:47 [INFO]   [3700/5913] nuwls_c 2023-ms xai-mindset2-soybean.wcnf                cost=        0 t=  0.4s (ETA 40.0m)
11:36:48 [INFO]   [3750/5913]   spb_c 2023-ms aes-sbox_8.wcnf                          cost=      inf t= 60.3s (ETA 39.2m)
11:37:53 [INFO]   [3800/5913]   spb_c 2023-ms inconsistency-measurement-im-hit-A-2-grd cost=      344 t= 60.0s (ETA 38.3m)
11:38:55 [INFO]   [3850/5913]   spb_c 2023-ms optimizing-BDDs-australian-credit-un-wcn cost=       89 t= 60.0s (ETA 37.5m)
11:39:57 [INFO]   [3900/5913]   spb_c 2023-ms reversi-rev66-32.wcnf                    cost=      inf t= 60.0s (ETA 36.7m)
11:41:04 [INFO]   [3950/5913] nuwls_bandhs 2023-ms fault-diagnosis-s38584_nan_explicit_10_0 cost=      inf t= 60.1s (ETA 35.9m)
11:42:04 [INFO]   [4000/5913] nuwls_bandhs 2023-ms judgment-aggregation-ja-maxham-preflib-0 cost=       56 t= 60.0s (ETA 35.0m)
11:43:05 [INFO]   [4050/5913] nuwls_bandhs 2023-ms planning-bnn-cellda_y_10.wcnf            cost=      inf t= 60.7s (ETA 34.1m)
11:43:15 [INFO]   [4100/5913] nuwls_c 2023-wms correlation-clustering_wt-Rounded_Correl cost=        0 t=  0.3s (ETA 32.9m)
11:43:17 [INFO]   [4150/5913] nuwls_c 2023-wms judgment-aggregation-ja-kemeny-preflib-0 cost=        0 t=  0.1s (ETA 31.6m)
11:43:19 [INFO]   [4200/5913] nuwls_c 2023-wms staff-scheduling_wt-instance8.wcnf       cost=        0 t=  0.1s (ETA 30.3m)
11:43:55 [INFO]   [4250/5913] nuwls_bandhs 2023-ms treewidth-computation-TWComp_eil51.tsp_N cost=       10 t= 60.0s (ETA 29.3m)
11:44:58 [INFO]   [4300/5913]   spb_c 2023-wms causal-discovery_wt-causal_alarm_9_1000. cost= 50849441 t= 60.1s (ETA 28.5m)
11:46:04 [INFO]   [4350/5913]   spb_c 2023-wms hs-timetabling_wt-BrazilInstance7.xml.wc cost=      790 t= 60.0s (ETA 27.7m)
11:47:04 [INFO]   [4400/5913]   spb_c 2023-wms staff-scheduling_wt-instance5.wcnf       cost=     1314 t= 60.0s (ETA 26.9m)
11:48:06 [INFO]   [4450/5913] nuwls_bandhs 2023-wms abstraction-refinement_wt-polysite-bloat cost=      inf t= 60.5s (ETA 26.0m)
11:49:21 [INFO]   [4500/5913] nuwls_bandhs 2023-wms generalized-ising_wt-IS4_5.0.5.0.0.5_sof cost=115956907147423 t= 60.0s (ETA 25.3m)
11:49:54 [INFO]   [4550/5913] nuwls_c 2024-ms SeanSafarpour-wb_4m8s4.dimacs.filtered.w cost=        0 t=  1.4s (ETA 24.3m)
11:50:01 [INFO]   [4600/5913] nuwls_c 2024-ms inconsistency-measurement-im-forgetting- cost=        0 t=  0.0s (ETA 23.1m)
11:50:02 [INFO]   [4650/5913] nuwls_c 2024-ms minimize-5gons-u5-cube-maxcdcl-41-tmp-15 cost=        0 t=  0.0s (ETA 22.0m)
11:50:08 [INFO]   [4700/5913] nuwls_c 2024-ms privilege-escalation-cloud_access_contro cost=        0 t=  0.4s (ETA 21.0m)
11:50:13 [INFO]   [4750/5913] nuwls_c 2024-ms privilege-escalation-cloud_access_contro cost=        0 t=  6.2s (ETA 19.9m)
11:51:15 [INFO]   [4800/5913]   spb_c 2024-ms MaxSATQueriesinInterpretableClassifiers- cost=       62 t= 60.0s (ETA 19.1m)
11:52:17 [INFO]   [4850/5913]   spb_c 2024-ms gen-hyper-tw-GenHyperTW_grid3d_5.wcnf    cost=       12 t= 60.0s (ETA 18.3m)
11:53:18 [INFO]   [4900/5913]   spb_c 2024-ms minimize-5gons-u5-cube-maxcdcl-13-tmp-15 cost=       77 t= 60.0s (ETA 17.4m)
11:54:19 [INFO]   [4950/5913]   spb_c 2024-ms planning-bnn-sysadmin_4_3.wcnf           cost=      inf t= 60.3s (ETA 16.6m)
11:55:21 [INFO]   [5000/5913]   spb_c 2024-ms treewidth-computation-TWComp_1dj7_N73.wc cost=       29 t= 60.1s (ETA 15.8m)
11:56:22 [INFO]   [5050/5913] nuwls_bandhs 2024-ms des-cnf.19.p.10.wcnf                     cost=      inf t= 60.1s (ETA 14.9m)
11:57:22 [INFO]   [5100/5913] nuwls_bandhs 2024-ms judgment-aggregation-ja-slater-preflib-0 cost=      300 t= 60.0s (ETA 14.1m)
11:58:23 [INFO]   [5150/5913] nuwls_bandhs 2024-ms optimizing-BDDs-lymph-un-wcnf_incomplete cost=       13 t= 60.0s (ETA 13.3m)
11:59:15 [INFO]   [5200/5913] nuwls_bandhs 2024-ms privilege-escalation-cloud_access_contro cost=      inf t= 62.0s (ETA 12.4m)
11:59:25 [INFO]   [5250/5913] nuwls_c 2024-wms af-synthesis_wt-af-synthesis_stb_50_20_4 cost=        0 t=  1.4s (ETA 11.4m)
11:59:30 [INFO]   [5300/5913] nuwls_c 2024-wms frb_wt-frb40-19-3.wcnf                   cost=        0 t=  1.5s (ETA 10.5m)
11:59:32 [INFO]   [5350/5913] nuwls_c 2024-wms mpe_wt-random-net-60-3_network-7.net.wcn cost=        0 t=  0.7s (ETA 9.5m)
11:59:36 [INFO]   [5400/5913] nuwls_c 2024-wms synplicate_new-synplicate_complete_tree_ cost=        0 t=  0.7s (ETA 8.6m)
11:59:51 [INFO]   [5450/5913] nuwls_bandhs 2024-ms xai-mindset2-colic.wcnf                  cost=      234 t= 60.1s (ETA 7.7m)
12:00:52 [INFO]   [5500/5913]   spb_c 2024-wms abstraction-refinement_wt-downcast-antlr cost=    76314 t= 60.5s (ETA 6.9m)
12:01:52 [INFO]   [5550/5913]   spb_c 2024-wms decision-tree-heart-cleveland-un-formula cost=      203 t= 60.0s (ETA 6.1m)
12:03:37 [INFO]   [5600/5913]   spb_c 2024-wms mpe_wt-random-net-20-5_network-3.net.wcn cost=    19569 t= 60.0s (ETA 5.3m)
12:04:37 [INFO]   [5650/5913]   spb_c 2024-wms synplicate_new-synplicate_complete_tree_ cost=      427 t= 60.0s (ETA 4.5m)
12:05:37 [INFO]   [5700/5913] nuwls_bandhs 2024-wms MaxSATQueriesinInterpretableClassifiers_ cost=    31678 t= 60.0s (ETA 3.6m)
12:06:38 [INFO]   [5750/5913] nuwls_bandhs 2024-wms af-synthesis_wt-af-synthesis_stb_50_200_ cost=      106 t= 60.2s (ETA 2.8m)
12:07:38 [INFO]   [5800/5913] nuwls_bandhs 2024-wms judgment-aggregation-ja-kemeny-preflib-0 cost=      779 t= 60.0s (ETA 1.9m)
12:08:39 [INFO]   [5850/5913] nuwls_bandhs 2024-wms ramsey_wt-ram_k3_n12.ra1.wcnf            cost=      524 t= 60.0s (ETA 1.1m)
12:09:39 [INFO]   [5900/5913] nuwls_bandhs 2024-wms synplicate_new-synplicate_synthetic_dag_ cost=      inf t= 60.0s (ETA 0.2m)
12:09:40 [INFO]   [5913/5913] nuwls_bandhs 2024-wms timetabling_wt-test4.wcnf                cost=      495 t= 60.0s (ETA 0.0m)
12:09:41 [INFO] Wrote ./results/baselines_new4/nuwls_c_results_raw.json
12:09:41 [INFO] Wrote ./results/baselines_new4/spb_c_results_raw.json
12:09:41 [INFO] Wrote ./results/baselines_new4/nuwls_bandhs_results_raw.json
