03:01:44 [INFO] Queued 9855 solver runs across 5 baselines
03:01:44 [INFO] 
============================================================
  TIMEOUT 300s
============================================================
03:11:45 [INFO]   [50/9855]   nuwls 2020-ms cnf.19.p.10.wcnf                         cost=      inf t=300.1s (ETA 1962.8m)
03:21:44 [INFO]   [100/9855]   nuwls 2020-ms gen_mult_3_5_9999.wcnf                   cost=       58 t=300.0s (ETA 1951.7m)
03:26:45 [INFO]   [150/9855]   nuwls 2020-ms SingleDay_37.wcnf                        cost=    82391 t=300.5s (ETA 1618.5m)
03:36:45 [INFO]   [200/9855]   nuwls 2020-ms ram_k3_n12.ra0.wcnf                      cost=       10 t=300.0s (ETA 1690.2m)
03:41:47 [INFO]   [250/9855]   nuwls 2020-ms mul_8_9.wcnf                             cost=       42 t=300.1s (ETA 1538.5m)
03:51:45 [INFO]   [300/9855]  bandhs 2020-ms heart_train_1_DNF_3_1.wcnf               cost=       46 t=300.0s (ETA 1593.2m)
03:56:48 [INFO]   [350/9855]  bandhs 2020-ms GenHyperTW_hole6.wcnf                    cost=        7 t=300.1s (ETA 1495.7m)
04:06:46 [INFO]   [400/9855]  bandhs 2020-ms TWComp_myciel5_N47.wcnf                  cost=       19 t=300.0s (ETA 1537.2m)
04:16:45 [INFO]   [450/9855]  bandhs 2020-ms SU3__simp-genos.haps.80.wcnf             cost=      102 t=300.0s (ETA 1568.0m)
04:21:47 [INFO]   [500/9855]  bandhs 2020-ms MinFill_R0_queen11_11.wcnf               cost=     4612 t=300.2s (ETA 1497.9m)
04:31:46 [INFO]   [550/9855] satlike 2020-ms SM_MAIN_MEM_buggy1.dimacs.filtered.wcnf  cost=      620 t=300.5s (ETA 1523.2m)
04:36:48 [INFO]   [600/9855] satlike 2020-ms atcoss_sugar_10.wcnf                     cost=      inf t=300.1s (ETA 1466.5m)
04:46:48 [INFO]   [650/9855] satlike 2020-ms extension-enforcement_non-strict_stb_200 cost=        8 t=300.1s (ETA 1487.9m)
04:51:49 [INFO]   [700/9855] satlike 2020-ms uaq-ppr-nr200-nc66-n5-k2-rpp6-ppr5-plb10 cost=       65 t=300.0s (ETA 1439.8m)
05:01:48 [INFO]   [750/9855] satlike 2020-ms rev66-18.wcnf                            cost=      inf t=300.0s (ETA 1457.7m)
05:06:52 [INFO]   [800/9855]     spb 2020-ms heart-c.wcnf                             cost=      251 t=300.0s (ETA 1416.4m)
05:16:49 [INFO]   [850/9855]     spb 2020-ms scpcyc10_maxsat.wcnf                     cost=     1836 t=300.0s (ETA 1431.2m)
05:26:47 [INFO]   [900/9855]     spb 2020-ms extension-enforcement_non-strict_stb_150 cost=        4 t=300.1s (ETA 1443.2m)
05:31:51 [INFO]   [950/9855]     spb 2020-ms uaq-ppr-nr200-nc66-n5-k2-rpp4-ppr11-plb1 cost=       76 t=300.0s (ETA 1407.1m)
05:41:49 [INFO]   [1000/9855]     spb 2020-ms MANN_a27.clq.wcnf                        cost=      404 t=300.0s (ETA 1417.5m)
05:46:58 [INFO]   [1050/9855] foursat 2020-ms ms_200_12_20-2.wcnf                      cost=      inf t=305.7s (ETA 1385.6m)
05:56:57 [INFO]   [1100/9855] foursat 2020-ms toms_test_1_DNF_2_1.wcnf                 cost=      inf t=305.1s (ETA 1394.6m)
06:02:08 [INFO]   [1150/9855] foursat 2020-ms pesp_5min.wcnf                           cost=      inf t=305.3s (ETA 1365.6m)
06:11:25 [INFO]   [1200/9855] foursat 2020-ms uaq-ppr-nr200-nc66-n5-k2-rpp4-ppr14-plb1 cost=   201282 t=246.6s (ETA 1368.1m)
06:19:00 [INFO]   [1250/9855] foursat 2020-ms ram_k3_n12.ra0.wcnf                      cost=       31 t=243.0s (ETA 1358.0m)
06:25:46 [INFO]   [1300/9855] foursat 2020-ms mul_8_9.wcnf                             cost=      inf t=305.2s (ETA 1342.7m)
06:34:41 [INFO]   [1350/9855]   nuwls 2020-wms Rounded_CorrelationClustering_Protein1_U cost= 15672325 t=300.2s (ETA 1341.6m)
06:41:22 [INFO]   [1400/9855]   nuwls 2020-wms channel-500x100x100-b050.wcnf            cost= 26463663 t=300.7s (ETA 1326.5m)
06:50:02 [INFO]   [1450/9855]   nuwls 2020-wms metro_8_8_5_20_10_6_500_1_3.lp.sm-extrac cost=      215 t=300.1s (ETA 1323.4m)
06:56:48 [INFO]   [1500/9855]   nuwls 2020-wms role_domino_0.9_16.wcnf                  cost=   206616 t=300.1s (ETA 1309.4m)
07:05:26 [INFO]   [1550/9855]   nuwls 2020-wms twitter_test_4_CNF_3_10.wcnf             cost=      664 t=300.1s (ETA 1305.8m)
07:12:35 [INFO]   [1600/9855]  bandhs 2020-wms Rounded_CorrelationClustering_Protein3_U cost= 70556875 t=300.5s (ETA 1294.2m)
07:20:39 [INFO]   [1650/9855]  bandhs 2020-wms comp12.wcnf                              cost=     1077 t=300.1s (ETA 1287.6m)
07:29:27 [INFO]   [1700/9855]  bandhs 2020-wms normalized-mps-v2-20-10-sentoy.opb.msat. cost=      inf t=300.0s (ETA 1284.3m)
07:35:50 [INFO]   [1750/9855]  bandhs 2020-wms role_university_0.4_8.wcnf               cost=   202477 t=300.5s (ETA 1269.5m)
07:44:52 [INFO]   [1800/9855] satlike 2020-wms BrazilInstance4.xml.wcnf                 cost=      inf t=300.0s (ETA 1267.1m)
07:51:38 [INFO]   [1850/9855] satlike 2020-wms Rounded_CorrelationClustering_Vowel_BINA cost= 88957319 t=300.2s (ETA 1254.4m)
08:00:14 [INFO]   [1900/9855] satlike 2020-wms dds4.wcnf                                cost=      inf t=301.5s (ETA 1249.8m)
08:07:19 [INFO]   [1950/9855] satlike 2020-wms power-distribution_11_7.wcnf             cost=      162 t=300.1s (ETA 1238.8m)
08:15:36 [INFO]   [2000/9855] satlike 2020-wms role_university_violations_0.45_2.wcnf   cost=   213035 t=300.4s (ETA 1232.7m)
08:22:38 [INFO]   [2050/9855]     spb 2020-wms MinWidthCB_mitdbsample_100_43_1k_5s_2t_7 cost=    31555 t=300.0s (ETA 1221.8m)
08:30:47 [INFO]   [2100/9855]     spb 2020-wms af-synthesis_stb_50_120_9.wcnf           cost=      118 t=300.0s (ETA 1215.1m)
08:39:37 [INFO]   [2150/9855]     spb 2020-wms instance12.wcnf                          cost=     5223 t=300.3s (ETA 1210.9m)
08:45:58 [INFO]   [2200/9855]     spb 2020-wms r11.wcnf                                 cost= 49077803 t=300.8s (ETA 1197.8m)
08:55:01 [INFO]   [2250/9855]     spb 2020-wms scpnrg3_weighted.wcnf                    cost=      166 t=300.1s (ETA 1194.1m)
09:01:57 [INFO]   [2300/9855] foursat 2020-wms MinWidthCB_mitdbsample_300_32_1k_6s_2t_8 cost=      inf t=305.0s (ETA 1183.2m)
09:10:12 [INFO]   [2350/9855] foursat 2020-wms brock200_4.clq.wcnf                      cost=     1128 t=243.1s (ETA 1176.8m)
09:17:49 [INFO]   [2400/9855] foursat 2020-wms instance7.wcnf                           cost=      inf t=305.1s (ETA 1168.2m)
09:25:14 [INFO]   [2450/9855] foursat 2020-wms ram_k3_n20.ra1.wcnf                      cost=    94775 t=247.4s (ETA 1159.1m)
09:32:29 [INFO]   [2500/9855] foursat 2020-wms tcp_students_98_it_15.wcnf               cost=      inf t=139.8s (ETA 1149.6m)
09:40:27 [INFO]   [2550/9855]   nuwls 2021-ms MinFill_R0_queen9_9.wcnf                 cost=     1712 t=300.1s (ETA 1142.2m)
09:48:21 [INFO]   [2600/9855]   nuwls 2021-ms formula_0.8_2021_atleast_127_max-6_reduc cost=       65 t=300.4s (ETA 1134.6m)
09:55:36 [INFO]   [2650/9855]   nuwls 2021-ms rev66-20.wcnf                            cost=      inf t=300.0s (ETA 1125.2m)
10:04:40 [INFO]   [2700/9855]  bandhs 2021-ms GreeceWesternGreeceUniversityInstance4.x cost=      196 t=300.1s (ETA 1120.8m)
10:10:56 [INFO]   [2750/9855]  bandhs 2021-ms data.405.wcnf                            cost=      342 t=300.0s (ETA 1108.9m)
10:19:33 [INFO]   [2800/9855]  bandhs 2021-ms ram_k4_n18.ra0.wcnf                      cost=        9 t=300.0s (ETA 1103.2m)
10:26:42 [INFO]   [2850/9855] satlike 2021-ms GenHyperTW_flat30-50.wcnf                cost=      inf t=300.2s (ETA 1093.7m)
10:35:25 [INFO]   [2900/9855] satlike 2021-ms pesp_18Min.wcnf                          cost=      378 t=300.2s (ETA 1088.1m)
10:43:17 [INFO]   [2950/9855] satlike 2021-ms ram_k3_n14.ra0.wcnf                      cost=       21 t=300.0s (ETA 1080.3m)
10:50:36 [INFO]   [3000/9855]     spb 2021-ms DBLP.wcnf                                cost=    54007 t=300.3s (ETA 1071.4m)
10:59:05 [INFO]   [3050/9855]     spb 2021-ms cnf_10.wcnf                              cost=      106 t=300.1s (ETA 1065.0m)
11:05:42 [INFO]   [3100/9855]     spb 2021-ms sbox_8.wcnf                              cost=      288 t=300.2s (ETA 1054.6m)
11:14:27 [INFO]   [3150/9855] foursat 2021-ms 20-100-frag12-91.wcnf                    cost=      inf t=305.3s (ETA 1048.8m)
11:20:42 [INFO]   [3200/9855] foursat 2021-ms maxcut-140-630-0.7-6.wcnf                cost=      172 t=242.9s (ETA 1037.7m)
11:29:29 [INFO]   [3250/9855] foursat 2021-ms ms_200_22_20-2.wcnf                      cost=      inf t=307.0s (ETA 1031.9m)
11:36:00 [INFO]   [3300/9855] foursat 2021-ms spectre_min.wcnf                         cost=      inf t=306.9s (ETA 1021.5m)
11:44:42 [INFO]   [3350/9855]   nuwls 2021-wms formula_0.8_2021_atleast_127_max-6_reduc cost=      105 t=300.4s (ETA 1015.5m)
11:53:39 [INFO]   [3400/9855]   nuwls 2021-wms role_domino_0.5_0.wcnf                   cost=   154605 t=300.1s (ETA 1009.9m)
11:59:57 [INFO]   [3450/9855]   nuwls 2021-wms pa-3.wcnf                                cost=     2967 t=301.4s (ETA 999.2m)
12:08:37 [INFO]   [3500/9855]  bandhs 2021-wms formula_0.8_2021_atleast_63_max-5_reduce cost=      769 t=300.1s (ETA 993.0m)
12:15:08 [INFO]   [3550/9855]  bandhs 2021-wms role_domino_0.55_9.wcnf                  cost=   162580 t=300.0s (ETA 982.9m)
12:23:50 [INFO]   [3600/9855]  bandhs 2021-wms pa-2.wcnf                                cost=     1206 t=301.2s (ETA 976.6m)
12:30:16 [INFO]   [3650/9855] satlike 2021-wms formula_0.8_2021_atleast_63_max-5_reduce cost=      467 t=300.1s (ETA 966.5m)
12:39:36 [INFO]   [3700/9855] satlike 2021-wms role_domino_0.3_1.wcnf                   cost=   104663 t=300.1s (ETA 961.3m)
12:46:04 [INFO]   [3750/9855] satlike 2021-wms metro_8_8_5_20_10_6_500_1_3.lp.sm-extrac cost=      234 t=300.0s (ETA 951.3m)
12:54:47 [INFO]   [3800/9855]     spb 2021-wms formula_0.8_2021_atleast_31_max-4_reduce cost=      410 t=300.0s (ETA 945.0m)
13:03:23 [INFO]   [3850/9855]     spb 2021-wms role_domino_0.05_17.wcnf                 cost=    24205 t=300.1s (ETA 938.4m)
13:10:02 [INFO]   [3900/9855]     spb 2021-wms polysite-pmd.wcnf                        cost=   188564 t=300.6s (ETA 928.8m)
13:18:55 [INFO]   [3950/9855] foursat 2021-wms formula_0.8_2021_atleast_15_max-3_reduce cost=      inf t=305.1s (ETA 922.6m)
13:24:55 [INFO]   [4000/9855] foursat 2021-wms rail4872.wcnf                            cost=      inf t=305.2s (ETA 912.2m)
13:29:31 [INFO]   [4050/9855]   nuwls 2022-ms MinFill_R4_miles500.wcnf                 cost=        0 t=  0.1s (ETA 899.8m)
13:29:42 [INFO]   [4100/9855]   nuwls 2022-ms gen_mult_5_5_991.wcnf                    cost=        0 t=  0.1s (ETA 881.5m)
13:29:59 [INFO]   [4150/9855]   nuwls 2022-ms ran-scp.scp47_maxsat.wcnf                cost=        0 t=  0.1s (ETA 863.7m)
13:30:03 [INFO]   [4200/9855]   nuwls 2022-ms wcn.ionosphere_train_8_CNF_4_1.wcnf      cost=        0 t=  0.0s (ETA 846.0m)
13:37:47 [INFO]   [4250/9855]  bandhs 2022-ms GreeceWesternGreeceUniversityInstance4.x cost=      196 t=300.1s (ETA 838.8m)
13:45:04 [INFO]   [4300/9855]  bandhs 2022-ms extension-enforcement_non-strict_stb_200 cost=        7 t=300.0s (ETA 831.1m)
13:53:22 [INFO]   [4350/9855]  bandhs 2022-ms navigation_5x5_10.wcnf                   cost=      inf t=300.6s (ETA 824.7m)
13:58:33 [INFO]   [4400/9855] satlike 2022-ms MLI.twitter_train_1_CNF_4_1.wcnf         cost=        0 t=  1.5s (ETA 814.3m)
13:58:57 [INFO]   [4450/9855] satlike 2022-ms extension-enforcement_non-strict_stb_200 cost=        0 t=  0.3s (ETA 798.3m)
13:59:24 [INFO]   [4500/9855] satlike 2022-ms navigation_5x5_8.wcnf                    cost=        0 t=  2.0s (ETA 782.6m)
13:59:29 [INFO]   [4550/9855] satlike 2022-ms spectre_min.wcnf                         cost=        0 t=  2.1s (ETA 766.9m)
14:04:53 [INFO]   [4600/9855]     spb 2022-ms GenHyperTW_flat30-99.wcnf                cost=       21 t=300.2s (ETA 757.6m)
14:10:50 [INFO]   [4650/9855]     spb 2022-ms data.729.wcnf                            cost=      633 t=300.0s (ETA 749.0m)
14:19:57 [INFO]   [4700/9855]     spb 2022-ms ms_200_6_20-0.wcnf                       cost=      inf t=300.8s (ETA 743.9m)
14:25:16 [INFO]   [4750/9855] foursat 2022-ms GenHyperTW_flat30-99.wcnf                cost=      inf t=  1.9s (ETA 734.6m)
14:25:46 [INFO]   [4800/9855] foursat 2022-ms data.405.wcnf                            cost=      inf t=  1.9s (ETA 720.4m)
14:26:05 [INFO]   [4850/9855] foursat 2022-ms ms_200_20_12-1.wcnf                      cost=      inf t=  2.1s (ETA 706.2m)
14:26:45 [INFO]   [4900/9855] foursat 2022-ms sysadmin_5_3.wcnf                        cost=      inf t=  1.7s (ETA 692.7m)
14:27:04 [INFO]   [4950/9855]   nuwls 2022-wms Rounded_CorrelationClustering_Ionosphere cost=        0 t=  0.2s (ETA 679.1m)
14:28:01 [INFO]   [5000/9855]   nuwls 2022-wms causal_Statlog_7_752.wcnf                cost=        0 t=  0.5s (ETA 666.4m)
14:28:19 [INFO]   [5050/9855]   nuwls 2022-wms mul.role_domino_multiple_1.0_4.wcnf      cost=        0 t=  0.7s (ETA 653.3m)
14:28:29 [INFO]   [5100/9855]   nuwls 2022-wms vio.role_domino_violations_0.25_14.wcnf  cost=        0 t=  0.5s (ETA 640.3m)
14:33:34 [INFO]   [5150/9855]  bandhs 2022-wms BrazilInstance4.xml.wcnf                 cost=      inf t=300.0s (ETA 632.1m)
14:39:55 [INFO]   [5200/9855]  bandhs 2022-wms af-synthesis_stb_50_60_3.wcnf            cost=      133 t=300.0s (ETA 625.0m)
14:48:49 [INFO]   [5250/9855]  bandhs 2022-wms instance11.wcnf                          cost=     3675 t=300.0s (ETA 620.2m)
14:55:06 [INFO]   [5300/9855]  bandhs 2022-wms random-net-50-5_network-8.net.wcnf       cost=    47234 t=300.0s (ETA 613.1m)
14:58:51 [INFO]   [5350/9855] satlike 2022-wms SwitchingActivityMaximization_OpenRISC12 cost=        0 t=  0.3s (ETA 603.9m)
14:59:19 [INFO]   [5400/9855] satlike 2022-wms dim.MANN_a81.clq.wcnf                    cost=        0 t=  0.2s (ETA 592.0m)
14:59:27 [INFO]   [5450/9855] satlike 2022-wms polysite-xalan.wcnf                      cost=        0 t=  1.0s (ETA 580.1m)
14:59:32 [INFO]   [5500/9855] satlike 2022-wms vio.role_domino_violations_0.7_16.wcnf   cost=        0 t=  0.4s (ETA 568.4m)
15:04:42 [INFO]   [5550/9855]     spb 2022-wms MinWidthCB_mitdbsample_200_64_1k_10s_2t_ cost=    58620 t=300.0s (ETA 560.8m)
15:12:01 [INFO]   [5600/9855]     spb 2022-wms aus.formula_0.8_2021_atleast_127_max-6_r cost=      275 t=300.2s (ETA 554.9m)
15:19:56 [INFO]   [5650/9855]     spb 2022-wms instance6.wcnf                           cost=     2091 t=300.0s (ETA 549.4m)
15:28:42 [INFO]   [5700/9855]     spb 2022-wms role_domino_0.6_2.wcnf                   cost=   168690 t=300.1s (ETA 544.5m)
15:29:59 [INFO]   [5750/9855] foursat 2022-wms Rounded_CorrelationClustering_Protein4_U cost=      inf t=  2.6s (ETA 534.2m)
15:30:07 [INFO]   [5800/9855] foursat 2022-wms causal_Statlog_7_752.wcnf                cost=      inf t=  2.3s (ETA 523.2m)
15:30:13 [INFO]   [5850/9855] foursat 2022-wms log.1405.wcsp.log.wcnf                   cost=      inf t=  2.3s (ETA 512.4m)
15:30:21 [INFO]   [5900/9855] foursat 2022-wms vio.role_domino_violations_0.15_9.wcnf   cost=      inf t=  2.5s (ETA 501.8m)
15:30:25 [INFO]   [5950/9855]   nuwls 2023-ms inconsistency-measurement-im-contension- cost=        0 t=  0.1s (ETA 491.4m)
15:30:26 [INFO]   [6000/9855]   nuwls 2023-ms judgment-aggregation-ja-maxham-preflib-0 cost=        0 t=  0.2s (ETA 481.0m)
15:30:28 [INFO]   [6050/9855]   nuwls 2023-ms optimizing-BDDs-hypothyroid-un-wcnf_inco cost=        0 t=  1.3s (ETA 470.9m)
15:30:39 [INFO]   [6100/9855]   nuwls 2023-ms planning-bnn-cellda_y_10.wcnf            cost=        0 t= 12.6s (ETA 461.0m)
15:40:31 [INFO]   [6150/9855]  bandhs 2023-ms gen-hyper-tw-GenHyperTW_dubois28.wcnf    cost=        5 t=300.1s (ETA 457.1m)
15:47:01 [INFO]   [6200/9855]  bandhs 2023-ms judgment-aggregation-ja-maxham-preflib-0 cost=       51 t=300.0s (ETA 451.2m)
15:55:34 [INFO]   [6250/9855]  bandhs 2023-ms planning-bnn-cellda_x_10.wcnf            cost=      inf t=302.0s (ETA 446.3m)
15:56:33 [INFO]   [6300/9855] satlike 2023-ms gen-hyper-tw-GenHyperTW_dubois28.wcnf    cost=        0 t=  0.2s (ETA 437.2m)
15:56:37 [INFO]   [6350/9855] satlike 2023-ms judgment-aggregation-ja-slater-preflib-0 cost=        0 t=  0.2s (ETA 427.7m)
15:56:49 [INFO]   [6400/9855] satlike 2023-ms planning-bnn-sysadmin_4_3.wcnf           cost=        0 t=  0.3s (ETA 418.4m)
15:59:36 [INFO]   [6450/9855]  bandhs 2023-ms reversi-rev66-16.wcnf                    cost=      inf t=300.0s (ETA 410.6m)
16:05:40 [INFO]   [6500/9855]     spb 2023-ms decision-tree-mushroom-un-formula_0.8_20 cost=      inf t=300.2s (ETA 404.6m)
16:15:32 [INFO]   [6550/9855]     spb 2023-ms judgment-aggregation-ja-maxham-preflib-0 cost=       54 t=300.0s (ETA 400.5m)
16:20:42 [INFO]   [6600/9855]     spb 2023-ms optimizing-BDDs-vote-un-wcnf_incomplete_ cost=        5 t=300.0s (ETA 394.0m)
16:25:41 [INFO]   [6650/9855] foursat 2023-ms decision-tree-breast-cancer-un-formula_0 cost=      inf t=  2.3s (ETA 387.5m)
16:25:50 [INFO]   [6700/9855] foursat 2023-ms inconsistency-measurement-im-sum-C-1-grd cost=      inf t=  2.2s (ETA 378.6m)
16:26:02 [INFO]   [6750/9855] foursat 2023-ms optimizing-BDDs-soybean-un-wcnf_incomple cost=      inf t=  3.3s (ETA 370.0m)
16:26:15 [INFO]   [6800/9855] foursat 2023-ms ramsey-ram_k4_n18.ra0.wcnf               cost=      inf t=  6.6s (ETA 361.4m)
16:26:33 [INFO]   [6850/9855]   nuwls 2023-wms correlation-clustering_wt-Rounded_Correl cost=        0 t=  0.3s (ETA 353.1m)
16:26:35 [INFO]   [6900/9855]   nuwls 2023-wms judgment-aggregation-ja-kemeny-preflib-0 cost=        0 t=  0.2s (ETA 344.7m)
16:26:42 [INFO]   [6950/9855]   nuwls 2023-wms shiftdesign_wt-limits-10-10_data-4_inst- cost=        0 t=  3.8s (ETA 336.5m)
16:31:46 [INFO]   [7000/9855]  bandhs 2023-wms MinimumWeightDominatingSetProblem_wt-sc- cost= 17341720 t=302.0s (ETA 330.4m)
16:40:34 [INFO]   [7050/9855]  bandhs 2023-wms decision-tree-heart-cleveland-un-formula cost=      127 t=300.0s (ETA 325.8m)
16:46:58 [INFO]   [7100/9855]  bandhs 2023-wms ramsey_wt-ram_k3_n14.ra1.wcnf            cost=     3025 t=300.0s (ETA 320.2m)
16:51:47 [INFO]   [7150/9855] satlike 2023-wms ParametricRBACMaintenance_mse20_wt-role_ cost=        0 t=  0.4s (ETA 314.0m)
16:51:49 [INFO]   [7200/9855] satlike 2023-wms generalized-ising_wt-IS11_5.0.5.0.0.5_so cost=        0 t=  0.2s (ETA 306.1m)
16:51:51 [INFO]   [7250/9855] satlike 2023-wms railway-transport_wt-r11.wcnf            cost=        0 t=  1.4s (ETA 298.3m)
16:54:38 [INFO]   [7300/9855]  bandhs 2023-wms switchingactivitymaximization-SwitchingA cost=      inf t=300.1s (ETA 291.5m)
17:01:54 [INFO]   [7350/9855]     spb 2023-wms causal-discovery_wt-causal_Pigs_6_1000.w cost= 23973884 t=300.1s (ETA 286.3m)
17:09:41 [INFO]   [7400/9855]     spb 2023-wms hs-timetabling_wt-BrazilInstance5.xml.wc cost=      343 t=300.0s (ETA 281.3m)
17:16:55 [INFO]   [7450/9855]     spb 2023-wms staff-scheduling_wt-instance3.wcnf       cost=     1026 t=300.0s (ETA 276.1m)
17:17:04 [INFO]   [7500/9855] foursat 2023-wms correlation-clustering_wt-Rounded_Correl cost=      inf t=  2.4s (ETA 268.6m)
17:17:29 [INFO]   [7550/9855] foursat 2023-wms max-realizability_wt-power-distribution_ cost=      inf t=  1.9s (ETA 261.3m)
17:17:36 [INFO]   [7600/9855] foursat 2023-wms staff-scheduling_wt-instance11.wcnf      cost=      inf t=  2.5s (ETA 253.9m)
17:17:41 [INFO]   [7650/9855]   nuwls 2024-ms fault-diagnosis-s38584_nan_explicit_33_0 cost=        0 t=  0.3s (ETA 246.7m)
17:17:43 [INFO]   [7700/9855]   nuwls 2024-ms judgment-aggregation-ja-slater-preflib-0 cost=        0 t=  0.2s (ETA 239.6m)
17:17:44 [INFO]   [7750/9855]   nuwls 2024-ms optic-gen_mult_4_6_9999.wcnf             cost=        0 t=  0.5s (ETA 232.5m)
17:17:57 [INFO]   [7800/9855]   nuwls 2024-ms railway-transport-pesp_18Min.wcnf        cost=        0 t=  1.3s (ETA 225.6m)
17:22:58 [INFO]   [7850/9855]  bandhs 2024-ms MaxSATQueriesinInterpretableClassifiers- cost=       72 t=300.0s (ETA 220.0m)
17:29:39 [INFO]   [7900/9855]  bandhs 2024-ms gen-hyper-tw-GenHyperTW_flat30-1.wcnf    cost=       23 t=300.2s (ETA 214.8m)
17:37:59 [INFO]   [7950/9855]  bandhs 2024-ms minimize-5gons-u5-cube-maxcdcl-11-tmp-15 cost=       77 t=300.0s (ETA 210.0m)
17:44:43 [INFO]   [8000/9855]  bandhs 2024-ms planning-bnn-navigation_4x4_7.wcnf       cost=      inf t=300.4s (ETA 204.7m)
17:49:46 [INFO]   [8050/9855] satlike 2024-ms close_solutions-SAT04__industrial__velev cost=        0 t=  0.5s (ETA 199.1m)
17:49:55 [INFO]   [8100/9855] satlike 2024-ms inconsistency-measurement-im-forgetting- cost=        0 t=  0.2s (ETA 192.4m)
17:50:00 [INFO]   [8150/9855] satlike 2024-ms minimize-5gons-u5-cube-maxcdcl-46-tmp-15 cost=        0 t=  0.2s (ETA 185.8m)
17:50:18 [INFO]   [8200/9855] satlike 2024-ms privilege-escalation-cloud_access_contro cost=        0 t=  1.5s (ETA 179.3m)
17:50:36 [INFO]   [8250/9855]  bandhs 2024-ms railway-transport-pesp_18Min.wcnf        cost=      379 t=300.2s (ETA 172.9m)
17:58:02 [INFO]   [8300/9855]     spb 2024-ms close_solutions-SAT07__industrial__vliw_ cost=       24 t=300.6s (ETA 167.9m)
18:05:41 [INFO]   [8350/9855]     spb 2024-ms inconsistency-measurement-im-hit-C-2-stb cost=       42 t=300.0s (ETA 162.9m)
18:13:43 [INFO]   [8400/9855]     spb 2024-ms minimize-5gons-u5-cube-maxcdcl-58-tmp-15 cost=       77 t=300.0s (ETA 158.0m)
18:23:01 [INFO]   [8450/9855]     spb 2024-ms program-disambiguation-Q27_YESNO_1.wcnf  cost=      inf t=300.2s (ETA 153.2m)
18:25:45 [INFO]   [8500/9855] foursat 2024-ms decision-tree-soybean-un-formula_0.8_202 cost=      inf t=  2.3s (ETA 147.3m)
18:26:02 [INFO]   [8550/9855] foursat 2024-ms judgment-aggregation-ja-maxham-preflib-0 cost=      inf t=  2.1s (ETA 141.1m)
18:26:20 [INFO]   [8600/9855] foursat 2024-ms optic-gen_mult_4_6_991.wcnf              cost=      inf t=  2.3s (ETA 134.9m)
18:26:41 [INFO]   [8650/9855] foursat 2024-ms protein_ins-p1.wcnf.t.wcnf               cost=      inf t=  2.0s (ETA 128.9m)
18:26:55 [INFO]   [8700/9855]   nuwls 2024-wms CSG_wt-CSGNaive140-140-6.wcnf            cost=        0 t=  0.3s (ETA 122.8m)
18:27:19 [INFO]   [8750/9855]   nuwls 2024-wms af-synthesis_wt-af-synthesis_stb_50_40_6 cost=        0 t=  0.1s (ETA 116.9m)
18:27:23 [INFO]   [8800/9855]   nuwls 2024-wms judgment-aggregation-ja-kemeny-preflib-0 cost=        0 t=  0.5s (ETA 111.0m)
18:27:26 [INFO]   [8850/9855]   nuwls 2024-wms railway-transport_wt-wg2.wcnf            cost=        0 t=  0.6s (ETA 105.1m)
18:27:31 [INFO]   [8900/9855]   nuwls 2024-wms tcp_wt-tcp_students_112_it_5.wcnf        cost=        0 t=  0.2s (ETA 99.3m)
18:33:01 [INFO]   [8950/9855]  bandhs 2024-wms BTBNSL_wt-Rounded_BTWBNSL_hailfinder_100 cost=6230759437 t=300.0s (ETA 94.2m)
18:39:48 [INFO]   [9000/9855]  bandhs 2024-wms af-synthesis_wt-af-synthesis_stb_50_160_ cost=      130 t=300.1s (ETA 89.1m)
18:48:02 [INFO]   [9050/9855]  bandhs 2024-wms frb_wt-frb40-19-4.wcnf                   cost=      721 t=300.0s (ETA 84.2m)
18:57:32 [INFO]   [9100/9855]  bandhs 2024-wms quantum-circuit-qgan_6_15_ibmq-casablanc cost=      inf t=300.0s (ETA 79.3m)
19:02:37 [INFO]   [9150/9855] satlike 2024-wms BTBNSL_wt-Rounded_BTWBNSL_insurance_1000 cost=        0 t=  0.2s (ETA 74.0m)
19:03:03 [INFO]   [9200/9855] satlike 2024-wms af-synthesis_wt-af-synthesis_stb_50_140_ cost=        0 t=  0.2s (ETA 68.4m)
19:03:05 [INFO]   [9250/9855] satlike 2024-wms decision-tree-heart-cleveland-un-formula cost=        0 t=  0.6s (ETA 62.9m)
19:03:06 [INFO]   [9300/9855] satlike 2024-wms protein_ins_wt-1knt_.1bpi_.g.wcnf.t.wcnf cost=        0 t=  0.3s (ETA 57.4m)
19:03:07 [INFO]   [9350/9855] satlike 2024-wms synplicate_new-synplicate_complete_tree_ cost=        0 t=  0.3s (ETA 51.9m)
19:08:07 [INFO]   [9400/9855]     spb 2024-wms BTBNSL_wt-Rounded_BTWBNSL_Flag.BIC_TWBou cost=277415769 t=300.0s (ETA 46.8m)
19:13:51 [INFO]   [9450/9855]     spb 2024-wms abstraction-refinement_wt-polysite-hsqld cost=   172781 t=300.6s (ETA 41.7m)
19:23:09 [INFO]   [9500/9855]     spb 2024-wms decision-tree-primary-tumor-un-formula_0 cost=      236 t=300.1s (ETA 36.7m)
19:29:51 [INFO]   [9550/9855]     spb 2024-wms protein_ins_wt-1knt_.5pti_.g.wcnf.t.wcnf cost=     2208 t=300.1s (ETA 31.6m)
19:38:08 [INFO]   [9600/9855]     spb 2024-wms synplicate_new-synplicate_complete_tree_ cost=      inf t=300.1s (ETA 26.5m)
19:38:19 [INFO]   [9650/9855] foursat 2024-wms ParametricRBACMaintenance_mse20_wt-role_ cost=      inf t=  2.4s (ETA 21.2m)
19:38:30 [INFO]   [9700/9855] foursat 2024-wms decision-tree-australian-credit-un-formu cost=      inf t=  2.0s (ETA 15.9m)
19:38:41 [INFO]   [9750/9855] foursat 2024-wms mpe_wt-random-net-20-5_network-3.net.wcn cost=      inf t=  2.0s (ETA 10.7m)
19:38:50 [INFO]   [9800/9855] foursat 2024-wms switchingactivitymaximization-SwitchingA cost=      inf t=  2.0s (ETA 5.6m)
19:42:35 [INFO]   [9850/9855]     spb 2024-wms timetabling_wt-comp07.lp.sm-extracted.wc cost=      154 t=300.2s (ETA 0.5m)
19:43:07 [INFO]   [9855/9855]     spb 2024-wms timetabling_wt-comp21.wcnf               cost=      135 t=300.0s (ETA 0.0m)
19:43:08 [INFO] Wrote ./results/baselines_300s/nuwls_results_raw.json
19:43:08 [INFO] Wrote ./results/baselines_300s/bandhs_results_raw.json
19:43:08 [INFO] Wrote ./results/baselines_300s/satlike_results_raw.json
19:43:08 [INFO] Wrote ./results/baselines_300s/spb_results_raw.json
19:43:08 [INFO] Wrote ./results/baselines_300s/foursat_results_raw.json
