08:59:11 [INFO] Queued 9855 solver runs across 5 baselines
08:59:11 [INFO] 
============================================================
  TIMEOUT 60s
============================================================
09:01:11 [INFO]   [50/9855]   nuwls 2020-ms cnf.20.p.10.wcnf                         cost=      inf t= 60.1s (ETA 393.3m)
09:03:11 [INFO]   [100/9855]   nuwls 2020-ms gen_mult_3_5_9999.wcnf                   cost=       59 t= 60.0s (ETA 390.7m)
09:04:11 [INFO]   [150/9855]   nuwls 2020-ms s38584_nan_explicit_7_0.wcnf             cost=      239 t= 60.3s (ETA 324.2m)
09:06:11 [INFO]   [200/9855]   nuwls 2020-ms ram_k3_n12.ra0.wcnf                      cost=       10 t= 60.0s (ETA 338.3m)
09:07:12 [INFO]   [250/9855]   nuwls 2020-ms mul_8_9.wcnf                             cost=       43 t= 60.1s (ETA 308.1m)
09:09:12 [INFO]   [300/9855]  bandhs 2020-ms heart_train_1_DNF_3_1.wcnf               cost=       46 t= 60.0s (ETA 319.0m)
09:10:13 [INFO]   [350/9855]  bandhs 2020-ms GenHyperTW_hole6.wcnf                    cost=        7 t= 60.1s (ETA 300.0m)
09:12:12 [INFO]   [400/9855]  bandhs 2020-ms TWComp_queen7_7_N49.wcnf                 cost=       37 t= 60.1s (ETA 307.9m)
09:14:11 [INFO]   [450/9855]  bandhs 2020-ms SU3__simp-genos.haps.9.wcnf              cost=      106 t= 60.1s (ETA 313.8m)
09:15:13 [INFO]   [500/9855]  bandhs 2020-ms MinFill_R0_queen11_11.wcnf               cost=     4612 t= 60.1s (ETA 300.0m)
09:17:12 [INFO]   [550/9855] satlike 2020-ms rsdecoder-problem.dimacs_38.filtered.wcn cost=        3 t= 60.3s (ETA 304.9m)
09:18:13 [INFO]   [600/9855] satlike 2020-ms atcoss_sugar_05.wcnf                     cost=      inf t= 60.1s (ETA 293.8m)
09:20:13 [INFO]   [650/9855] satlike 2020-ms extension-enforcement_non-strict_stb_200 cost=        8 t= 60.0s (ETA 297.9m)
09:21:14 [INFO]   [700/9855] satlike 2020-ms uaq-ppr-nr200-nc66-n5-k2-rpp6-ppr5-plb10 cost=       65 t= 60.0s (ETA 288.5m)
09:23:13 [INFO]   [750/9855] satlike 2020-ms rev66-18.wcnf                            cost=      inf t= 60.0s (ETA 291.9m)
09:24:16 [INFO]   [800/9855]     spb 2020-ms ms_260_20_20-1.wcnf                      cost=      inf t= 61.6s (ETA 283.9m)
09:26:14 [INFO]   [850/9855]     spb 2020-ms scpcyc10_maxsat.wcnf                     cost=     1836 t= 60.0s (ETA 286.6m)
09:28:13 [INFO]   [900/9855]     spb 2020-ms gen_square_5_9999.wcnf                   cost=       58 t= 60.1s (ETA 288.9m)
09:29:15 [INFO]   [950/9855]     spb 2020-ms uaq-ppr-nr200-nc66-n5-k2-rpp4-ppr12-plb1 cost=       75 t= 60.0s (ETA 281.9m)
09:31:13 [INFO]   [1000/9855]     spb 2020-ms MANN_a27.clq.wcnf                        cost=      404 t= 60.0s (ETA 283.8m)
09:32:21 [INFO]   [1050/9855] foursat 2020-ms australian.wcnf                          cost=      inf t= 65.2s (ETA 278.2m)
09:34:24 [INFO]   [1100/9855] foursat 2020-ms wdbc_train_7_DNF_5_1.wcnf                cost=      inf t= 65.0s (ETA 280.3m)
09:35:37 [INFO]   [1150/9855] foursat 2020-ms we.wcnf                                  cost=      inf t= 65.4s (ETA 275.8m)
09:37:39 [INFO]   [1200/9855] foursat 2020-ms MANN_a81.clq.wcnf                        cost=      inf t= 65.0s (ETA 277.5m)
09:39:27 [INFO]   [1250/9855] foursat 2020-ms ram_k3_n13.ra0.wcnf                      cost=       42 t= 50.9s (ETA 277.2m)
09:40:43 [INFO]   [1300/9855] foursat 2020-ms mul_8_9.wcnf                             cost=      inf t= 65.2s (ETA 273.4m)
09:42:37 [INFO]   [1350/9855]   nuwls 2020-wms Rounded_CorrelationClustering_Protein1_U cost= 23307326 t= 60.3s (ETA 273.7m)
09:43:58 [INFO]   [1400/9855]   nuwls 2020-wms comp01.wcnf                              cost=      inf t= 60.0s (ETA 270.5m)
09:45:42 [INFO]   [1450/9855]   nuwls 2020-wms metro_8_8_5_20_10_6_500_1_3.lp.sm-extrac cost=      215 t= 60.0s (ETA 269.6m)
09:47:00 [INFO]   [1500/9855]   nuwls 2020-wms role_domino_0.9_16.wcnf                  cost=   206616 t= 60.1s (ETA 266.4m)
09:48:43 [INFO]   [1550/9855]   nuwls 2020-wms twitter_test_5_CNF_1_20.wcnf             cost=     3312 t= 60.0s (ETA 265.4m)
09:50:04 [INFO]   [1600/9855]  bandhs 2020-wms Rounded_CorrelationClustering_Protein2_U cost= 81646635 t= 60.3s (ETA 262.5m)
09:51:44 [INFO]   [1650/9855]  bandhs 2020-wms comp07.wcnf                              cost=      759 t= 60.3s (ETA 261.3m)
09:53:35 [INFO]   [1700/9855]  bandhs 2020-wms normalized-mps-v2-20-10-sentoy.opb.msat. cost=      inf t= 60.0s (ETA 261.0m)
09:54:46 [INFO]   [1750/9855]  bandhs 2020-wms role_university_0.4_8.wcnf               cost=   340551 t= 60.2s (ETA 257.5m)
09:56:39 [INFO]   [1800/9855] satlike 2020-wms BrazilInstance4.xml.wcnf                 cost=      inf t= 60.0s (ETA 257.2m)
09:58:01 [INFO]   [1850/9855] satlike 2020-wms Rounded_CorrelationClustering_Vowel_BINA cost= 90737532 t= 60.2s (ETA 254.6m)
09:59:45 [INFO]   [1900/9855] satlike 2020-wms hamming6-2.clq.wcnf                      cost=     4391 t= 60.0s (ETA 253.6m)
10:01:04 [INFO]   [1950/9855] satlike 2020-wms power-distribution_11_7.wcnf             cost=      162 t= 60.0s (ETA 250.9m)
10:02:46 [INFO]   [2000/9855] satlike 2020-wms san200_0.7_1.clq.wcnf                    cost=     1256 t= 60.0s (ETA 249.7m)
10:04:07 [INFO]   [2050/9855]     spb 2020-wms MinWidthCB_mitdbsample_100_43_1k_5s_2t_7 cost=    31925 t= 60.0s (ETA 247.3m)
10:05:47 [INFO]   [2100/9855]     spb 2020-wms af-synthesis_stb_50_120_9.wcnf           cost=      118 t= 60.1s (ETA 246.0m)
10:07:37 [INFO]   [2150/9855]     spb 2020-wms instance12.wcnf                          cost=     5223 t= 60.1s (ETA 245.3m)
10:08:50 [INFO]   [2200/9855]     spb 2020-wms rail2536.wcnf                            cost=      766 t= 60.1s (ETA 242.4m)
10:10:43 [INFO]   [2250/9855]     spb 2020-wms scpnrg3_weighted.wcnf                    cost=      166 t= 60.0s (ETA 241.8m)
10:12:08 [INFO]   [2300/9855] foursat 2020-wms MinWidthCB_mitdbsample_300_32_1k_6s_2t_8 cost=      inf t= 65.1s (ETA 239.7m)
10:14:01 [INFO]   [2350/9855] foursat 2020-wms af-synthesis_stb_50_160_5.wcnf           cost=      inf t= 65.1s (ETA 239.0m)
10:15:28 [INFO]   [2400/9855] foursat 2020-wms instance7.wcnf                           cost=      inf t= 65.0s (ETA 237.0m)
10:17:08 [INFO]   [2450/9855] foursat 2020-wms ram_k3_n20.ra1.wcnf                      cost=  2441465 t= 53.2s (ETA 235.6m)
10:19:07 [INFO]   [2500/9855] foursat 2020-wms tcp_students_105_it_6.wcnf               cost=12790251926 t= 58.1s (ETA 235.2m)
10:20:19 [INFO]   [2550/9855]   nuwls 2021-ms MinFill_R0_myciel6.wcnf                  cost=     1407 t= 60.1s (ETA 232.4m)
10:22:09 [INFO]   [2600/9855]   nuwls 2021-ms formula_0.8_2021_atleast_15_max-3_reduce cost=       55 t= 60.0s (ETA 231.5m)
10:23:21 [INFO]   [2650/9855]   nuwls 2021-ms rev66-20.wcnf                            cost=      inf t= 60.0s (ETA 228.9m)
10:25:12 [INFO]   [2700/9855]  bandhs 2021-ms GreeceWesternGreeceUniversityInstance4.x cost=      196 t= 60.1s (ETA 227.9m)
10:26:26 [INFO]   [2750/9855]  bandhs 2021-ms data.405.wcnf                            cost=      344 t= 60.0s (ETA 225.4m)
10:28:14 [INFO]   [2800/9855]  bandhs 2021-ms ram_k4_n18.ra0.wcnf                      cost=        9 t= 60.0s (ETA 224.4m)
10:29:47 [INFO]   [2850/9855] satlike 2021-ms GenHyperTW_flat30-50.wcnf                cost=      inf t= 60.1s (ETA 222.7m)
10:31:20 [INFO]   [2900/9855] satlike 2021-ms pesp_5min.wcnf                           cost=       74 t= 60.2s (ETA 221.0m)
10:33:11 [INFO]   [2950/9855] satlike 2021-ms ram_k3_n13.ra0.wcnf                      cost=       16 t= 60.0s (ETA 220.0m)
10:34:22 [INFO]   [3000/9855]     spb 2021-ms DBLP.wcnf                                cost=    55908 t= 60.2s (ETA 217.5m)
10:36:12 [INFO]   [3050/9855]     spb 2021-ms cnf_10.wcnf                              cost=      106 t= 60.1s (ETA 216.5m)
10:37:25 [INFO]   [3100/9855]     spb 2021-ms sbox_8.wcnf                              cost=      inf t= 60.4s (ETA 214.1m)
10:39:20 [INFO]   [3150/9855] foursat 2021-ms 20-100-p100-49.wcnf                      cost=      inf t= 65.3s (ETA 213.2m)
10:40:42 [INFO]   [3200/9855] foursat 2021-ms maxcut-140-630-0.7-6.wcnf                cost=      176 t= 51.1s (ETA 211.2m)
10:42:30 [INFO]   [3250/9855] foursat 2021-ms ms_200_12_20-3.wcnf                      cost=      inf t= 65.9s (ETA 210.0m)
10:44:16 [INFO]   [3300/9855] foursat 2021-ms spectre_min.wcnf                         cost=      inf t= 65.8s (ETA 208.7m)
10:45:40 [INFO]   [3350/9855]   nuwls 2021-wms formula_0.8_2021_atleast_127_max-6_reduc cost=      105 t= 60.3s (ETA 206.8m)
10:47:23 [INFO]   [3400/9855]   nuwls 2021-wms role_domino_0.5_0.wcnf                   cost=   156963 t= 60.2s (ETA 205.4m)
10:48:43 [INFO]   [3450/9855]   nuwls 2021-wms scpnrf4_weighted.wcnf                    cost=       14 t= 60.1s (ETA 203.4m)
10:50:32 [INFO]   [3500/9855]  bandhs 2021-wms formula_0.8_2021_atleast_63_max-5_reduce cost=      949 t= 60.1s (ETA 202.2m)
10:51:45 [INFO]   [3550/9855]  bandhs 2021-wms role_domino_0.55_9.wcnf                  cost=   163730 t= 60.1s (ETA 199.9m)
10:53:37 [INFO]   [3600/9855]  bandhs 2021-wms scpnrf4_weighted.wcnf                    cost=       14 t= 60.1s (ETA 198.8m)
10:54:50 [INFO]   [3650/9855] satlike 2021-wms formula_0.8_2021_atleast_63_max-5_reduce cost=      607 t= 60.1s (ETA 196.6m)
10:56:40 [INFO]   [3700/9855] satlike 2021-wms role_domino_0.3_1.wcnf                   cost=   105612 t= 60.2s (ETA 195.5m)
10:58:18 [INFO]   [3750/9855] satlike 2021-wms metro_8_8_5_20_10_6_500_1_3.lp.sm-extrac cost=      282 t= 60.1s (ETA 193.9m)
10:59:43 [INFO]   [3800/9855]     spb 2021-wms formula_0.8_2021_atleast_31_max-4_reduce cost=      410 t= 60.1s (ETA 192.1m)
11:01:32 [INFO]   [3850/9855]     spb 2021-wms role_domino_0.05_17.wcnf                 cost=    24692 t= 60.1s (ETA 190.8m)
11:02:46 [INFO]   [3900/9855]     spb 2021-wms metro_8_8_5_20_10_6_500_1_3.lp.sm-extrac cost=      193 t= 60.0s (ETA 188.7m)
11:04:46 [INFO]   [3950/9855] foursat 2021-wms formula_0.8_2021_atleast_15_max-3_reduce cost=      inf t= 65.1s (ETA 187.7m)
11:06:00 [INFO]   [4000/9855] foursat 2021-wms rail4872.wcnf                            cost=      inf t= 65.3s (ETA 185.6m)
11:07:02 [INFO]   [4050/9855]   nuwls 2022-ms MinFill_R0_queen11_11.wcnf               cost=        0 t=  0.5s (ETA 183.3m)
11:07:07 [INFO]   [4100/9855]   nuwls 2022-ms gen_mult_4_6_991.wcnf                    cost=        0 t=  0.2s (ETA 179.6m)
11:07:19 [INFO]   [4150/9855]   nuwls 2022-ms ram_k4_n18.ra0.wcnf                      cost=        0 t=  0.1s (ETA 176.2m)
11:07:26 [INFO]   [4200/9855]   nuwls 2022-ms sysadmin_5_3.wcnf                        cost=        0 t=  2.4s (ETA 172.7m)
11:08:45 [INFO]   [4250/9855]  bandhs 2022-ms GreeceWesternGreeceUniversityInstance4.x cost=      196 t= 60.0s (ETA 170.9m)
11:10:26 [INFO]   [4300/9855]  bandhs 2022-ms extension-enforcement_non-strict_stb_200 cost=       11 t= 60.0s (ETA 169.6m)
11:11:54 [INFO]   [4350/9855]  bandhs 2022-ms navigation_5x5_10.wcnf                   cost=      inf t= 60.8s (ETA 168.0m)
11:13:00 [INFO]   [4400/9855] satlike 2022-ms MLI.ionosphere_train_1_DNF_4_1.wcnf      cost=        0 t=  0.2s (ETA 165.9m)
11:13:07 [INFO]   [4450/9855] satlike 2022-ms ecoli.wcnf                               cost=        0 t=  0.4s (ETA 162.7m)
11:13:29 [INFO]   [4500/9855]  bandhs 2022-ms unw.MultiDay_4.wcnf                      cost=   196301 t= 60.4s (ETA 159.8m)
11:13:33 [INFO]   [4550/9855] satlike 2022-ms sysadmin_5_3.wcnf                        cost=        0 t=  0.9s (ETA 156.7m)
11:14:35 [INFO]   [4600/9855]     spb 2022-ms GenHyperTW_flat30-99.wcnf                cost=       23 t= 60.1s (ETA 154.7m)
11:15:56 [INFO]   [4650/9855]     spb 2022-ms data.729.wcnf                            cost=      638 t= 60.0s (ETA 153.1m)
11:17:46 [INFO]   [4700/9855]     spb 2022-ms mul_8_11.wcnf                            cost=       64 t= 60.1s (ETA 152.0m)
11:18:54 [INFO]   [4750/9855] foursat 2022-ms GenHyperTW_b01.wcnf                      cost=      inf t=  2.3s (ETA 150.2m)
11:19:11 [INFO]   [4800/9855] foursat 2022-ms cnf_small.wcnf                           cost=      inf t=  2.9s (ETA 147.4m)
11:19:26 [INFO]   [4850/9855] foursat 2022-ms ms_100_40_10-0.wcnf                      cost=      inf t=  2.8s (ETA 144.7m)
11:19:38 [INFO]   [4900/9855] foursat 2022-ms str.p_hat1000-1.clq.wcnf                 cost=      inf t=  2.7s (ETA 142.0m)
11:19:45 [INFO]   [4950/9855]   nuwls 2022-wms Rounded_BTWBNSL_hailfinder_10000_1_3.sco cost=        0 t=  0.3s (ETA 139.3m)
11:19:48 [INFO]   [5000/9855]   nuwls 2022-wms car.formula_0.8_2021_atleast_15_max-3_re cost=        0 t=  0.5s (ETA 136.5m)
11:20:05 [INFO]   [5050/9855]   nuwls 2022-wms instance9.wcnf                           cost=        0 t=  4.9s (ETA 134.1m)
11:20:23 [INFO]   [5100/9855]   nuwls 2022-wms tic.formula_0.8_2021_atleast_15_max-3_re cost=        0 t=  0.5s (ETA 131.7m)
11:21:30 [INFO]   [5150/9855]  bandhs 2022-wms BrazilInstance4.xml.wcnf                 cost=      inf t= 60.1s (ETA 130.0m)
11:22:47 [INFO]   [5200/9855]  bandhs 2022-wms af-synthesis_stb_50_60_3.wcnf            cost=      140 t= 60.1s (ETA 128.6m)
11:24:33 [INFO]   [5250/9855]  bandhs 2022-wms instance11.wcnf                          cost=     3919 t= 60.1s (ETA 127.5m)
11:25:48 [INFO]   [5300/9855]  bandhs 2022-wms random-net-50-5_network-8.net.wcnf       cost=    47841 t= 60.0s (ETA 126.0m)
11:26:37 [INFO]   [5350/9855] satlike 2022-wms SwitchingActivityMaximization_OpenRISC12 cost=        0 t=  0.3s (ETA 124.2m)
11:26:48 [INFO]   [5400/9855]  bandhs 2022-wms vio.role_domino_violations_0.7_3.wcnf    cost=   183803 t= 60.3s (ETA 121.8m)
11:26:50 [INFO]   [5450/9855] satlike 2022-wms mul.role_university_multiple_0.1_0.wcnf  cost=        0 t=  0.5s (ETA 119.3m)
11:26:52 [INFO]   [5500/9855] satlike 2022-wms vio.role_domino_violations_0.7_16.wcnf   cost=        0 t=  0.3s (ETA 116.9m)
11:27:53 [INFO]   [5550/9855]     spb 2022-wms MinWidthCB_mitdbsample_200_64_1k_10s_2t_ cost=    59515 t= 60.0s (ETA 115.3m)
11:29:10 [INFO]   [5600/9855]     spb 2022-wms aus.formula_0.8_2021_atleast_127_max-6_r cost=      275 t= 60.3s (ETA 114.0m)
11:30:55 [INFO]   [5650/9855]     spb 2022-wms instance8.wcnf                           cost=     3766 t= 60.0s (ETA 112.9m)
11:32:35 [INFO]   [5700/9855]     spb 2022-wms role_domino_0.6_2.wcnf                   cost=   169218 t= 60.1s (ETA 111.8m)
11:33:01 [INFO]   [5750/9855] foursat 2022-wms Rounded_CorrelationClustering_Ionosphere cost=      inf t=  3.0s (ETA 109.8m)
11:33:08 [INFO]   [5800/9855] foursat 2022-wms bnn_mnist_back_image_32_label3_adversari cost=      inf t=  3.1s (ETA 107.6m)
11:33:15 [INFO]   [5850/9855] foursat 2022-wms log.1401.wcsp.log.wcnf                   cost=      inf t=  2.7s (ETA 105.5m)
11:33:22 [INFO]   [5900/9855] foursat 2022-wms simNo_9-s_5-m_300-n_300-fp_0.0001-fn_0.2 cost=      inf t=  3.1s (ETA 103.4m)
11:33:25 [INFO]   [5950/9855]   nuwls 2023-ms gen-hyper-tw-GenHyperTW_pret60_25.wcnf   cost=        0 t=  0.3s (ETA 101.2m)
11:33:26 [INFO]   [6000/9855]   nuwls 2023-ms judgment-aggregation-ja-maxham-preflib-0 cost=        0 t=  0.1s (ETA 99.1m)
11:33:28 [INFO]   [6050/9855]   nuwls 2023-ms pseudoBoolean-normalized-par32-3.opb.msa cost=        0 t=  0.1s (ETA 97.0m)
11:33:34 [INFO]   [6100/9855]     spb 2022-wms wcn.titanic_train_8_CNF_5_10.wcnf        cost=     2220 t= 60.1s (ETA 95.0m)
11:35:34 [INFO]   [6150/9855]  bandhs 2023-ms gen-hyper-tw-GenHyperTW_uf20-01.wcnf     cost=        6 t= 60.0s (ETA 94.2m)
11:36:37 [INFO]   [6200/9855]  bandhs 2023-ms judgment-aggregation-ja-maxham-preflib-0 cost=       51 t= 60.0s (ETA 92.8m)
11:38:34 [INFO]   [6250/9855]  bandhs 2023-ms planning-bnn-sysadmin_5_4.wcnf           cost=      inf t= 60.5s (ETA 91.9m)
11:38:41 [INFO]   [6300/9855] satlike 2023-ms gen-hyper-tw-GenHyperTW_2bitcomp_5.wcnf  cost=        0 t=  0.4s (ETA 90.0m)
11:38:42 [INFO]   [6350/9855] satlike 2023-ms judgment-aggregation-ja-maxham-preflib-0 cost=        0 t=  0.2s (ETA 88.1m)
11:38:45 [INFO]   [6400/9855] satlike 2023-ms planning-bnn-navigation_5x5_8.wcnf       cost=        0 t=  1.2s (ETA 86.1m)
11:38:55 [INFO]   [6450/9855]  bandhs 2023-ms reversi-rev66-16.wcnf                    cost=      inf t= 60.0s (ETA 84.3m)
11:40:35 [INFO]   [6500/9855]     spb 2023-ms decision-tree-tic-tac-toe-un-formula_0.8 cost=      230 t= 60.1s (ETA 83.3m)
11:42:34 [INFO]   [6550/9855]     spb 2023-ms judgment-aggregation-ja-maxham-preflib-0 cost=       55 t= 60.0s (ETA 82.4m)
11:43:37 [INFO]   [6600/9855]     spb 2023-ms optimizing-BDDs-vote-un-wcnf_incomplete_ cost=        5 t= 60.1s (ETA 81.1m)
11:44:41 [INFO]   [6650/9855] foursat 2023-ms decision-tree-heart-cleveland-un-formula cost=      inf t=  2.3s (ETA 79.8m)
11:44:51 [INFO]   [6700/9855] foursat 2023-ms inconsistency-measurement-im-sum-B-3-stb cost=      inf t=  2.4s (ETA 78.0m)
11:44:57 [INFO]   [6750/9855] foursat 2023-ms optic-gen_mult_5_5_991.wcnf              cost=      inf t=  2.5s (ETA 76.3m)
11:45:05 [INFO]   [6800/9855] foursat 2023-ms reversi-rev66-26.wcnf                    cost=      inf t=  3.1s (ETA 74.5m)
11:45:12 [INFO]   [6850/9855]   nuwls 2023-wms causal-discovery_wt-causal_Mushroom_7_10 cost=        0 t=  3.2s (ETA 72.8m)
11:45:19 [INFO]   [6900/9855]   nuwls 2023-wms judgment-aggregation-ja-kemeny-preflib-0 cost=        0 t=  0.2s (ETA 71.1m)
11:45:24 [INFO]   [6950/9855]   nuwls 2023-wms staff-scheduling_wt-instance10.wcnf      cost=        0 t=  1.7s (ETA 69.5m)
11:46:30 [INFO]   [7000/9855]  bandhs 2023-wms MinimumWeightDominatingSetProblem_wt-sc- cost=      inf t= 60.8s (ETA 68.2m)
11:47:36 [INFO]   [7050/9855]  bandhs 2023-wms decision-tree-heart-cleveland-un-formula cost=      135 t= 60.0s (ETA 67.0m)
11:49:30 [INFO]   [7100/9855]  bandhs 2023-wms ramsey_wt-ram_k3_n19.ra1.wcnf            cost=    21112 t= 60.0s (ETA 66.1m)
11:50:31 [INFO]   [7150/9855] satlike 2023-wms MinimumWeightDominatingSetProblem_wt-sc- cost=        0 t=  0.9s (ETA 64.8m)
11:50:33 [INFO]   [7200/9855] satlike 2023-wms generalized-ising_wt-IS11_5.0.5.0.0.5_so cost=        0 t=  0.2s (ETA 63.2m)
11:50:34 [INFO]   [7250/9855] satlike 2023-wms MinimumWeightDominatingSetProblem_wt-hug cost=        0 t=  4.1s (ETA 61.6m)
11:50:36 [INFO]   [7300/9855]  bandhs 2023-wms switchingactivitymaximization-SwitchingA cost=      inf t= 60.1s (ETA 60.0m)
11:52:35 [INFO]   [7350/9855]     spb 2023-wms correlation-clustering_wt-Rounded_Correl cost= 16026123 t= 60.0s (ETA 59.1m)
11:53:37 [INFO]   [7400/9855]     spb 2023-wms hs-timetabling_wt-BrazilInstance5.xml.wc cost=      343 t= 60.0s (ETA 57.9m)
11:55:36 [INFO]   [7450/9855]     spb 2023-wms staff-scheduling_wt-instance12.wcnf      cost=     5675 t= 60.2s (ETA 57.0m)
11:55:42 [INFO]   [7500/9855] foursat 2023-wms abstraction-refinement_wt-polysite-avror cost=      inf t=  2.8s (ETA 55.4m)
11:55:48 [INFO]   [7550/9855] foursat 2023-wms judgment-aggregation-ja-kemeny-preflib-0 cost=      inf t=  3.3s (ETA 53.9m)
11:55:58 [INFO]   [7600/9855] foursat 2023-wms staff-scheduling_wt-instance8.wcnf       cost=      inf t=  2.9s (ETA 52.5m)
11:56:01 [INFO]   [7650/9855]   nuwls 2024-ms gen-hyper-tw-GenHyperTW_2bitcomp_5.wcnf  cost=        0 t=  0.2s (ETA 51.0m)
11:56:02 [INFO]   [7700/9855]   nuwls 2024-ms inconsistency-measurement-im-contension- cost=        0 t=  0.8s (ETA 49.5m)
11:56:03 [INFO]   [7750/9855]   nuwls 2024-ms decision-tree-splice-1-un-formula_0.8_20 cost=        0 t=  2.5s (ETA 48.0m)
11:56:11 [INFO]   [7800/9855]   nuwls 2024-ms scheduling-cnf_small.wcnf                cost=        0 t=  0.1s (ETA 46.6m)
11:57:15 [INFO]   [7850/9855]  bandhs 2024-ms causal-discovery-causal_n6_i1_N500_uai13 cost=       70 t= 60.1s (ETA 45.5m)
11:58:16 [INFO]   [7900/9855]  bandhs 2024-ms gen-hyper-tw-GenHyperTW_flat30-1.wcnf    cost=       65 t= 60.2s (ETA 44.3m)
12:00:15 [INFO]   [7950/9855]  bandhs 2024-ms min-fill-MinFill_R0_queen9_9.wcnf        cost=     1730 t= 60.1s (ETA 43.4m)
12:01:20 [INFO]   [8000/9855]  bandhs 2024-ms planning-bnn-navigation_4x4_7.wcnf       cost=      inf t= 60.2s (ETA 42.2m)
12:02:23 [INFO]   [8050/9855] satlike 2024-ms SeanSafarpour-b15-bug-fourvec-gate-0.dim cost=        0 t=  2.8s (ETA 41.1m)
12:02:33 [INFO]   [8100/9855] satlike 2024-ms inconsistency-measurement-im-forgetting- cost=        0 t=  0.2s (ETA 39.7m)
12:02:36 [INFO]   [8150/9855] satlike 2024-ms minimize-5gons-u5-cube-maxcdcl-36-tmp-15 cost=        0 t=  0.2s (ETA 38.4m)
12:02:44 [INFO]   [8200/9855] satlike 2024-ms privilege-escalation-cloud_access_contro cost=        0 t=  0.6s (ETA 37.0m)
12:03:14 [INFO]   [8250/9855] satlike 2024-ms railway-transport-d4.wcnf                cost=        0 t= 17.7s (ETA 35.8m)
12:04:17 [INFO]   [8300/9855]     spb 2024-ms decision-tree-australian-credit-un-formu cost=       73 t= 60.2s (ETA 34.7m)
12:06:16 [INFO]   [8350/9855]     spb 2024-ms inconsistency-measurement-im-hit-C-2-stb cost=       42 t= 60.0s (ETA 33.7m)
12:07:18 [INFO]   [8400/9855]     spb 2024-ms minimize-5gons-u5-cube-maxcdcl-58-tmp-15 cost=       77 t= 60.0s (ETA 32.6m)
12:09:17 [INFO]   [8450/9855]     spb 2024-ms program-disambiguation-Q35_OPTIONS_1.wcn cost=      inf t= 60.4s (ETA 31.6m)
12:10:18 [INFO]   [8500/9855]     spb 2024-ms xai-mindset2-cleveland-nominal.wcnf      cost=      inf t= 60.0s (ETA 30.5m)
12:10:23 [INFO]   [8550/9855] foursat 2024-ms inconsistency-measurement-im-contension- cost=      inf t=  2.5s (ETA 29.2m)
12:10:28 [INFO]   [8600/9855] foursat 2024-ms minimize-5gons-u5-cube-maxcdcl-32-tmp-15 cost=      inf t=  2.4s (ETA 27.9m)
12:10:33 [INFO]   [8650/9855] foursat 2024-ms optimizing-BDDs-tic-tac-toe-un-wcnf_inco cost=      inf t=  4.5s (ETA 26.7m)
12:10:37 [INFO]   [8700/9855] foursat 2024-ms scheduling-cnf_10.wcnf                   cost=      inf t=  2.7s (ETA 25.4m)
12:10:41 [INFO]   [8750/9855]   nuwls 2024-wms MinimumWeightDominatingSetProblem_wt-web cost=        0 t=  4.1s (ETA 24.2m)
12:10:48 [INFO]   [8800/9855]   nuwls 2024-wms decision-tree-heart-cleveland-un-formula cost=        0 t=  1.5s (ETA 23.0m)
12:10:50 [INFO]   [8850/9855]   nuwls 2024-wms protein_ins_wt-1knt_.5pti_.g.wcnf.t.wcnf cost=        0 t=  0.5s (ETA 21.8m)
12:10:54 [INFO]   [8900/9855]   nuwls 2024-wms synplicate_new-synplicate_complete_tree_ cost=        0 t=  1.3s (ETA 20.6m)
12:11:56 [INFO]   [8950/9855]  bandhs 2024-wms BTBNSL_wt-Rounded_BTWBNSL_Wine_TWBound_3 cost=129561969 t= 60.0s (ETA 19.5m)
12:13:04 [INFO]   [9000/9855]  bandhs 2024-wms af-synthesis_wt-af-synthesis_stb_50_160_ cost=      125 t= 60.1s (ETA 18.4m)
12:14:57 [INFO]   [9050/9855]  bandhs 2024-wms frb_wt-frb40-19-4.wcnf                   cost=      721 t= 60.0s (ETA 17.4m)
12:16:56 [INFO]   [9100/9855]  bandhs 2024-wms quantum-circuit-qgan_6_15_ibmq-casablanc cost=      inf t= 60.0s (ETA 16.4m)
12:17:57 [INFO]   [9150/9855] satlike 2024-wms BTBNSL_wt-Rounded_BTWBNSL_hailfinder_100 cost=        0 t=  0.3s (ETA 15.3m)
12:18:00 [INFO]   [9200/9855] satlike 2024-wms af-synthesis_wt-af-synthesis_stb_50_120_ cost=        0 t=  0.3s (ETA 14.2m)
12:18:01 [INFO]   [9250/9855] satlike 2024-wms decision-tree-primary-tumor-un-formula_0 cost=        0 t=  0.3s (ETA 13.0m)
12:18:02 [INFO]   [9300/9855] satlike 2024-wms lisbon-wedding_wt-lisbon-wedding-3-18.wc cost=        0 t=  0.3s (ETA 11.9m)
12:18:02 [INFO]   [9350/9855] satlike 2024-wms synplicate_new-synplicate_complete_tree_ cost=        0 t=  0.1s (ETA 10.7m)
12:19:03 [INFO]   [9400/9855]     spb 2024-wms BTBNSL_wt-Rounded_BTWBNSL_Water_1000_1_2 cost=1334586374 t= 60.0s (ETA 9.7m)
12:20:05 [INFO]   [9450/9855]     spb 2024-wms abstraction-refinement_wt-polysite-lusea cost=   421613 t= 60.4s (ETA 8.6m)
12:22:03 [INFO]   [9500/9855]     spb 2024-wms decision-tree-tic-tac-toe-un-formula_0.8 cost=      286 t= 60.1s (ETA 7.6m)
12:23:10 [INFO]   [9550/9855]     spb 2024-wms protein_ins_wt-1knt_.5pti_.g.wcnf.t.wcnf cost=     2208 t= 60.1s (ETA 6.5m)
12:25:04 [INFO]   [9600/9855]     spb 2024-wms synplicate_new-synplicate_complete_tree_ cost=      inf t= 60.2s (ETA 5.5m)
12:25:11 [INFO]   [9650/9855] foursat 2024-wms ParametricRBACMaintenance_mse20_wt-role_ cost=      inf t=  2.4s (ETA 4.4m)
12:25:18 [INFO]   [9700/9855] foursat 2024-wms correlation-clustering_wt-Rounded_Correl cost=      inf t=  3.3s (ETA 3.3m)
12:25:25 [INFO]   [9750/9855] foursat 2024-wms drmx-cryptogen_wt-threshold128_8.wcnf    cost=      inf t=  6.7s (ETA 2.2m)
12:25:32 [INFO]   [9800/9855] foursat 2024-wms ramsey_wt-ram_k3_n18.ra1.wcnf            cost=      inf t=  4.8s (ETA 1.2m)
12:25:58 [INFO]   [9850/9855]     spb 2024-wms timetabling_wt-comp07.lp.sm-extracted.wc cost=      154 t= 60.3s (ETA 0.1m)
12:26:03 [INFO]   [9855/9855]     spb 2024-wms timetabling_wt-comp21.wcnf               cost=      162 t= 60.1s (ETA 0.0m)
12:26:03 [INFO] Wrote ./results/baselines/nuwls_results_raw.json
12:26:03 [INFO] Wrote ./results/baselines/bandhs_results_raw.json
12:26:03 [INFO] Wrote ./results/baselines/satlike_results_raw.json
12:26:03 [INFO] Wrote ./results/baselines/spb_results_raw.json
12:26:03 [INFO] Wrote ./results/baselines/foursat_results_raw.json
