00:15:29 [INFO] Queued 9855 solver runs across 5 baselines
00:15:29 [INFO] 
============================================================
  TIMEOUT 300s
============================================================
00:25:31 [INFO]   [50/9855]   nuwls 2020-ms cnf.19.p.10.wcnf                         cost=      inf t=300.1s (ETA 1964.8m)
00:35:30 [INFO]   [100/9855]   nuwls 2020-ms gen_mult_3_5_9999.wcnf                   cost=       58 t=300.0s (ETA 1952.4m)
00:40:31 [INFO]   [150/9855]   nuwls 2020-ms p_hat1000-1.clq.wcnf                     cost=      990 t=300.0s (ETA 1618.6m)
00:50:32 [INFO]   [200/9855]   nuwls 2020-ms normalized-par32-5.opb.msat.wcnf         cost=      inf t=300.0s (ETA 1691.3m)
00:55:32 [INFO]   [250/9855]   nuwls 2020-ms mul_8_9.wcnf                             cost=       42 t=300.0s (ETA 1538.3m)
01:05:31 [INFO]   [300/9855]  bandhs 2020-ms heart_train_4_CNF_5_1.wcnf               cost=       47 t=300.0s (ETA 1593.3m)
01:10:34 [INFO]   [350/9855]  bandhs 2020-ms GenHyperTW_hole6.wcnf                    cost=        7 t=300.0s (ETA 1495.6m)
01:20:31 [INFO]   [400/9855]  bandhs 2020-ms TWComp_queen5_5_N25.wcnf                 cost=       18 t=300.0s (ETA 1537.2m)
01:30:31 [INFO]   [450/9855]  bandhs 2020-ms SU3__simp-genos.haps.9.wcnf              cost=      106 t=300.0s (ETA 1568.0m)
01:35:33 [INFO]   [500/9855]  bandhs 2020-ms MinFill_R0_queen7_7.wcnf                 cost=      507 t=300.0s (ETA 1497.8m)
01:45:51 [INFO]   [550/9855] satlike 2020-ms rsdecoder-problem.dimacs_38.filtered.wcn cost=        3 t=300.2s (ETA 1528.8m)
01:50:33 [INFO]   [600/9855] satlike 2020-ms atcoss_sugar_05.wcnf                     cost=      inf t=300.0s (ETA 1466.4m)
02:00:32 [INFO]   [650/9855] satlike 2020-ms extension-enforcement_non-strict_stb_200 cost=        8 t=300.0s (ETA 1487.6m)
02:05:34 [INFO]   [700/9855] satlike 2020-ms uaq-ppr-nr200-nc66-n5-k2-rpp6-ppr5-plb10 cost=       65 t=300.0s (ETA 1439.6m)
02:15:33 [INFO]   [750/9855] satlike 2020-ms rev66-18.wcnf                            cost=      inf t=300.0s (ETA 1457.5m)
02:20:36 [INFO]   [800/9855]     spb 2020-ms heart-c.wcnf                             cost=      248 t=300.0s (ETA 1416.0m)
02:30:34 [INFO]   [850/9855]     spb 2020-ms scpcyc10_maxsat.wcnf                     cost=     1836 t=300.0s (ETA 1430.9m)
02:40:32 [INFO]   [900/9855]     spb 2020-ms extension-enforcement_non-strict_stb_150 cost=        4 t=300.0s (ETA 1443.1m)
02:45:34 [INFO]   [950/9855]     spb 2020-ms uaq-ppr-nr200-nc66-n5-k2-rpp4-ppr11-plb1 cost=       76 t=300.0s (ETA 1406.8m)
02:55:32 [INFO]   [1000/9855]     spb 2020-ms MANN_a27.clq.wcnf                        cost=      404 t=300.0s (ETA 1417.2m)
03:00:41 [INFO]   [1050/9855] foursat 2020-ms bupa.wcnf                                cost=      inf t=305.1s (ETA 1385.2m)
03:10:07 [INFO]   [1100/9855] foursat 2020-ms tictactoe_train_6_CNF_4_1.wcnf           cost= 10463579 t=269.5s (ETA 1389.8m)
03:15:55 [INFO]   [1150/9855] foursat 2020-ms pesp_5min.wcnf                           cost=      inf t=305.1s (ETA 1365.8m)
03:24:24 [INFO]   [1200/9855] foursat 2020-ms p_hat700-3.clq.wcnf                      cost=      700 t=259.2s (ETA 1362.5m)
03:32:10 [INFO]   [1250/9855] foursat 2020-ms ram_k3_n13.ra0.wcnf                      cost=       43 t=245.6s (ETA 1353.9m)
03:38:52 [INFO]   [1300/9855] foursat 2020-ms mul_8_9.wcnf                             cost=      inf t=305.1s (ETA 1338.3m)
03:47:27 [INFO]   [1350/9855]   nuwls 2020-wms Rounded_CorrelationClustering_Protein1_U cost= 15924021 t=300.2s (ETA 1335.4m)
03:55:12 [INFO]   [1400/9855]   nuwls 2020-wms channel-500x100x100-b050.wcnf            cost= 33348213 t=300.5s (ETA 1326.9m)
04:02:50 [INFO]   [1450/9855]   nuwls 2020-wms metro_8_8_5_20_10_6_500_1_3.lp.sm-extrac cost=      173 t=300.0s (ETA 1317.8m)
04:10:21 [INFO]   [1500/9855]   nuwls 2020-wms role_domino_0.9_16.wcnf                  cost=   206616 t=300.0s (ETA 1308.2m)
04:18:25 [INFO]   [1550/9855]   nuwls 2020-wms twitter_test_4_CNF_3_10.wcnf             cost=      664 t=300.0s (ETA 1301.6m)
04:26:15 [INFO]   [1600/9855]  bandhs 2020-wms Rounded_CorrelationClustering_Protein2_U cost= 81646635 t=300.3s (ETA 1293.8m)
04:33:41 [INFO]   [1650/9855]  bandhs 2020-wms comp12.wcnf                              cost=     1044 t=300.1s (ETA 1283.9m)
04:42:18 [INFO]   [1700/9855]  bandhs 2020-wms normalized-mps-v2-20-10-sentoy.opb.msat. cost=      inf t=300.0s (ETA 1279.9m)
04:48:59 [INFO]   [1750/9855]  bandhs 2020-wms role_university_0.4_8.wcnf               cost=   202477 t=300.1s (ETA 1266.7m)
04:57:36 [INFO]   [1800/9855] satlike 2020-wms BrazilInstance4.xml.wcnf                 cost=      inf t=300.0s (ETA 1262.5m)
05:05:21 [INFO]   [1850/9855] satlike 2020-wms Rounded_CorrelationClustering_Vowel_BINA cost= 88957319 t=300.1s (ETA 1254.2m)
05:12:55 [INFO]   [1900/9855] satlike 2020-wms dds4.wcnf                                cost=      inf t=300.3s (ETA 1245.3m)
05:20:34 [INFO]   [1950/9855] satlike 2020-wms power-distribution_11_7.wcnf             cost=      145 t=300.0s (ETA 1236.7m)
05:28:35 [INFO]   [2000/9855] satlike 2020-wms role_university_violations_0.45_2.wcnf   cost=   213035 t=300.2s (ETA 1229.7m)
05:36:19 [INFO]   [2050/9855]     spb 2020-wms MinWidthCB_mitdbsample_100_43_1k_5s_2t_7 cost=    31555 t=300.0s (ETA 1221.5m)
05:43:47 [INFO]   [2100/9855]     spb 2020-wms af-synthesis_stb_50_120_9.wcnf           cost=      115 t=300.0s (ETA 1212.3m)
05:52:21 [INFO]   [2150/9855]     spb 2020-wms instance12.wcnf                          cost=     5223 t=300.1s (ETA 1207.2m)
05:59:07 [INFO]   [2200/9855]     spb 2020-wms r11.wcnf                                 cost= 45038647 t=300.4s (ETA 1195.7m)
06:07:40 [INFO]   [2250/9855]     spb 2020-wms scpnrg3_weighted.wcnf                    cost=      166 t=300.0s (ETA 1190.3m)
06:15:27 [INFO]   [2300/9855] foursat 2020-wms MinWidthCB_mitdbsample_300_32_1k_6s_2t_8 cost=      inf t=305.0s (ETA 1182.4m)
06:23:22 [INFO]   [2350/9855] foursat 2020-wms af-synthesis_stb_50_180_1.wcnf           cost=      inf t=305.2s (ETA 1174.8m)
06:30:57 [INFO]   [2400/9855] foursat 2020-wms instance7.wcnf                           cost=      inf t=305.1s (ETA 1166.3m)
06:38:23 [INFO]   [2450/9855] foursat 2020-wms ram_k3_n18.ra1.wcnf                      cost=    68793 t=252.0s (ETA 1157.3m)
06:46:14 [INFO]   [2500/9855] foursat 2020-wms tcp_students_98_it_2.wcnf                cost=      inf t=172.2s (ETA 1149.5m)
06:53:38 [INFO]   [2550/9855]   nuwls 2021-ms MinFill_R0_queen9_9.wcnf                 cost=     1712 t=300.0s (ETA 1140.5m)
07:02:02 [INFO]   [2600/9855]   nuwls 2021-ms formula_0.8_2021_atleast_127_max-6_reduc cost=       65 t=300.2s (ETA 1134.4m)
07:09:02 [INFO]   [2650/9855]   nuwls 2021-ms rev66-20.wcnf                            cost=      inf t=300.0s (ETA 1124.3m)
07:17:22 [INFO]   [2700/9855]  bandhs 2021-ms GreeceWesternGreeceUniversityInstance4.x cost=      196 t=300.0s (ETA 1118.0m)
07:24:27 [INFO]   [2750/9855]  bandhs 2021-ms data.405.wcnf                            cost=      342 t=300.0s (ETA 1108.3m)
07:32:57 [INFO]   [2800/9855]  bandhs 2021-ms ram_k4_n18.ra0.wcnf                      cost=        9 t=300.0s (ETA 1102.2m)
07:41:14 [INFO]   [2850/9855] satlike 2021-ms GenHyperTW_flat30-50.wcnf                cost=       22 t=300.2s (ETA 1095.6m)
07:48:39 [INFO]   [2900/9855] satlike 2021-ms pesp_5min.wcnf                           cost=       74 t=300.1s (ETA 1086.8m)
07:57:15 [INFO]   [2950/9855] satlike 2021-ms ram_k3_n13.ra0.wcnf                      cost=       16 t=300.0s (ETA 1080.8m)
08:04:00 [INFO]   [3000/9855]     spb 2021-ms DBLP.wcnf                                cost=    53687 t=300.1s (ETA 1070.5m)
08:12:25 [INFO]   [3050/9855]     spb 2021-ms cnf_10.wcnf                              cost=      106 t=300.0s (ETA 1064.1m)
08:19:44 [INFO]   [3100/9855]     spb 2021-ms normalized-test4.pi.opb.msat.wcnf        cost=       94 t=300.0s (ETA 1055.2m)
08:28:09 [INFO]   [3150/9855] foursat 2021-ms 20-100-p100-49.wcnf                      cost=      inf t=305.5s (ETA 1048.7m)
08:34:48 [INFO]   [3200/9855] foursat 2021-ms maxcut-140-630-0.7-6.wcnf                cost=      174 t=244.4s (ETA 1038.4m)
08:43:02 [INFO]   [3250/9855] foursat 2021-ms ram_k3_n11.ra0.wcnf                      cost=       25 t=243.7s (ETA 1031.5m)
08:49:49 [INFO]   [3300/9855] foursat 2021-ms spectre_min.wcnf                         cost=      inf t=307.0s (ETA 1021.6m)
08:58:12 [INFO]   [3350/9855]   nuwls 2021-wms formula_0.8_2021_atleast_127_max-6_reduc cost=      105 t=300.3s (ETA 1015.0m)
09:06:56 [INFO]   [3400/9855]   nuwls 2021-wms role_domino_0.5_0.wcnf                   cost=   155276 t=300.1s (ETA 1008.9m)
09:13:34 [INFO]   [3450/9855]   nuwls 2021-wms scpnrf4_weighted.wcnf                    cost=       14 t=300.0s (ETA 998.9m)
09:22:35 [INFO]   [3500/9855]  bandhs 2021-wms formula_0.8_2021_atleast_63_max-5_reduce cost=      769 t=300.1s (ETA 993.4m)
09:28:37 [INFO]   [3550/9855]  bandhs 2021-wms role_domino_0.55_9.wcnf                  cost=   162580 t=300.0s (ETA 982.4m)
09:37:45 [INFO]   [3600/9855]  bandhs 2021-wms pa-2.wcnf                                cost=     1206 t=302.0s (ETA 976.9m)
09:44:46 [INFO]   [3650/9855] satlike 2021-wms formula_0.8_2021_atleast_63_max-5_reduce cost=      467 t=300.1s (ETA 967.8m)
09:53:07 [INFO]   [3700/9855] satlike 2021-wms role_domino_0.3_1.wcnf                   cost=   105612 t=300.1s (ETA 960.9m)
09:59:53 [INFO]   [3750/9855] satlike 2021-wms metro_8_8_5_20_10_6_500_1_3.lp.sm-extrac cost=      234 t=300.0s (ETA 951.4m)
10:08:16 [INFO]   [3800/9855]     spb 2021-wms formula_0.8_2021_atleast_31_max-4_reduce cost=      410 t=300.0s (ETA 944.5m)
10:17:23 [INFO]   [3850/9855]     spb 2021-wms role_domino_0.05_17.wcnf                 cost=    24205 t=300.1s (ETA 938.8m)
10:23:37 [INFO]   [3900/9855]     spb 2021-wms polysite-pmd.wcnf                        cost=   188568 t=301.8s (ETA 928.6m)
10:32:50 [INFO]   [3950/9855] foursat 2021-wms formula_0.8_2021_atleast_15_max-3_reduce cost=      inf t=305.1s (ETA 922.9m)
10:38:30 [INFO]   [4000/9855] foursat 2021-wms rail4872.wcnf                            cost=      inf t=305.2s (ETA 911.9m)
10:43:13 [INFO]   [4050/9855]   nuwls 2022-ms MinFill_R0_mulsol.i.5.wcnf               cost=        0 t=  1.0s (ETA 899.7m)
10:43:19 [INFO]   [4100/9855]   nuwls 2022-ms gen_mult_5_5_991.wcnf                    cost=        0 t=  0.1s (ETA 881.3m)
10:43:39 [INFO]   [4150/9855]   nuwls 2022-ms navigation_5x5_8.wcnf                    cost=        0 t=  3.7s (ETA 863.5m)
10:43:43 [INFO]   [4200/9855]   nuwls 2022-ms wcn.ionosphere_train_8_CNF_4_1.wcnf      cost=        0 t=  0.1s (ETA 845.9m)
10:51:28 [INFO]   [4250/9855]  bandhs 2022-ms GreeceWesternGreeceUniversityInstance4.x cost=      196 t=300.1s (ETA 838.7m)
10:58:45 [INFO]   [4300/9855]  bandhs 2022-ms extension-enforcement_non-strict_stb_200 cost=        8 t=300.0s (ETA 831.0m)
11:07:24 [INFO]   [4350/9855]  bandhs 2022-ms navigation_5x5_10.wcnf                   cost=      inf t=300.9s (ETA 825.0m)
11:12:44 [INFO]   [4400/9855] satlike 2022-ms GenHyperTW_uf20-050.wcnf                 cost=        0 t=  3.1s (ETA 814.8m)
11:13:21 [INFO]   [4450/9855] satlike 2022-ms extension-enforcement_non-strict_stb_200 cost=        0 t=  0.1s (ETA 799.0m)
11:13:40 [INFO]   [4500/9855] satlike 2022-ms ms_100_40_10-0.wcnf                      cost=        0 t= 14.0s (ETA 783.2m)
11:13:43 [INFO]   [4550/9855] satlike 2022-ms unw.SingleDay_3.wcnf                     cost=        0 t=  0.0s (ETA 767.4m)
11:18:46 [INFO]   [4600/9855]     spb 2022-ms GenHyperTW_hole6.wcnf                    cost=        7 t=300.0s (ETA 757.7m)
11:25:20 [INFO]   [4650/9855]     spb 2022-ms data.729.wcnf                            cost=      633 t=300.0s (ETA 749.8m)
11:33:50 [INFO]   [4700/9855]     spb 2022-ms mul_8_11.wcnf                            cost=       64 t=300.1s (ETA 744.0m)
11:39:13 [INFO]   [4750/9855] foursat 2022-ms GenHyperTW_flat30-50.wcnf                cost=      inf t=  3.7s (ETA 734.8m)
11:39:52 [INFO]   [4800/9855] foursat 2022-ms data.405.wcnf                            cost=      inf t=  3.6s (ETA 720.7m)
11:40:25 [INFO]   [4850/9855] foursat 2022-ms ms_100_20_20-0.wcnf                      cost=      inf t=  3.6s (ETA 706.8m)
11:41:27 [INFO]   [4900/9855] foursat 2022-ms sysadmin_5_4.wcnf                        cost=      inf t=  3.6s (ETA 693.7m)
11:41:52 [INFO]   [4950/9855]   nuwls 2022-wms Rounded_CorrelationClustering_Ionosphere cost=        0 t=  0.2s (ETA 680.1m)
11:42:48 [INFO]   [5000/9855]   nuwls 2022-wms causal_insurance_9_100.wcnf              cost=        0 t=  0.5s (ETA 667.4m)
11:43:12 [INFO]   [5050/9855]   nuwls 2022-wms mul.role_domino_multiple_1.0_4.wcnf      cost=        0 t=  0.8s (ETA 654.3m)
11:43:23 [INFO]   [5100/9855]   nuwls 2022-wms vio.role_domino_violations_0.15_9.wcnf   cost=        0 t=  0.4s (ETA 641.4m)
11:48:29 [INFO]   [5150/9855]  bandhs 2022-wms BrazilInstance4.xml.wcnf                 cost=      inf t=300.0s (ETA 633.1m)
11:53:51 [INFO]   [5200/9855]  bandhs 2022-wms af-synthesis_stb_50_60_3.wcnf            cost=      138 t=300.0s (ETA 625.2m)
12:03:46 [INFO]   [5250/9855]  bandhs 2022-wms instance2.wcnf                           cost=      831 t=300.0s (ETA 621.3m)
12:08:52 [INFO]   [5300/9855]  bandhs 2022-wms random-net-50-5_network-8.net.wcnf       cost=    47234 t=300.0s (ETA 613.1m)
12:13:51 [INFO]   [5350/9855] satlike 2022-wms Rounded_CorrelationClustering_Protein4_U cost=        0 t=  0.3s (ETA 604.9m)
12:14:08 [INFO]   [5400/9855] satlike 2022-wms causal_Statlog_7_752.wcnf                cost=        0 t=  8.6s (ETA 592.9m)
12:14:52 [INFO]   [5450/9855] satlike 2022-wms polysite-pmd.wcnf                        cost=        0 t=  1.0s (ETA 581.4m)
12:14:53 [INFO]   [5500/9855] satlike 2022-wms wcn.heart_train_2_CNF_5_10.wcnf          cost=        0 t=  0.0s (ETA 569.6m)
12:19:54 [INFO]   [5550/9855]     spb 2022-wms MinWidthCB_mitdbsample_200_64_1k_10s_2t_ cost=    58620 t=300.0s (ETA 561.9m)
12:26:48 [INFO]   [5600/9855]     spb 2022-wms aus.formula_0.8_2021_atleast_127_max-6_r cost=      275 t=300.2s (ETA 555.7m)
12:34:59 [INFO]   [5650/9855]     spb 2022-wms instance6.wcnf                           cost=     2091 t=300.0s (ETA 550.4m)
12:43:38 [INFO]   [5700/9855]     spb 2022-wms role_domino_0.6_2.wcnf                   cost=   169218 t=300.1s (ETA 545.4m)
12:45:13 [INFO]   [5750/9855] foursat 2022-wms Rounded_CorrelationClustering_Protein4_U cost=      inf t=  3.9s (ETA 535.2m)
12:45:24 [INFO]   [5800/9855] foursat 2022-wms car.formula_0.8_2021_atleast_15_max-3_re cost=      inf t=  4.0s (ETA 524.3m)
12:45:35 [INFO]   [5850/9855] foursat 2022-wms log.28.wcsp.log.wcnf                     cost=      inf t=  3.7s (ETA 513.5m)
12:45:47 [INFO]   [5900/9855] foursat 2022-wms vio.role_domino_violations_0.15_9.wcnf   cost=      inf t=  4.7s (ETA 503.0m)
12:45:53 [INFO]   [5950/9855]   nuwls 2023-ms gen-hyper-tw-GenHyperTW_uf20-01.wcnf     cost=        0 t=  0.2s (ETA 492.5m)
12:45:54 [INFO]   [6000/9855]   nuwls 2023-ms logic-synthesis-normalized-test4.pi.opb. cost=        0 t=  0.0s (ETA 482.1m)
12:45:57 [INFO]   [6050/9855]   nuwls 2023-ms pseudoBoolean-normalized-par32-3.opb.msa cost=        0 t=  0.2s (ETA 472.0m)
12:46:11 [INFO]   [6100/9855]   nuwls 2023-ms planning-bnn-cellda_y_9.wcnf             cost=        0 t= 15.6s (ETA 462.1m)
12:56:00 [INFO]   [6150/9855]  bandhs 2023-ms gen-hyper-tw-GenHyperTW_2bitcomp_5.wcnf  cost=       18 t=300.2s (ETA 458.2m)
13:01:48 [INFO]   [6200/9855]  bandhs 2023-ms judgment-aggregation-ja-maxham-preflib-0 cost=       51 t=300.0s (ETA 451.8m)
13:11:02 [INFO]   [6250/9855]  bandhs 2023-ms planning-bnn-navigation_5x5_9.wcnf       cost=      inf t=301.1s (ETA 447.3m)
13:11:53 [INFO]   [6300/9855] satlike 2023-ms gen-hyper-tw-GenHyperTW_b01.wcnf         cost=        0 t=  3.2s (ETA 438.1m)
13:12:45 [INFO]   [6350/9855] satlike 2023-ms judgment-aggregation-ja-maxham-preflib-0 cost=        0 t=  3.2s (ETA 429.0m)
13:13:36 [INFO]   [6400/9855] satlike 2023-ms planning-bnn-navigation_5x5_8.wcnf       cost=        0 t=  2.3s (ETA 420.1m)
13:14:57 [INFO]   [6450/9855]  bandhs 2023-ms reversi-rev66-16.wcnf                    cost=      inf t=300.0s (ETA 411.5m)
13:21:04 [INFO]   [6500/9855]     spb 2023-ms decision-tree-mushroom-un-formula_0.8_20 cost=      inf t=300.2s (ETA 405.5m)
13:31:00 [INFO]   [6550/9855]     spb 2023-ms judgment-aggregation-ja-maxham-preflib-0 cost=       54 t=300.0s (ETA 401.4m)
13:36:14 [INFO]   [6600/9855]     spb 2023-ms optimizing-BDDs-vote-un-wcnf_incomplete_ cost=        5 t=300.0s (ETA 394.9m)
13:41:14 [INFO]   [6650/9855]     spb 2023-ms reversi-rev66-32.wcnf                    cost=      inf t=300.0s (ETA 388.3m)
13:41:30 [INFO]   [6700/9855] foursat 2023-ms judgment-aggregation-ja-maxham-preflib-0 cost=      inf t=  3.7s (ETA 379.5m)
13:41:52 [INFO]   [6750/9855] foursat 2023-ms optimizing-BDDs-heart-cleveland-un-wcnf_ cost=      inf t= 10.2s (ETA 370.9m)
13:42:12 [INFO]   [6800/9855] foursat 2023-ms optimizing-BDDs-kr-vs-kp-un-wcnf_incompl cost=      inf t= 28.4s (ETA 362.4m)
13:42:32 [INFO]   [6850/9855]   nuwls 2023-wms causal-discovery_wt-causal_Water_10_1000 cost=        0 t=  1.4s (ETA 354.0m)
13:42:35 [INFO]   [6900/9855]   nuwls 2023-wms judgment-aggregation-ja-kemeny-preflib-0 cost=        0 t=  0.1s (ETA 345.6m)
13:42:43 [INFO]   [6950/9855]   nuwls 2023-wms shiftdesign_wt-limits-10-10_data-2_inst- cost=        0 t=  6.0s (ETA 337.4m)
13:47:46 [INFO]   [7000/9855]  bandhs 2023-wms MinimumWeightDominatingSetProblem_wt-sc- cost= 17341720 t=302.0s (ETA 331.3m)
13:56:03 [INFO]   [7050/9855]  bandhs 2023-wms decision-tree-heart-cleveland-un-formula cost=      127 t=300.0s (ETA 326.5m)
14:04:22 [INFO]   [7100/9855]  bandhs 2023-wms ramsey_wt-ram_k3_n14.ra1.wcnf            cost=     3025 t=300.0s (ETA 321.6m)
14:07:52 [INFO]   [7150/9855] satlike 2023-wms abstraction-refinement_wt-downcast-pmd.w cost=        0 t=  1.5s (ETA 314.9m)
14:07:57 [INFO]   [7200/9855] satlike 2023-wms generalized-ising_wt-IS23_5.0.5.0.0.5_so cost=        0 t=  0.0s (ETA 307.0m)
14:08:04 [INFO]   [7250/9855] satlike 2023-wms spot5_wt-1403.wcsp.dir.wcnf              cost=        0 t=  0.0s (ETA 299.2m)
14:10:00 [INFO]   [7300/9855]  bandhs 2023-wms switchingactivitymaximization-SwitchingA cost=      inf t=300.2s (ETA 292.1m)
14:18:14 [INFO]   [7350/9855]     spb 2023-wms causal-discovery_wt-causal_Pigs_6_1000.w cost= 24912095 t=300.0s (ETA 287.2m)
14:26:03 [INFO]   [7400/9855]     spb 2023-wms hs-timetabling_wt-BrazilInstance5.xml.wc cost=      343 t=300.0s (ETA 282.2m)
14:33:14 [INFO]   [7450/9855]     spb 2023-wms staff-scheduling_wt-instance10.wcnf      cost=     5679 t=300.1s (ETA 276.9m)
14:33:32 [INFO]   [7500/9855] foursat 2023-wms correlation-clustering_wt-Rounded_Correl cost=      inf t=  4.0s (ETA 269.4m)
14:34:21 [INFO]   [7550/9855] foursat 2023-wms railway-transport_wt-bf2030fvslack.wcnf  cost=      inf t=  3.5s (ETA 262.2m)
14:34:35 [INFO]   [7600/9855] foursat 2023-wms staff-scheduling_wt-instance6.wcnf       cost=      inf t=  4.2s (ETA 254.9m)
14:34:40 [INFO]   [7650/9855]   nuwls 2024-ms fault-diagnosis-s38584_nan_explicit_15_0 cost=        0 t=  1.6s (ETA 247.6m)
14:34:42 [INFO]   [7700/9855]   nuwls 2024-ms judgment-aggregation-ja-slater-preflib-0 cost=        0 t=  0.4s (ETA 240.5m)
14:34:43 [INFO]   [7750/9855]   nuwls 2024-ms optimizing-BDDs-hypothyroid-un-wcnf_inco cost=        0 t=  0.3s (ETA 233.4m)
14:34:55 [INFO]   [7800/9855]   nuwls 2024-ms scheduling-cnf_small.wcnf                cost=        0 t=  0.5s (ETA 226.4m)
14:39:56 [INFO]   [7850/9855]  bandhs 2024-ms CircuitDebuggingProblems-rsdecoder-debug cost=        1 t=300.1s (ETA 220.8m)
14:45:03 [INFO]   [7900/9855]  bandhs 2024-ms gen-hyper-tw-GenHyperTW_flat30-1.wcnf    cost=       65 t=300.1s (ETA 215.2m)
14:54:57 [INFO]   [7950/9855]  bandhs 2024-ms minimize-5gons-u5-cube-maxcdcl-11-tmp-15 cost=       77 t=300.0s (ETA 210.7m)
15:01:05 [INFO]   [8000/9855]  bandhs 2024-ms planning-bnn-navigation_4x4_7.wcnf       cost=      inf t=300.5s (ETA 205.3m)
15:05:45 [INFO]   [8050/9855] satlike 2024-ms close_solutions-SAT04__industrial__velev cost=        0 t=  2.3s (ETA 199.6m)
15:06:48 [INFO]   [8100/9855] satlike 2024-ms inconsistency-measurement-im-contension- cost=        0 t=  8.4s (ETA 193.1m)
15:07:40 [INFO]   [8150/9855] satlike 2024-ms minimize-5gons-u5-cube-maxcdcl-29-tmp-15 cost=        0 t=  8.4s (ETA 186.6m)
15:08:33 [INFO]   [8200/9855] satlike 2024-ms privilege-escalation-cloud_access_contro cost=        0 t=  7.4s (ETA 180.2m)
15:09:25 [INFO]   [8250/9855] satlike 2024-ms xai-mindset2-colic.wcnf                  cost=        0 t=  8.5s (ETA 173.9m)
15:15:02 [INFO]   [8300/9855]     spb 2024-ms close_solutions-SAT07__industrial__vliw_ cost=       24 t=300.9s (ETA 168.5m)
15:24:29 [INFO]   [8350/9855]     spb 2024-ms inconsistency-measurement-im-hit-C-2-stb cost=       42 t=300.0s (ETA 163.8m)
15:30:03 [INFO]   [8400/9855]     spb 2024-ms minimize-5gons-u5-cube-maxcdcl-58-tmp-15 cost=       77 t=300.0s (ETA 158.4m)
15:39:59 [INFO]   [8450/9855]     spb 2024-ms program-disambiguation-Q35_OPTIONS_1.wcn cost=      inf t=300.5s (ETA 153.7m)
15:44:37 [INFO]   [8500/9855] foursat 2024-ms decision-tree-soybean-un-formula_0.8_202 cost=      inf t=  3.5s (ETA 148.1m)
15:45:00 [INFO]   [8550/9855]     spb 2024-ms xai-mindset2-cleveland-nominal.wcnf      cost=      inf t=300.0s (ETA 141.9m)
15:45:11 [INFO]   [8600/9855] foursat 2024-ms minimize-5gons-u5-cube-maxcdcl-36-tmp-15 cost=      inf t=  4.9s (ETA 135.7m)
15:45:21 [INFO]   [8650/9855] foursat 2024-ms optimizing-BDDs-breast-cancer-un-wcnf_in cost=      inf t= 10.6s (ETA 129.5m)
15:45:27 [INFO]   [8700/9855] foursat 2024-ms scheduling-cnf_10.wcnf                   cost=      inf t=  4.1s (ETA 123.5m)
15:45:35 [INFO]   [8750/9855]   nuwls 2024-wms af-synthesis_wt-af-synthesis_stb_50_140_ cost=        0 t=  2.4s (ETA 117.5m)
15:45:40 [INFO]   [8800/9855]   nuwls 2024-wms judgment-aggregation-ja-kemeny-preflib-0 cost=        0 t=  0.6s (ETA 111.5m)
15:45:42 [INFO]   [8850/9855]   nuwls 2024-wms preference_planning_wt-WCNF_pathways_p16 cost=        0 t=  1.6s (ETA 105.6m)
15:45:47 [INFO]   [8900/9855]   nuwls 2024-wms synplicate_new-synplicate_synthetic_dag_ cost=        0 t=  1.4s (ETA 99.8m)
15:50:48 [INFO]   [8950/9855]  bandhs 2024-wms BTBNSL_wt-Rounded_BTWBNSL_hailfinder_100 cost=6230759437 t=300.0s (ETA 94.6m)
15:56:01 [INFO]   [9000/9855]  bandhs 2024-wms af-synthesis_wt-af-synthesis_stb_50_160_ cost=      124 t=300.1s (ETA 89.4m)
16:05:50 [INFO]   [9050/9855]  bandhs 2024-wms frb_wt-frb40-19-4.wcnf                   cost=      721 t=300.0s (ETA 84.5m)
16:15:48 [INFO]   [9100/9855]  bandhs 2024-wms quantum-circuit-qgan_6_15_ibmq-casablanc cost=      inf t=300.0s (ETA 79.7m)
16:20:52 [INFO]   [9150/9855]  bandhs 2024-wms synplicate_new-synplicate_synthetic_dag_ cost=      584 t=300.0s (ETA 74.4m)
16:20:56 [INFO]   [9200/9855] satlike 2024-wms af-synthesis_wt-af-synthesis_stb_50_160_ cost=        0 t=  0.0s (ETA 68.7m)
16:20:57 [INFO]   [9250/9855] satlike 2024-wms frb_wt-frb40-19-3.wcnf                   cost=        0 t=  0.0s (ETA 63.1m)
16:20:57 [INFO]   [9300/9855] satlike 2024-wms protein_ins_wt-1knt_.1bpi_.g.wcnf.t.wcnf cost=        0 t=  0.2s (ETA 57.6m)
16:20:58 [INFO]   [9350/9855] satlike 2024-wms synplicate_new-synplicate_complete_tree_ cost=        0 t=  0.1s (ETA 52.1m)
16:25:58 [INFO]   [9400/9855]     spb 2024-wms BTBNSL_wt-Rounded_BTWBNSL_Hepatitis.BIC_ cost=132680771 t=300.0s (ETA 47.0m)
16:31:08 [INFO]   [9450/9855]     spb 2024-wms abstraction-refinement_wt-polysite-lusea cost=   421613 t=300.2s (ETA 41.8m)
16:40:59 [INFO]   [9500/9855]     spb 2024-wms decision-tree-tic-tac-toe-un-formula_0.8 cost=      653 t=300.1s (ETA 36.8m)
16:46:14 [INFO]   [9550/9855]     spb 2024-wms protein_ins_wt-1knt_.5pti_.g.wcnf.t.wcnf cost=     2208 t=300.2s (ETA 31.6m)
16:55:59 [INFO]   [9600/9855]     spb 2024-wms synplicate_new-synplicate_complete_tree_ cost=      597 t=300.0s (ETA 26.6m)
16:56:15 [INFO]   [9650/9855] foursat 2024-wms ParametricRBACMaintenance_mse20_wt-role_ cost=      inf t=  4.6s (ETA 21.3m)
16:56:27 [INFO]   [9700/9855] foursat 2024-wms correlation-clustering_wt-Rounded_Correl cost=      inf t=  4.6s (ETA 16.0m)
16:56:42 [INFO]   [9750/9855] foursat 2024-wms lisbon-wedding_wt-lisbon-wedding-9-17.wc cost=      inf t=  4.7s (ETA 10.8m)
16:56:54 [INFO]   [9800/9855] foursat 2024-wms switchingactivitymaximization-SwitchingA cost=      inf t=  4.5s (ETA 5.6m)
17:00:51 [INFO]   [9850/9855]     spb 2024-wms timetabling_wt-comp07.lp.sm-extracted.wc cost=      154 t=300.3s (ETA 0.5m)
17:00:58 [INFO]   [9855/9855]     spb 2024-wms timetabling_wt-test4.wcnf                cost=      526 t=300.0s (ETA 0.0m)
17:00:59 [INFO] Wrote ./results/baselines_300s/nuwls_results_raw.json
17:00:59 [INFO] Wrote ./results/baselines_300s/bandhs_results_raw.json
17:00:59 [INFO] Wrote ./results/baselines_300s/satlike_results_raw.json
17:00:59 [INFO] Wrote ./results/baselines_300s/spb_results_raw.json
17:00:59 [INFO] Wrote ./results/baselines_300s/foursat_results_raw.json
