2026-04-17 03:01:38 [INFO] Logging to file: results/logs/pretrain_ckg12_20260417_030133.log
2026-04-17 03:01:55 [INFO] ============================================================
2026-04-17 03:01:55 [INFO] HYDRA Pre-Training
2026-04-17 03:01:55 [INFO] ============================================================
2026-04-17 03:01:55 [INFO] Found 28 instances
2026-04-17 03:02:12 [INFO] Loaded 28 instances
2026-04-17 03:02:13 [INFO] Model: 15,291,424 params
2026-04-17 03:33:02 [INFO] Epoch    0/50: loss=0.0570 lr=0.000999
2026-04-17 04:25:59 [INFO] Epoch    5/50: loss=0.0550 lr=0.000965
2026-04-17 05:31:08 [INFO] Epoch   10/50: loss=0.0512 lr=0.000886
2026-04-17 06:38:31 [INFO] Epoch   15/50: loss=0.0528 lr=0.000770
2026-04-17 07:40:52 [INFO] Epoch   20/50: loss=0.0503 lr=0.000628
2026-04-17 08:44:08 [INFO] Epoch   25/50: loss=0.0164 lr=0.000474
2026-04-17 09:43:20 [INFO] Epoch   30/50: loss=0.0147 lr=0.000323
2026-04-17 10:33:11 [INFO] Epoch   35/50: loss=0.0130 lr=0.000189
2026-04-17 11:18:14 [INFO] Epoch   40/50: loss=0.0077 lr=0.000087
2026-04-17 11:54:47 [INFO] Epoch   45/50: loss=0.0074 lr=0.000026
2026-04-17 12:20:41 [INFO] Epoch   49/50: loss=0.0067 lr=0.000010
2026-04-17 12:20:41 [INFO] Pre-training done. Best loss: 0.0062
2026-04-17 12:20:42 [INFO] Pre-trained model saved to ./hydra_pretrained
