2026-04-20 07:40:23 [INFO] Logging to file: results/logs/pretrain_fixedUP_20260420_074019.log
2026-04-20 07:40:32 [INFO] ============================================================
2026-04-20 07:40:32 [INFO] HYDRA Pre-Training
2026-04-20 07:40:32 [INFO] ============================================================
2026-04-20 07:40:32 [INFO] Found 28 instances
2026-04-20 07:40:50 [INFO] Loaded 28 instances
2026-04-20 07:40:51 [INFO] Model: 15,291,424 params
/nas/ckgfs/jaunts/jahin/HYDRA/.venv_ckg08/lib/python3.12/site-packages/torch_geometric/utils/_scatter.py:91: UserWarning: The usage of `scatter(reduce='max')` can be accelerated via the 'torch-scatter' package, but it was not found
  warnings.warn(
/nas/ckgfs/users/jahin/HYDRA/hydra_data.py:178: RuntimeWarning: compute_clause_centrality: 1640 clause nodes — using scatter-based triangle count (no N×N allocation).
  self._clause_centrality_cache = compute_clause_centrality(
/nas/ckgfs/users/jahin/HYDRA/hydra_data.py:178: RuntimeWarning: compute_clause_centrality: 1270 clause nodes — using scatter-based triangle count (no N×N allocation).
  self._clause_centrality_cache = compute_clause_centrality(
/nas/ckgfs/users/jahin/HYDRA/hydra_data.py:178: RuntimeWarning: compute_clause_centrality: 1296 clause nodes — using scatter-based triangle count (no N×N allocation).
  self._clause_centrality_cache = compute_clause_centrality(
/nas/ckgfs/users/jahin/HYDRA/hydra_data.py:178: RuntimeWarning: compute_clause_centrality: 1132 clause nodes — using scatter-based triangle count (no N×N allocation).
  self._clause_centrality_cache = compute_clause_centrality(
/nas/ckgfs/users/jahin/HYDRA/hydra_data.py:178: RuntimeWarning: compute_clause_centrality: 1420 clause nodes — using scatter-based triangle count (no N×N allocation).
  self._clause_centrality_cache = compute_clause_centrality(
/nas/ckgfs/users/jahin/HYDRA/hydra_data.py:178: RuntimeWarning: compute_clause_centrality: 1353 clause nodes — using scatter-based triangle count (no N×N allocation).
  self._clause_centrality_cache = compute_clause_centrality(
/nas/ckgfs/users/jahin/HYDRA/hydra_data.py:178: RuntimeWarning: compute_clause_centrality: 1188 clause nodes — using scatter-based triangle count (no N×N allocation).
  self._clause_centrality_cache = compute_clause_centrality(
/nas/ckgfs/users/jahin/HYDRA/hydra_data.py:178: RuntimeWarning: compute_clause_centrality: 1638 clause nodes — using scatter-based triangle count (no N×N allocation).
  self._clause_centrality_cache = compute_clause_centrality(
/nas/ckgfs/users/jahin/HYDRA/hydra_data.py:178: RuntimeWarning: compute_clause_centrality: 4276 clause nodes — using scatter-based triangle count (no N×N allocation).
  self._clause_centrality_cache = compute_clause_centrality(
/nas/ckgfs/users/jahin/HYDRA/hydra_data.py:178: RuntimeWarning: compute_clause_centrality: 1178 clause nodes — using scatter-based triangle count (no N×N allocation).
  self._clause_centrality_cache = compute_clause_centrality(
/nas/ckgfs/users/jahin/HYDRA/hydra_data.py:178: RuntimeWarning: compute_clause_centrality: 2058 clause nodes — using scatter-based triangle count (no N×N allocation).
  self._clause_centrality_cache = compute_clause_centrality(
/nas/ckgfs/users/jahin/HYDRA/hydra_data.py:178: RuntimeWarning: compute_clause_centrality: 2816 clause nodes — using scatter-based triangle count (no N×N allocation).
  self._clause_centrality_cache = compute_clause_centrality(
/nas/ckgfs/users/jahin/HYDRA/hydra_data.py:178: RuntimeWarning: compute_clause_centrality: 1354 clause nodes — using scatter-based triangle count (no N×N allocation).
  self._clause_centrality_cache = compute_clause_centrality(
/nas/ckgfs/users/jahin/HYDRA/hydra_data.py:178: RuntimeWarning: compute_clause_centrality: 1120 clause nodes — using scatter-based triangle count (no N×N allocation).
  self._clause_centrality_cache = compute_clause_centrality(
/nas/ckgfs/users/jahin/HYDRA/hydra_data.py:178: RuntimeWarning: compute_clause_centrality: 2542 clause nodes — using scatter-based triangle count (no N×N allocation).
  self._clause_centrality_cache = compute_clause_centrality(
Traceback (most recent call last):
  File "/nas/ckgfs/users/jahin/HYDRA/hydra_main.py", line 416, in <module>
    main()
  File "/nas/ckgfs/users/jahin/HYDRA/hydra_main.py", line 402, in main
    cmd_pretrain(args)
  File "/nas/ckgfs/users/jahin/HYDRA/hydra_main.py", line 61, in cmd_pretrain
    model = pretrain_hydra(
            ^^^^^^^^^^^^^^^
  File "/nas/ckgfs/users/jahin/HYDRA/hydra_pretrain.py", line 384, in pretrain_hydra
    om = model(do, t=t_zero)
         ^^^^^^^^^^^^^^^^^^^
  File "/nas/ckgfs/jaunts/jahin/HYDRA/.venv_ckg08/lib/python3.12/site-packages/torch/nn/modules/module.py", line 1553, in _wrapped_call_impl
    return self._call_impl(*args, **kwargs)
           ^^^^^^^^^^^^^^^^^^^^^^^^^^^^^^^^
  File "/nas/ckgfs/jaunts/jahin/HYDRA/.venv_ckg08/lib/python3.12/site-packages/torch/nn/modules/module.py", line 1562, in _call_impl
    return forward_call(*args, **kwargs)
           ^^^^^^^^^^^^^^^^^^^^^^^^^^^^^
  File "/nas/ckgfs/users/jahin/HYDRA/hydra_model.py", line 439, in forward
    h_var, h_clause = layer(
                      ^^^^^^
  File "/nas/ckgfs/jaunts/jahin/HYDRA/.venv_ckg08/lib/python3.12/site-packages/torch/nn/modules/module.py", line 1553, in _wrapped_call_impl
    return self._call_impl(*args, **kwargs)
           ^^^^^^^^^^^^^^^^^^^^^^^^^^^^^^^^
  File "/nas/ckgfs/jaunts/jahin/HYDRA/.venv_ckg08/lib/python3.12/site-packages/torch/nn/modules/module.py", line 1562, in _call_impl
    return forward_call(*args, **kwargs)
           ^^^^^^^^^^^^^^^^^^^^^^^^^^^^^
  File "/nas/ckgfs/users/jahin/HYDRA/hydra_layers.py", line 677, in forward
    h_clause = self.clause_self_attn(h_clause, clause_edge_index, t_clause)
               ^^^^^^^^^^^^^^^^^^^^^^^^^^^^^^^^^^^^^^^^^^^^^^^^^^^^^^^^^^^^
  File "/nas/ckgfs/jaunts/jahin/HYDRA/.venv_ckg08/lib/python3.12/site-packages/torch/nn/modules/module.py", line 1553, in _wrapped_call_impl
    return self._call_impl(*args, **kwargs)
           ^^^^^^^^^^^^^^^^^^^^^^^^^^^^^^^^
  File "/nas/ckgfs/jaunts/jahin/HYDRA/.venv_ckg08/lib/python3.12/site-packages/torch/nn/modules/module.py", line 1562, in _call_impl
    return forward_call(*args, **kwargs)
           ^^^^^^^^^^^^^^^^^^^^^^^^^^^^^
  File "/nas/ckgfs/users/jahin/HYDRA/hydra_layers.py", line 339, in forward
    attn_out = self.attn(x_norm, x_norm, edge_index, num_nodes_q=x.size(0))
               ^^^^^^^^^^^^^^^^^^^^^^^^^^^^^^^^^^^^^^^^^^^^^^^^^^^^^^^^^^^^
  File "/nas/ckgfs/jaunts/jahin/HYDRA/.venv_ckg08/lib/python3.12/site-packages/torch/nn/modules/module.py", line 1553, in _wrapped_call_impl
    return self._call_impl(*args, **kwargs)
           ^^^^^^^^^^^^^^^^^^^^^^^^^^^^^^^^
  File "/nas/ckgfs/jaunts/jahin/HYDRA/.venv_ckg08/lib/python3.12/site-packages/torch/nn/modules/module.py", line 1562, in _call_impl
    return forward_call(*args, **kwargs)
           ^^^^^^^^^^^^^^^^^^^^^^^^^^^^^
  File "/nas/ckgfs/users/jahin/HYDRA/hydra_layers.py", line 249, in forward
    v_e = V[src]  # (E, H, d_h)
          ~^^^^^
torch.OutOfMemoryError: Allocation on device 
