2026-04-17 00:51:44 [INFO] Logging to file: results/logs/pretrain_20260417_005124.log
2026-04-17 00:52:09 [INFO] ============================================================
2026-04-17 00:52:09 [INFO] HYDRA Pre-Training
2026-04-17 00:52:09 [INFO] ============================================================
2026-04-17 00:52:09 [INFO] Found 28 instances
2026-04-17 00:52:19 [INFO] Loaded 28 instances
2026-04-17 00:52:19 [INFO] Model: 15,291,424 params
2026-04-17 01:02:42 [INFO] Epoch    0/50: loss=0.0582 lr=0.000999
2026-04-17 01:14:34 [INFO] Epoch    5/50: loss=0.0537 lr=0.000965
2026-04-17 01:25:52 [INFO] Epoch   10/50: loss=0.0493 lr=0.000886
2026-04-17 01:37:26 [INFO] Epoch   15/50: loss=0.0167 lr=0.000770
2026-04-17 01:49:51 [INFO] Epoch   20/50: loss=0.0183 lr=0.000628
2026-04-17 02:01:07 [INFO] Epoch   25/50: loss=0.0166 lr=0.000474
2026-04-17 02:11:53 [INFO] Epoch   30/50: loss=0.0139 lr=0.000323
2026-04-17 02:23:34 [INFO] Epoch   35/50: loss=0.0135 lr=0.000189
2026-04-17 02:35:01 [INFO] Epoch   40/50: loss=0.0104 lr=0.000087
2026-04-17 02:46:15 [INFO] Epoch   45/50: loss=0.0112 lr=0.000026
2026-04-17 02:55:14 [INFO] Epoch   49/50: loss=0.0113 lr=0.000010
2026-04-17 02:55:14 [INFO] Pre-training done. Best loss: 0.0097
2026-04-17 02:55:14 [INFO] Pre-trained model saved to ./hydra_pretrained
