2026-04-22 19:55:03 [INFO] Logging to file: results/logs/pretrain_h96_l6_20260422_195437.log
2026-04-22 19:55:32 [INFO] ============================================================
2026-04-22 19:55:32 [INFO] HYDRA Pre-Training
2026-04-22 19:55:32 [INFO] ============================================================
2026-04-22 19:55:32 [INFO] Found 28 instances
2026-04-22 19:56:34 [INFO] Loaded 28 instances
2026-04-22 19:56:35 [INFO] Model: 4,805,506 params
/nas/ckgfs/jaunts/jahin/HYDRA/.venv_ckg08/lib/python3.12/site-packages/torch_geometric/utils/_scatter.py:91: UserWarning: The usage of `scatter(reduce='max')` can be accelerated via the 'torch-scatter' package, but it was not found
  warnings.warn(
/nas/ckgfs/users/jahin/HYDRA/hydra_data.py:178: RuntimeWarning: compute_clause_centrality: 4598 clause nodes — using scatter-based triangle count (no N×N allocation).
  self._clause_centrality_cache = compute_clause_centrality(
/nas/ckgfs/users/jahin/HYDRA/hydra_data.py:178: RuntimeWarning: compute_clause_centrality: 2058 clause nodes — using scatter-based triangle count (no N×N allocation).
  self._clause_centrality_cache = compute_clause_centrality(
/nas/ckgfs/users/jahin/HYDRA/hydra_data.py:178: RuntimeWarning: compute_clause_centrality: 1260 clause nodes — using scatter-based triangle count (no N×N allocation).
  self._clause_centrality_cache = compute_clause_centrality(
/nas/ckgfs/users/jahin/HYDRA/hydra_data.py:178: RuntimeWarning: compute_clause_centrality: 1354 clause nodes — using scatter-based triangle count (no N×N allocation).
  self._clause_centrality_cache = compute_clause_centrality(
/nas/ckgfs/users/jahin/HYDRA/hydra_data.py:178: RuntimeWarning: compute_clause_centrality: 1420 clause nodes — using scatter-based triangle count (no N×N allocation).
  self._clause_centrality_cache = compute_clause_centrality(
/nas/ckgfs/users/jahin/HYDRA/hydra_data.py:178: RuntimeWarning: compute_clause_centrality: 1120 clause nodes — using scatter-based triangle count (no N×N allocation).
  self._clause_centrality_cache = compute_clause_centrality(
/nas/ckgfs/users/jahin/HYDRA/hydra_data.py:178: RuntimeWarning: compute_clause_centrality: 4350 clause nodes — using scatter-based triangle count (no N×N allocation).
  self._clause_centrality_cache = compute_clause_centrality(
/nas/ckgfs/users/jahin/HYDRA/hydra_data.py:178: RuntimeWarning: compute_clause_centrality: 1638 clause nodes — using scatter-based triangle count (no N×N allocation).
  self._clause_centrality_cache = compute_clause_centrality(
/nas/ckgfs/users/jahin/HYDRA/hydra_data.py:178: RuntimeWarning: compute_clause_centrality: 1270 clause nodes — using scatter-based triangle count (no N×N allocation).
  self._clause_centrality_cache = compute_clause_centrality(
/nas/ckgfs/users/jahin/HYDRA/hydra_data.py:178: RuntimeWarning: compute_clause_centrality: 1188 clause nodes — using scatter-based triangle count (no N×N allocation).
  self._clause_centrality_cache = compute_clause_centrality(
/nas/ckgfs/users/jahin/HYDRA/hydra_data.py:178: RuntimeWarning: compute_clause_centrality: 1836 clause nodes — using scatter-based triangle count (no N×N allocation).
  self._clause_centrality_cache = compute_clause_centrality(
/nas/ckgfs/users/jahin/HYDRA/hydra_data.py:178: RuntimeWarning: compute_clause_centrality: 1806 clause nodes — using scatter-based triangle count (no N×N allocation).
  self._clause_centrality_cache = compute_clause_centrality(
/nas/ckgfs/users/jahin/HYDRA/hydra_data.py:178: RuntimeWarning: compute_clause_centrality: 3648 clause nodes — using scatter-based triangle count (no N×N allocation).
  self._clause_centrality_cache = compute_clause_centrality(
/nas/ckgfs/users/jahin/HYDRA/hydra_data.py:178: RuntimeWarning: compute_clause_centrality: 4276 clause nodes — using scatter-based triangle count (no N×N allocation).
  self._clause_centrality_cache = compute_clause_centrality(
/nas/ckgfs/users/jahin/HYDRA/hydra_data.py:178: RuntimeWarning: compute_clause_centrality: 1132 clause nodes — using scatter-based triangle count (no N×N allocation).
  self._clause_centrality_cache = compute_clause_centrality(
/nas/ckgfs/users/jahin/HYDRA/hydra_data.py:178: RuntimeWarning: compute_clause_centrality: 1092 clause nodes — using scatter-based triangle count (no N×N allocation).
  self._clause_centrality_cache = compute_clause_centrality(
/nas/ckgfs/users/jahin/HYDRA/hydra_data.py:178: RuntimeWarning: compute_clause_centrality: 1178 clause nodes — using scatter-based triangle count (no N×N allocation).
  self._clause_centrality_cache = compute_clause_centrality(
/nas/ckgfs/users/jahin/HYDRA/hydra_data.py:178: RuntimeWarning: compute_clause_centrality: 1296 clause nodes — using scatter-based triangle count (no N×N allocation).
  self._clause_centrality_cache = compute_clause_centrality(
/nas/ckgfs/users/jahin/HYDRA/hydra_data.py:178: RuntimeWarning: compute_clause_centrality: 1640 clause nodes — using scatter-based triangle count (no N×N allocation).
  self._clause_centrality_cache = compute_clause_centrality(
/nas/ckgfs/users/jahin/HYDRA/hydra_data.py:178: RuntimeWarning: compute_clause_centrality: 2816 clause nodes — using scatter-based triangle count (no N×N allocation).
  self._clause_centrality_cache = compute_clause_centrality(
/nas/ckgfs/users/jahin/HYDRA/hydra_data.py:178: RuntimeWarning: compute_clause_centrality: 1310 clause nodes — using scatter-based triangle count (no N×N allocation).
  self._clause_centrality_cache = compute_clause_centrality(
/nas/ckgfs/users/jahin/HYDRA/hydra_data.py:178: RuntimeWarning: compute_clause_centrality: 2542 clause nodes — using scatter-based triangle count (no N×N allocation).
  self._clause_centrality_cache = compute_clause_centrality(
/nas/ckgfs/users/jahin/HYDRA/hydra_data.py:178: RuntimeWarning: compute_clause_centrality: 4433 clause nodes — using scatter-based triangle count (no N×N allocation).
  self._clause_centrality_cache = compute_clause_centrality(
/nas/ckgfs/users/jahin/HYDRA/hydra_data.py:178: RuntimeWarning: compute_clause_centrality: 4561 clause nodes — using scatter-based triangle count (no N×N allocation).
  self._clause_centrality_cache = compute_clause_centrality(
/nas/ckgfs/users/jahin/HYDRA/hydra_data.py:178: RuntimeWarning: compute_clause_centrality: 4882 clause nodes — using scatter-based triangle count (no N×N allocation).
  self._clause_centrality_cache = compute_clause_centrality(
/nas/ckgfs/users/jahin/HYDRA/hydra_data.py:178: RuntimeWarning: compute_clause_centrality: 1408 clause nodes — using scatter-based triangle count (no N×N allocation).
  self._clause_centrality_cache = compute_clause_centrality(
/nas/ckgfs/users/jahin/HYDRA/hydra_data.py:178: RuntimeWarning: compute_clause_centrality: 1353 clause nodes — using scatter-based triangle count (no N×N allocation).
  self._clause_centrality_cache = compute_clause_centrality(
2026-04-22 20:37:12 [INFO] Epoch    0/30: loss=0.1193 lr=0.000997
2026-04-22 22:38:08 [INFO] Epoch    5/30: loss=0.0651 lr=0.000905
2026-04-23 00:47:52 [INFO] Epoch   10/30: loss=0.0162 lr=0.000706
2026-04-23 03:01:06 [INFO] Epoch   15/30: loss=0.0136 lr=0.000453
2026-04-23 04:22:38 [INFO] Epoch   20/30: loss=0.0125 lr=0.000214
2026-04-23 04:48:33 [INFO] Epoch   25/30: loss=0.0120 lr=0.000053
2026-04-23 05:10:38 [INFO] Epoch   29/30: loss=0.0115 lr=0.000010
2026-04-23 05:10:39 [INFO] Pre-training done. Best loss: 0.0115
2026-04-23 05:10:39 [INFO] Pre-trained model saved to ./hydra_pretrained
