03:47:21 [INFO] Train instances: 28, test: 19
03:47:23 [INFO] Preloading train data...
03:47:24 [WARNING] Skipping bcp-msp-normalized-f600.wcnf: reduced to 0v/0c after UP
04:01:13 [WARNING] Skipping maxcut-t6pm3-8888.spn.wcnf: reduced to 0v/0c after UP
04:01:54 [WARNING] Skipping set-covering-scpclr11_maxsat.wcnf: reduced to 0v/0c after UP
04:01:55 [WARNING] Skipping set-covering-scpclr12_maxsat.wcnf: reduced to 0v/0c after UP
04:01:55 [WARNING] Skipping set-covering-scpcyc06_maxsat.wcnf: reduced to 0v/0c after UP
04:01:55 [WARNING] Skipping set-covering-scpcyc07_maxsat.wcnf: reduced to 0v/0c after UP
04:01:55 [WARNING] Skipping set-covering-scpcyc08_maxsat.wcnf: reduced to 0v/0c after UP
04:06:46 [INFO] Preloading test data...
04:06:46 [WARNING] Skipping bcp-msp-normalized-f600.wcnf: reduced to 0v/0c after UP
04:09:50 [WARNING] Skipping maxcut-t6pm3-8888.spn.wcnf: reduced to 0v/0c after UP
04:09:50 [WARNING] Skipping set-covering-scpclr11_maxsat.wcnf: reduced to 0v/0c after UP
04:09:51 [WARNING] Skipping set-covering-scpclr12_maxsat.wcnf: reduced to 0v/0c after UP
04:09:51 [WARNING] Skipping set-covering-scpclr13_maxsat.wcnf: reduced to 0v/0c after UP
04:09:51 [WARNING] Skipping set-covering-scpcyc06_maxsat.wcnf: reduced to 0v/0c after UP
04:09:52 [WARNING] Skipping set-covering-scpcyc07_maxsat.wcnf: reduced to 0v/0c after UP
04:09:52 [WARNING] Skipping set-covering-scpcyc08_maxsat.wcnf: reduced to 0v/0c after UP
04:15:22 [INFO] epoch   1  loss=0.3523  SWR train=0.6201  test=0.7062
04:16:03 [INFO] epoch   2  loss=0.3355  SWR train=0.6201  test=0.7062
04:16:44 [INFO] epoch   3  loss=0.2993  SWR train=0.6201  test=0.7062
04:17:25 [INFO] epoch   4  loss=0.2816  SWR train=0.6201  test=0.7062
04:18:08 [INFO] epoch   5  loss=0.2800  SWR train=0.6201  test=0.7062
04:18:52 [INFO] epoch   6  loss=0.2794  SWR train=0.6201  test=0.7062
04:19:37 [INFO] epoch   7  loss=0.2793  SWR train=0.6201  test=0.7062
04:20:26 [INFO] epoch   8  loss=0.2792  SWR train=0.6201  test=0.7062
04:21:16 [INFO] epoch   9  loss=0.2791  SWR train=0.6201  test=0.7062
04:22:09 [INFO] epoch  10  loss=0.2790  SWR train=0.6201  test=0.7062
04:23:05 [INFO] epoch  11  loss=0.2792  SWR train=0.6201  test=0.7062
04:24:07 [INFO] epoch  12  loss=0.2790  SWR train=0.6201  test=0.7062
04:25:06 [INFO] epoch  13  loss=0.2790  SWR train=0.6201  test=0.7062
04:25:57 [INFO] epoch  14  loss=0.2793  SWR train=0.6201  test=0.7062
04:26:50 [INFO] epoch  15  loss=0.2790  SWR train=0.6201  test=0.7062
04:27:44 [INFO] epoch  16  loss=0.2789  SWR train=0.6201  test=0.7062
04:28:31 [INFO] epoch  17  loss=0.2790  SWR train=0.6201  test=0.7062
04:29:25 [INFO] epoch  18  loss=0.2789  SWR train=0.6201  test=0.7062
04:30:18 [INFO] epoch  19  loss=0.2789  SWR train=0.6201  test=0.7062
04:31:06 [INFO] epoch  20  loss=0.2789  SWR train=0.6201  test=0.7062
04:31:48 [INFO] epoch  21  loss=0.2790  SWR train=0.6201  test=0.7062
04:32:39 [INFO] epoch  22  loss=0.2789  SWR train=0.6201  test=0.7062
04:33:28 [INFO] epoch  23  loss=0.2789  SWR train=0.6201  test=0.7062
04:34:22 [INFO] epoch  24  loss=0.2789  SWR train=0.6201  test=0.7062
04:35:14 [INFO] epoch  25  loss=0.2789  SWR train=0.6201  test=0.7062
04:36:05 [INFO] epoch  26  loss=0.2789  SWR train=0.6201  test=0.7062
04:36:57 [INFO] epoch  27  loss=0.2788  SWR train=0.6201  test=0.7062
04:37:53 [INFO] epoch  28  loss=0.2789  SWR train=0.6201  test=0.7062
04:38:47 [INFO] epoch  29  loss=0.2788  SWR train=0.6201  test=0.7062
04:39:41 [INFO] epoch  30  loss=0.2789  SWR train=0.6201  test=0.7062
04:40:32 [INFO] epoch  31  loss=0.2788  SWR train=0.6201  test=0.7062
04:41:23 [INFO] epoch  32  loss=0.2788  SWR train=0.6201  test=0.7062
04:42:11 [INFO] epoch  33  loss=0.2790  SWR train=0.6201  test=0.7062
04:43:03 [INFO] epoch  34  loss=0.2789  SWR train=0.6201  test=0.7062
04:43:58 [INFO] epoch  35  loss=0.2789  SWR train=0.6201  test=0.7062
04:44:52 [INFO] epoch  36  loss=0.2789  SWR train=0.6201  test=0.7062
04:45:40 [INFO] epoch  37  loss=0.2788  SWR train=0.6201  test=0.7062
04:46:26 [INFO] epoch  38  loss=0.2789  SWR train=0.6201  test=0.7062
04:47:20 [INFO] epoch  39  loss=0.2789  SWR train=0.6201  test=0.7062
04:48:10 [INFO] epoch  40  loss=0.2789  SWR train=0.6201  test=0.7062
04:49:06 [INFO] epoch  41  loss=0.2788  SWR train=0.6201  test=0.7062
04:49:55 [INFO] epoch  42  loss=0.2788  SWR train=0.6201  test=0.7062
04:50:48 [INFO] epoch  43  loss=0.2788  SWR train=0.6201  test=0.7062
04:51:34 [INFO] epoch  44  loss=0.3386  SWR train=0.6201  test=0.7062
04:52:22 [INFO] epoch  45  loss=0.3868  SWR train=0.6201  test=0.7062
04:53:09 [INFO] epoch  46  loss=0.3868  SWR train=0.6201  test=0.7062
04:54:01 [INFO] epoch  47  loss=0.3868  SWR train=0.6201  test=0.7062
04:54:50 [INFO] epoch  48  loss=0.3868  SWR train=0.6201  test=0.7062
04:55:48 [INFO] epoch  49  loss=0.3868  SWR train=0.6201  test=0.7062
04:56:45 [INFO] epoch  50  loss=0.3868  SWR train=0.6201  test=0.7062
04:56:45 [INFO] Wrote ./results/training_stability.json
