09:35:40 [INFO] Train instances: 28, test: 19
09:35:41 [INFO] Preloading train data...
09:35:41 [WARNING] Skipping bcp-msp-normalized-f600.wcnf: reduced to 0v/0c after UP
09:40:14 [WARNING] Skipping maxcut-t6pm3-8888.spn.wcnf: reduced to 0v/0c after UP
09:40:19 [WARNING] Skipping set-covering-scpclr11_maxsat.wcnf: reduced to 0v/0c after UP
09:40:19 [WARNING] Skipping set-covering-scpclr12_maxsat.wcnf: reduced to 0v/0c after UP
09:40:19 [WARNING] Skipping set-covering-scpcyc06_maxsat.wcnf: reduced to 0v/0c after UP
09:40:19 [WARNING] Skipping set-covering-scpcyc07_maxsat.wcnf: reduced to 0v/0c after UP
09:40:19 [WARNING] Skipping set-covering-scpcyc08_maxsat.wcnf: reduced to 0v/0c after UP
09:40:49 [INFO] Preloading test data...
09:40:49 [WARNING] Skipping bcp-msp-normalized-f600.wcnf: reduced to 0v/0c after UP
09:42:01 [WARNING] Skipping maxcut-t6pm3-8888.spn.wcnf: reduced to 0v/0c after UP
09:42:01 [WARNING] Skipping set-covering-scpclr11_maxsat.wcnf: reduced to 0v/0c after UP
09:42:01 [WARNING] Skipping set-covering-scpclr12_maxsat.wcnf: reduced to 0v/0c after UP
09:42:02 [WARNING] Skipping set-covering-scpclr13_maxsat.wcnf: reduced to 0v/0c after UP
09:42:02 [WARNING] Skipping set-covering-scpcyc06_maxsat.wcnf: reduced to 0v/0c after UP
09:42:02 [WARNING] Skipping set-covering-scpcyc07_maxsat.wcnf: reduced to 0v/0c after UP
09:42:02 [WARNING] Skipping set-covering-scpcyc08_maxsat.wcnf: reduced to 0v/0c after UP
09:42:44 [INFO] epoch   1  loss=0.3523  SWR train=0.6201  test=0.7062
09:42:58 [INFO] epoch   2  loss=0.3355  SWR train=0.6201  test=0.7062
09:43:13 [INFO] epoch   3  loss=0.2993  SWR train=0.6201  test=0.7062
09:43:31 [INFO] epoch   4  loss=0.2816  SWR train=0.6201  test=0.7062
09:43:50 [INFO] epoch   5  loss=0.2800  SWR train=0.6201  test=0.7062
09:44:08 [INFO] epoch   6  loss=0.2794  SWR train=0.6201  test=0.7062
09:44:27 [INFO] epoch   7  loss=0.2793  SWR train=0.6201  test=0.7062
09:44:41 [INFO] epoch   8  loss=0.2792  SWR train=0.6201  test=0.7062
09:44:54 [INFO] epoch   9  loss=0.2791  SWR train=0.6201  test=0.7062
09:45:07 [INFO] epoch  10  loss=0.2790  SWR train=0.6201  test=0.7062
09:45:21 [INFO] epoch  11  loss=0.2792  SWR train=0.6201  test=0.7062
09:45:34 [INFO] epoch  12  loss=0.2790  SWR train=0.6201  test=0.7062
09:45:48 [INFO] epoch  13  loss=0.2790  SWR train=0.6201  test=0.7062
09:46:02 [INFO] epoch  14  loss=0.2793  SWR train=0.6201  test=0.7062
09:46:17 [INFO] epoch  15  loss=0.2790  SWR train=0.6201  test=0.7062
09:46:31 [INFO] epoch  16  loss=0.2790  SWR train=0.6201  test=0.7062
09:46:44 [INFO] epoch  17  loss=0.2791  SWR train=0.6201  test=0.7062
09:46:58 [INFO] epoch  18  loss=0.2789  SWR train=0.6201  test=0.7062
09:47:13 [INFO] epoch  19  loss=0.2789  SWR train=0.6201  test=0.7062
09:47:28 [INFO] epoch  20  loss=0.2789  SWR train=0.6201  test=0.7062
09:47:42 [INFO] epoch  21  loss=0.2790  SWR train=0.6201  test=0.7062
09:47:56 [INFO] epoch  22  loss=0.2789  SWR train=0.6201  test=0.7062
09:48:10 [INFO] epoch  23  loss=0.2789  SWR train=0.6201  test=0.7062
09:48:25 [INFO] epoch  24  loss=0.2789  SWR train=0.6201  test=0.7062
09:48:40 [INFO] epoch  25  loss=0.2789  SWR train=0.6201  test=0.7062
09:48:55 [INFO] epoch  26  loss=0.2789  SWR train=0.6201  test=0.7062
09:49:10 [INFO] epoch  27  loss=0.2788  SWR train=0.6201  test=0.7062
09:49:25 [INFO] epoch  28  loss=0.2789  SWR train=0.6201  test=0.7062
09:49:40 [INFO] epoch  29  loss=0.2788  SWR train=0.6201  test=0.7062
09:49:55 [INFO] epoch  30  loss=0.2789  SWR train=0.6201  test=0.7062
09:50:10 [INFO] epoch  31  loss=0.2788  SWR train=0.6201  test=0.7062
09:50:25 [INFO] epoch  32  loss=0.2789  SWR train=0.6201  test=0.7062
09:50:39 [INFO] epoch  33  loss=0.2790  SWR train=0.6201  test=0.7062
09:50:53 [INFO] epoch  34  loss=0.2789  SWR train=0.6201  test=0.7062
09:51:06 [INFO] epoch  35  loss=0.2789  SWR train=0.6201  test=0.7062
09:51:21 [INFO] epoch  36  loss=0.2790  SWR train=0.6201  test=0.7062
09:51:33 [INFO] epoch  37  loss=0.2788  SWR train=0.6201  test=0.7062
09:51:46 [INFO] epoch  38  loss=0.2789  SWR train=0.6201  test=0.7062
09:51:58 [INFO] epoch  39  loss=0.2789  SWR train=0.6201  test=0.7062
09:52:10 [INFO] epoch  40  loss=0.2788  SWR train=0.6201  test=0.7062
09:52:23 [INFO] epoch  41  loss=0.2788  SWR train=0.6201  test=0.7062
09:52:36 [INFO] epoch  42  loss=0.2788  SWR train=0.6201  test=0.7062
09:52:49 [INFO] epoch  43  loss=0.3133  SWR train=0.6201  test=0.7062
09:53:02 [INFO] epoch  44  loss=0.3868  SWR train=0.6201  test=0.7062
09:53:15 [INFO] epoch  45  loss=0.3868  SWR train=0.6201  test=0.7062
09:53:29 [INFO] epoch  46  loss=0.3868  SWR train=0.6201  test=0.7062
09:53:42 [INFO] epoch  47  loss=0.3868  SWR train=0.6201  test=0.7062
09:53:55 [INFO] epoch  48  loss=0.3868  SWR train=0.6201  test=0.7062
09:54:08 [INFO] epoch  49  loss=0.3868  SWR train=0.6201  test=0.7062
09:54:22 [INFO] epoch  50  loss=0.3868  SWR train=0.6201  test=0.7062
09:54:23 [INFO] Wrote ./results/training_stability.json
